[2025-08-29T18:46:53.533+0000] {taskinstance.py:1171} INFO - Dependencies all met for <TaskInstance: etl_P2M3_muhammad_al_ghifari.load scheduled__2025-04-26T02:30:00+00:00 [queued]>
[2025-08-29T18:46:53.714+0000] {taskinstance.py:1171} INFO - Dependencies all met for <TaskInstance: etl_P2M3_muhammad_al_ghifari.load scheduled__2025-04-26T02:30:00+00:00 [queued]>
[2025-08-29T18:46:53.718+0000] {taskinstance.py:1368} INFO - 
--------------------------------------------------------------------------------
[2025-08-29T18:46:53.722+0000] {taskinstance.py:1369} INFO - Starting attempt 1 of 1
[2025-08-29T18:46:53.725+0000] {taskinstance.py:1370} INFO - 
--------------------------------------------------------------------------------
[2025-08-29T18:46:54.147+0000] {taskinstance.py:1389} INFO - Executing <Task(_PythonDecoratedOperator): load> on 2025-04-26 02:30:00+00:00
[2025-08-29T18:46:54.339+0000] {standard_task_runner.py:52} INFO - Started process 242 to run task
[2025-08-29T18:46:54.397+0000] {standard_task_runner.py:79} INFO - Running: ['***', 'tasks', 'run', 'etl_P2M3_muhammad_al_ghifari', 'load', 'scheduled__2025-04-26T02:30:00+00:00', '--job-id', '190', '--raw', '--subdir', 'DAGS_FOLDER/P2M3_muhammad_al_ghifari_DAG.py', '--cfg-path', '/tmp/tmpawrmsdm3', '--error-file', '/tmp/tmpden1s4hh']
[2025-08-29T18:46:54.453+0000] {standard_task_runner.py:80} INFO - Job 190: Subtask load
[2025-08-29T18:46:56.241+0000] {task_command.py:371} INFO - Running <TaskInstance: etl_P2M3_muhammad_al_ghifari.load scheduled__2025-04-26T02:30:00+00:00 [running]> on host b40c5a90b1e4
[2025-08-29T18:46:59.480+0000] {taskinstance.py:1583} INFO - Exporting the following env vars:
AIRFLOW_CTX_DAG_OWNER=Muhammad Al Ghifari
AIRFLOW_CTX_DAG_ID=etl_P2M3_muhammad_al_ghifari
AIRFLOW_CTX_TASK_ID=load
AIRFLOW_CTX_EXECUTION_DATE=2025-04-26T02:30:00+00:00
AIRFLOW_CTX_TRY_NUMBER=1
AIRFLOW_CTX_DAG_RUN_ID=scheduled__2025-04-26T02:30:00+00:00
[2025-08-29T18:47:05.944+0000] {base.py:271} INFO - HEAD http://elasticsearch:9200/ [status:200 request:5.135s]
[2025-08-29T18:47:06.007+0000] {logging_mixin.py:115} INFO - True
[2025-08-29T18:47:11.266+0000] {logging_mixin.py:115} WARNING - /home/***/.local/lib/python3.7/site-packages/elasticsearch/connection/base.py:208 ElasticsearchWarning: [types removal] Specifying types in document index requests is deprecated, use the typeless endpoints instead (/{index}/_doc/{id}, /{index}/_doc, or /{index}/_create/{id}).
[2025-08-29T18:47:11.285+0000] {base.py:271} INFO - POST http://elasticsearch:9200/logistics_project/doc [status:201 request:4.197s]
[2025-08-29T18:47:11.402+0000] {base.py:271} INFO - POST http://elasticsearch:9200/logistics_project/doc [status:201 request:0.054s]
[2025-08-29T18:47:11.497+0000] {base.py:271} INFO - POST http://elasticsearch:9200/logistics_project/doc [status:201 request:0.090s]
[2025-08-29T18:47:11.988+0000] {base.py:271} INFO - POST http://elasticsearch:9200/logistics_project/doc [status:201 request:0.486s]
[2025-08-29T18:47:12.077+0000] {base.py:271} INFO - POST http://elasticsearch:9200/logistics_project/doc [status:201 request:0.048s]
[2025-08-29T18:47:12.138+0000] {base.py:271} INFO - POST http://elasticsearch:9200/logistics_project/doc [status:201 request:0.057s]
[2025-08-29T18:47:12.221+0000] {base.py:271} INFO - POST http://elasticsearch:9200/logistics_project/doc [status:201 request:0.078s]
[2025-08-29T18:47:12.309+0000] {base.py:271} INFO - POST http://elasticsearch:9200/logistics_project/doc [status:201 request:0.085s]
[2025-08-29T18:47:12.638+0000] {base.py:271} INFO - POST http://elasticsearch:9200/logistics_project/doc [status:201 request:0.264s]
[2025-08-29T18:47:13.580+0000] {base.py:271} INFO - POST http://elasticsearch:9200/logistics_project/doc [status:201 request:0.771s]
[2025-08-29T18:47:13.799+0000] {base.py:271} INFO - POST http://elasticsearch:9200/logistics_project/doc [status:201 request:0.150s]
[2025-08-29T18:47:14.054+0000] {base.py:271} INFO - POST http://elasticsearch:9200/logistics_project/doc [status:201 request:0.228s]
[2025-08-29T18:47:15.181+0000] {base.py:271} INFO - POST http://elasticsearch:9200/logistics_project/doc [status:201 request:0.831s]
[2025-08-29T18:47:16.559+0000] {base.py:271} INFO - POST http://elasticsearch:9200/logistics_project/doc [status:201 request:0.744s]
[2025-08-29T18:47:16.949+0000] {base.py:271} INFO - POST http://elasticsearch:9200/logistics_project/doc [status:201 request:0.147s]
[2025-08-29T18:47:17.049+0000] {base.py:271} INFO - POST http://elasticsearch:9200/logistics_project/doc [status:201 request:0.080s]
[2025-08-29T18:47:17.687+0000] {base.py:271} INFO - POST http://elasticsearch:9200/logistics_project/doc [status:201 request:0.621s]
[2025-08-29T18:47:18.015+0000] {base.py:271} INFO - POST http://elasticsearch:9200/logistics_project/doc [status:201 request:0.165s]
[2025-08-29T18:47:18.172+0000] {base.py:271} INFO - POST http://elasticsearch:9200/logistics_project/doc [status:201 request:0.127s]
[2025-08-29T18:47:18.280+0000] {base.py:271} INFO - POST http://elasticsearch:9200/logistics_project/doc [status:201 request:0.077s]
[2025-08-29T18:47:18.354+0000] {base.py:271} INFO - POST http://elasticsearch:9200/logistics_project/doc [status:201 request:0.069s]
[2025-08-29T18:47:18.414+0000] {base.py:271} INFO - POST http://elasticsearch:9200/logistics_project/doc [status:201 request:0.053s]
[2025-08-29T18:47:18.496+0000] {base.py:271} INFO - POST http://elasticsearch:9200/logistics_project/doc [status:201 request:0.076s]
[2025-08-29T18:47:18.585+0000] {base.py:271} INFO - POST http://elasticsearch:9200/logistics_project/doc [status:201 request:0.068s]
[2025-08-29T18:47:18.644+0000] {base.py:271} INFO - POST http://elasticsearch:9200/logistics_project/doc [status:201 request:0.054s]
[2025-08-29T18:47:18.746+0000] {base.py:271} INFO - POST http://elasticsearch:9200/logistics_project/doc [status:201 request:0.053s]
[2025-08-29T18:47:18.797+0000] {base.py:271} INFO - POST http://elasticsearch:9200/logistics_project/doc [status:201 request:0.023s]
[2025-08-29T18:47:18.844+0000] {base.py:271} INFO - POST http://elasticsearch:9200/logistics_project/doc [status:201 request:0.044s]
[2025-08-29T18:47:18.940+0000] {base.py:271} INFO - POST http://elasticsearch:9200/logistics_project/doc [status:201 request:0.092s]
[2025-08-29T18:47:19.017+0000] {base.py:271} INFO - POST http://elasticsearch:9200/logistics_project/doc [status:201 request:0.063s]
[2025-08-29T18:47:19.079+0000] {base.py:271} INFO - POST http://elasticsearch:9200/logistics_project/doc [status:201 request:0.055s]
[2025-08-29T18:47:19.182+0000] {base.py:271} INFO - POST http://elasticsearch:9200/logistics_project/doc [status:201 request:0.090s]
[2025-08-29T18:47:19.246+0000] {base.py:271} INFO - POST http://elasticsearch:9200/logistics_project/doc [status:201 request:0.060s]
[2025-08-29T18:47:19.358+0000] {base.py:271} INFO - POST http://elasticsearch:9200/logistics_project/doc [status:201 request:0.109s]
[2025-08-29T18:47:19.550+0000] {base.py:271} INFO - POST http://elasticsearch:9200/logistics_project/doc [status:201 request:0.175s]
[2025-08-29T18:47:19.671+0000] {base.py:271} INFO - POST http://elasticsearch:9200/logistics_project/doc [status:201 request:0.112s]
[2025-08-29T18:47:19.730+0000] {base.py:271} INFO - POST http://elasticsearch:9200/logistics_project/doc [status:201 request:0.048s]
[2025-08-29T18:47:19.845+0000] {base.py:271} INFO - POST http://elasticsearch:9200/logistics_project/doc [status:201 request:0.101s]
[2025-08-29T18:47:19.895+0000] {base.py:271} INFO - POST http://elasticsearch:9200/logistics_project/doc [status:201 request:0.040s]
[2025-08-29T18:47:19.980+0000] {base.py:271} INFO - POST http://elasticsearch:9200/logistics_project/doc [status:201 request:0.072s]
[2025-08-29T18:47:20.051+0000] {base.py:271} INFO - POST http://elasticsearch:9200/logistics_project/doc [status:201 request:0.066s]
[2025-08-29T18:47:20.101+0000] {base.py:271} INFO - POST http://elasticsearch:9200/logistics_project/doc [status:201 request:0.039s]
[2025-08-29T18:47:20.363+0000] {base.py:271} INFO - POST http://elasticsearch:9200/logistics_project/doc [status:201 request:0.247s]
[2025-08-29T18:47:20.494+0000] {base.py:271} INFO - POST http://elasticsearch:9200/logistics_project/doc [status:201 request:0.051s]
[2025-08-29T18:47:20.645+0000] {base.py:271} INFO - POST http://elasticsearch:9200/logistics_project/doc [status:201 request:0.102s]
[2025-08-29T18:47:20.714+0000] {base.py:271} INFO - POST http://elasticsearch:9200/logistics_project/doc [status:201 request:0.060s]
[2025-08-29T18:47:20.873+0000] {base.py:271} INFO - POST http://elasticsearch:9200/logistics_project/doc [status:201 request:0.090s]
[2025-08-29T18:47:20.963+0000] {base.py:271} INFO - POST http://elasticsearch:9200/logistics_project/doc [status:201 request:0.057s]
[2025-08-29T18:47:21.010+0000] {base.py:271} INFO - POST http://elasticsearch:9200/logistics_project/doc [status:201 request:0.030s]
[2025-08-29T18:47:21.049+0000] {base.py:271} INFO - POST http://elasticsearch:9200/logistics_project/doc [status:201 request:0.035s]
[2025-08-29T18:47:21.074+0000] {base.py:271} INFO - POST http://elasticsearch:9200/logistics_project/doc [status:201 request:0.023s]
[2025-08-29T18:47:21.107+0000] {base.py:271} INFO - POST http://elasticsearch:9200/logistics_project/doc [status:201 request:0.030s]
[2025-08-29T18:47:21.149+0000] {base.py:271} INFO - POST http://elasticsearch:9200/logistics_project/doc [status:201 request:0.028s]
[2025-08-29T18:47:21.186+0000] {base.py:271} INFO - POST http://elasticsearch:9200/logistics_project/doc [status:201 request:0.034s]
[2025-08-29T18:47:21.214+0000] {base.py:271} INFO - POST http://elasticsearch:9200/logistics_project/doc [status:201 request:0.025s]
[2025-08-29T18:47:21.235+0000] {base.py:271} INFO - POST http://elasticsearch:9200/logistics_project/doc [status:201 request:0.019s]
[2025-08-29T18:47:21.260+0000] {base.py:271} INFO - POST http://elasticsearch:9200/logistics_project/doc [status:201 request:0.021s]
[2025-08-29T18:47:21.339+0000] {base.py:271} INFO - POST http://elasticsearch:9200/logistics_project/doc [status:201 request:0.072s]
[2025-08-29T18:47:21.430+0000] {base.py:271} INFO - POST http://elasticsearch:9200/logistics_project/doc [status:201 request:0.084s]
[2025-08-29T18:47:21.520+0000] {base.py:271} INFO - POST http://elasticsearch:9200/logistics_project/doc [status:201 request:0.048s]
[2025-08-29T18:47:21.976+0000] {base.py:271} INFO - POST http://elasticsearch:9200/logistics_project/doc [status:201 request:0.428s]
[2025-08-29T18:47:22.014+0000] {base.py:271} INFO - POST http://elasticsearch:9200/logistics_project/doc [status:201 request:0.025s]
[2025-08-29T18:47:22.035+0000] {base.py:271} INFO - POST http://elasticsearch:9200/logistics_project/doc [status:201 request:0.015s]
[2025-08-29T18:47:22.072+0000] {base.py:271} INFO - POST http://elasticsearch:9200/logistics_project/doc [status:201 request:0.034s]
[2025-08-29T18:47:22.113+0000] {base.py:271} INFO - POST http://elasticsearch:9200/logistics_project/doc [status:201 request:0.035s]
[2025-08-29T18:47:22.133+0000] {base.py:271} INFO - POST http://elasticsearch:9200/logistics_project/doc [status:201 request:0.019s]
[2025-08-29T18:47:22.172+0000] {base.py:271} INFO - POST http://elasticsearch:9200/logistics_project/doc [status:201 request:0.035s]
[2025-08-29T18:47:22.226+0000] {base.py:271} INFO - POST http://elasticsearch:9200/logistics_project/doc [status:201 request:0.051s]
[2025-08-29T18:47:22.296+0000] {base.py:271} INFO - POST http://elasticsearch:9200/logistics_project/doc [status:201 request:0.066s]
[2025-08-29T18:47:22.354+0000] {base.py:271} INFO - POST http://elasticsearch:9200/logistics_project/doc [status:201 request:0.042s]
[2025-08-29T18:47:22.388+0000] {base.py:271} INFO - POST http://elasticsearch:9200/logistics_project/doc [status:201 request:0.028s]
[2025-08-29T18:47:22.426+0000] {base.py:271} INFO - POST http://elasticsearch:9200/logistics_project/doc [status:201 request:0.035s]
[2025-08-29T18:47:22.466+0000] {base.py:271} INFO - POST http://elasticsearch:9200/logistics_project/doc [status:201 request:0.030s]
[2025-08-29T18:47:22.530+0000] {base.py:271} INFO - POST http://elasticsearch:9200/logistics_project/doc [status:201 request:0.050s]
[2025-08-29T18:47:22.737+0000] {base.py:271} INFO - POST http://elasticsearch:9200/logistics_project/doc [status:201 request:0.075s]
[2025-08-29T18:47:22.791+0000] {base.py:271} INFO - POST http://elasticsearch:9200/logistics_project/doc [status:201 request:0.052s]
[2025-08-29T18:47:22.872+0000] {base.py:271} INFO - POST http://elasticsearch:9200/logistics_project/doc [status:201 request:0.067s]
[2025-08-29T18:47:22.908+0000] {base.py:271} INFO - POST http://elasticsearch:9200/logistics_project/doc [status:201 request:0.032s]
[2025-08-29T18:47:23.742+0000] {base.py:271} INFO - POST http://elasticsearch:9200/logistics_project/doc [status:201 request:0.816s]
[2025-08-29T18:47:24.221+0000] {base.py:271} INFO - POST http://elasticsearch:9200/logistics_project/doc [status:201 request:0.197s]
[2025-08-29T18:47:24.288+0000] {base.py:271} INFO - POST http://elasticsearch:9200/logistics_project/doc [status:201 request:0.046s]
[2025-08-29T18:47:24.354+0000] {base.py:271} INFO - POST http://elasticsearch:9200/logistics_project/doc [status:201 request:0.058s]
[2025-08-29T18:47:24.394+0000] {base.py:271} INFO - POST http://elasticsearch:9200/logistics_project/doc [status:201 request:0.033s]
[2025-08-29T18:47:24.440+0000] {base.py:271} INFO - POST http://elasticsearch:9200/logistics_project/doc [status:201 request:0.041s]
[2025-08-29T18:47:24.492+0000] {base.py:271} INFO - POST http://elasticsearch:9200/logistics_project/doc [status:201 request:0.047s]
[2025-08-29T18:47:24.593+0000] {base.py:271} INFO - POST http://elasticsearch:9200/logistics_project/doc [status:201 request:0.083s]
[2025-08-29T18:47:24.703+0000] {base.py:271} INFO - POST http://elasticsearch:9200/logistics_project/doc [status:201 request:0.098s]
[2025-08-29T18:47:24.744+0000] {base.py:271} INFO - POST http://elasticsearch:9200/logistics_project/doc [status:201 request:0.039s]
[2025-08-29T18:47:24.831+0000] {base.py:271} INFO - POST http://elasticsearch:9200/logistics_project/doc [status:201 request:0.079s]
[2025-08-29T18:47:24.875+0000] {base.py:271} INFO - POST http://elasticsearch:9200/logistics_project/doc [status:201 request:0.036s]
[2025-08-29T18:47:24.937+0000] {base.py:271} INFO - POST http://elasticsearch:9200/logistics_project/doc [status:201 request:0.050s]
[2025-08-29T18:47:24.983+0000] {base.py:271} INFO - POST http://elasticsearch:9200/logistics_project/doc [status:201 request:0.031s]
[2025-08-29T18:47:25.042+0000] {base.py:271} INFO - POST http://elasticsearch:9200/logistics_project/doc [status:201 request:0.054s]
[2025-08-29T18:47:25.202+0000] {base.py:271} INFO - POST http://elasticsearch:9200/logistics_project/doc [status:201 request:0.153s]
[2025-08-29T18:47:25.274+0000] {base.py:271} INFO - POST http://elasticsearch:9200/logistics_project/doc [status:201 request:0.058s]
[2025-08-29T18:47:25.359+0000] {base.py:271} INFO - POST http://elasticsearch:9200/logistics_project/doc [status:201 request:0.078s]
[2025-08-29T18:47:25.421+0000] {base.py:271} INFO - POST http://elasticsearch:9200/logistics_project/doc [status:201 request:0.037s]
[2025-08-29T18:47:25.469+0000] {base.py:271} INFO - POST http://elasticsearch:9200/logistics_project/doc [status:201 request:0.045s]
[2025-08-29T18:47:25.535+0000] {base.py:271} INFO - POST http://elasticsearch:9200/logistics_project/doc [status:201 request:0.062s]
[2025-08-29T18:47:25.616+0000] {base.py:271} INFO - POST http://elasticsearch:9200/logistics_project/doc [status:201 request:0.060s]
[2025-08-29T18:47:25.680+0000] {base.py:271} INFO - POST http://elasticsearch:9200/logistics_project/doc [status:201 request:0.052s]
[2025-08-29T18:47:25.767+0000] {base.py:271} INFO - POST http://elasticsearch:9200/logistics_project/doc [status:201 request:0.082s]
[2025-08-29T18:47:26.526+0000] {base.py:271} INFO - POST http://elasticsearch:9200/logistics_project/doc [status:201 request:0.738s]
[2025-08-29T18:47:27.171+0000] {base.py:271} INFO - POST http://elasticsearch:9200/logistics_project/doc [status:201 request:0.291s]
[2025-08-29T18:47:27.651+0000] {base.py:271} INFO - POST http://elasticsearch:9200/logistics_project/doc [status:201 request:0.351s]
[2025-08-29T18:47:27.729+0000] {base.py:271} INFO - POST http://elasticsearch:9200/logistics_project/doc [status:201 request:0.051s]
[2025-08-29T18:47:27.826+0000] {base.py:271} INFO - POST http://elasticsearch:9200/logistics_project/doc [status:201 request:0.090s]
[2025-08-29T18:47:27.996+0000] {base.py:271} INFO - POST http://elasticsearch:9200/logistics_project/doc [status:201 request:0.156s]
[2025-08-29T18:47:28.077+0000] {base.py:271} INFO - POST http://elasticsearch:9200/logistics_project/doc [status:201 request:0.062s]
[2025-08-29T18:47:28.132+0000] {base.py:271} INFO - POST http://elasticsearch:9200/logistics_project/doc [status:201 request:0.045s]
[2025-08-29T18:47:28.182+0000] {base.py:271} INFO - POST http://elasticsearch:9200/logistics_project/doc [status:201 request:0.042s]
[2025-08-29T18:47:28.244+0000] {base.py:271} INFO - POST http://elasticsearch:9200/logistics_project/doc [status:201 request:0.050s]
[2025-08-29T18:47:28.298+0000] {base.py:271} INFO - POST http://elasticsearch:9200/logistics_project/doc [status:201 request:0.040s]
[2025-08-29T18:47:28.337+0000] {base.py:271} INFO - POST http://elasticsearch:9200/logistics_project/doc [status:201 request:0.025s]
[2025-08-29T18:47:28.372+0000] {base.py:271} INFO - POST http://elasticsearch:9200/logistics_project/doc [status:201 request:0.030s]
[2025-08-29T18:47:28.410+0000] {base.py:271} INFO - POST http://elasticsearch:9200/logistics_project/doc [status:201 request:0.028s]
[2025-08-29T18:47:28.445+0000] {base.py:271} INFO - POST http://elasticsearch:9200/logistics_project/doc [status:201 request:0.029s]
[2025-08-29T18:47:28.474+0000] {base.py:271} INFO - POST http://elasticsearch:9200/logistics_project/doc [status:201 request:0.026s]
[2025-08-29T18:47:28.525+0000] {base.py:271} INFO - POST http://elasticsearch:9200/logistics_project/doc [status:201 request:0.046s]
[2025-08-29T18:47:28.612+0000] {base.py:271} INFO - POST http://elasticsearch:9200/logistics_project/doc [status:201 request:0.056s]
[2025-08-29T18:47:29.014+0000] {base.py:271} INFO - POST http://elasticsearch:9200/logistics_project/doc [status:201 request:0.397s]
[2025-08-29T18:47:29.188+0000] {base.py:271} INFO - POST http://elasticsearch:9200/logistics_project/doc [status:201 request:0.112s]
[2025-08-29T18:47:29.414+0000] {base.py:271} INFO - POST http://elasticsearch:9200/logistics_project/doc [status:201 request:0.067s]
[2025-08-29T18:47:29.551+0000] {base.py:271} INFO - POST http://elasticsearch:9200/logistics_project/doc [status:201 request:0.101s]
[2025-08-29T18:47:29.809+0000] {base.py:271} INFO - POST http://elasticsearch:9200/logistics_project/doc [status:201 request:0.166s]
[2025-08-29T18:47:29.930+0000] {base.py:271} INFO - POST http://elasticsearch:9200/logistics_project/doc [status:201 request:0.063s]
[2025-08-29T18:47:29.967+0000] {base.py:271} INFO - POST http://elasticsearch:9200/logistics_project/doc [status:201 request:0.032s]
[2025-08-29T18:47:30.029+0000] {base.py:271} INFO - POST http://elasticsearch:9200/logistics_project/doc [status:201 request:0.060s]
[2025-08-29T18:47:30.612+0000] {base.py:271} INFO - POST http://elasticsearch:9200/logistics_project/doc [status:201 request:0.564s]
[2025-08-29T18:47:30.770+0000] {base.py:271} INFO - POST http://elasticsearch:9200/logistics_project/doc [status:201 request:0.072s]
[2025-08-29T18:47:30.940+0000] {base.py:271} INFO - POST http://elasticsearch:9200/logistics_project/doc [status:201 request:0.164s]
[2025-08-29T18:47:31.031+0000] {base.py:271} INFO - POST http://elasticsearch:9200/logistics_project/doc [status:201 request:0.076s]
[2025-08-29T18:47:31.082+0000] {base.py:271} INFO - POST http://elasticsearch:9200/logistics_project/doc [status:201 request:0.042s]
[2025-08-29T18:47:31.149+0000] {base.py:271} INFO - POST http://elasticsearch:9200/logistics_project/doc [status:201 request:0.055s]
[2025-08-29T18:47:31.214+0000] {base.py:271} INFO - POST http://elasticsearch:9200/logistics_project/doc [status:201 request:0.060s]
[2025-08-29T18:47:31.250+0000] {base.py:271} INFO - POST http://elasticsearch:9200/logistics_project/doc [status:201 request:0.029s]
[2025-08-29T18:47:31.331+0000] {base.py:271} INFO - POST http://elasticsearch:9200/logistics_project/doc [status:201 request:0.074s]
[2025-08-29T18:47:31.395+0000] {base.py:271} INFO - POST http://elasticsearch:9200/logistics_project/doc [status:201 request:0.057s]
[2025-08-29T18:47:31.483+0000] {base.py:271} INFO - POST http://elasticsearch:9200/logistics_project/doc [status:201 request:0.056s]
[2025-08-29T18:47:31.521+0000] {base.py:271} INFO - POST http://elasticsearch:9200/logistics_project/doc [status:201 request:0.033s]
[2025-08-29T18:47:31.852+0000] {base.py:271} INFO - POST http://elasticsearch:9200/logistics_project/doc [status:201 request:0.313s]
[2025-08-29T18:47:31.994+0000] {base.py:271} INFO - POST http://elasticsearch:9200/logistics_project/doc [status:201 request:0.090s]
[2025-08-29T18:47:32.063+0000] {base.py:271} INFO - POST http://elasticsearch:9200/logistics_project/doc [status:201 request:0.065s]
[2025-08-29T18:47:32.172+0000] {base.py:271} INFO - POST http://elasticsearch:9200/logistics_project/doc [status:201 request:0.105s]
[2025-08-29T18:47:32.236+0000] {base.py:271} INFO - POST http://elasticsearch:9200/logistics_project/doc [status:201 request:0.061s]
[2025-08-29T18:47:32.303+0000] {base.py:271} INFO - POST http://elasticsearch:9200/logistics_project/doc [status:201 request:0.062s]
[2025-08-29T18:47:32.378+0000] {base.py:271} INFO - POST http://elasticsearch:9200/logistics_project/doc [status:201 request:0.061s]
[2025-08-29T18:47:32.465+0000] {base.py:271} INFO - POST http://elasticsearch:9200/logistics_project/doc [status:201 request:0.068s]
[2025-08-29T18:47:32.616+0000] {base.py:271} INFO - POST http://elasticsearch:9200/logistics_project/doc [status:201 request:0.097s]
[2025-08-29T18:47:32.660+0000] {base.py:271} INFO - POST http://elasticsearch:9200/logistics_project/doc [status:201 request:0.036s]
[2025-08-29T18:47:32.688+0000] {base.py:271} INFO - POST http://elasticsearch:9200/logistics_project/doc [status:201 request:0.022s]
[2025-08-29T18:47:32.727+0000] {base.py:271} INFO - POST http://elasticsearch:9200/logistics_project/doc [status:201 request:0.035s]
[2025-08-29T18:47:32.795+0000] {base.py:271} INFO - POST http://elasticsearch:9200/logistics_project/doc [status:201 request:0.051s]
[2025-08-29T18:47:33.622+0000] {base.py:271} INFO - POST http://elasticsearch:9200/logistics_project/doc [status:201 request:0.765s]
[2025-08-29T18:47:34.537+0000] {base.py:271} INFO - POST http://elasticsearch:9200/logistics_project/doc [status:201 request:0.363s]
[2025-08-29T18:47:35.030+0000] {base.py:271} INFO - POST http://elasticsearch:9200/logistics_project/doc [status:201 request:0.245s]
[2025-08-29T18:47:35.206+0000] {base.py:271} INFO - POST http://elasticsearch:9200/logistics_project/doc [status:201 request:0.103s]
[2025-08-29T18:47:35.352+0000] {base.py:271} INFO - POST http://elasticsearch:9200/logistics_project/doc [status:201 request:0.078s]
[2025-08-29T18:47:35.435+0000] {base.py:271} INFO - POST http://elasticsearch:9200/logistics_project/doc [status:201 request:0.066s]
[2025-08-29T18:47:35.511+0000] {base.py:271} INFO - POST http://elasticsearch:9200/logistics_project/doc [status:201 request:0.069s]
[2025-08-29T18:47:35.563+0000] {base.py:271} INFO - POST http://elasticsearch:9200/logistics_project/doc [status:201 request:0.049s]
[2025-08-29T18:47:35.605+0000] {base.py:271} INFO - POST http://elasticsearch:9200/logistics_project/doc [status:201 request:0.038s]
[2025-08-29T18:47:35.646+0000] {base.py:271} INFO - POST http://elasticsearch:9200/logistics_project/doc [status:201 request:0.037s]
[2025-08-29T18:47:35.681+0000] {base.py:271} INFO - POST http://elasticsearch:9200/logistics_project/doc [status:201 request:0.034s]
[2025-08-29T18:47:35.714+0000] {base.py:271} INFO - POST http://elasticsearch:9200/logistics_project/doc [status:201 request:0.030s]
[2025-08-29T18:47:35.777+0000] {base.py:271} INFO - POST http://elasticsearch:9200/logistics_project/doc [status:201 request:0.057s]
[2025-08-29T18:47:36.372+0000] {base.py:271} INFO - POST http://elasticsearch:9200/logistics_project/doc [status:201 request:0.477s]
[2025-08-29T18:47:37.500+0000] {base.py:271} INFO - POST http://elasticsearch:9200/logistics_project/doc [status:201 request:0.902s]
[2025-08-29T18:47:37.789+0000] {base.py:271} INFO - POST http://elasticsearch:9200/logistics_project/doc [status:201 request:0.119s]
[2025-08-29T18:47:37.823+0000] {base.py:271} INFO - POST http://elasticsearch:9200/logistics_project/doc [status:201 request:0.024s]
[2025-08-29T18:47:37.881+0000] {base.py:271} INFO - POST http://elasticsearch:9200/logistics_project/doc [status:201 request:0.043s]
[2025-08-29T18:47:37.945+0000] {base.py:271} INFO - POST http://elasticsearch:9200/logistics_project/doc [status:201 request:0.060s]
[2025-08-29T18:47:38.194+0000] {base.py:271} INFO - POST http://elasticsearch:9200/logistics_project/doc [status:201 request:0.226s]
[2025-08-29T18:47:38.492+0000] {base.py:271} INFO - POST http://elasticsearch:9200/logistics_project/doc [status:201 request:0.096s]
[2025-08-29T18:47:38.548+0000] {base.py:271} INFO - POST http://elasticsearch:9200/logistics_project/doc [status:201 request:0.045s]
[2025-08-29T18:47:38.615+0000] {base.py:271} INFO - POST http://elasticsearch:9200/logistics_project/doc [status:201 request:0.061s]
[2025-08-29T18:47:38.684+0000] {base.py:271} INFO - POST http://elasticsearch:9200/logistics_project/doc [status:201 request:0.064s]
[2025-08-29T18:47:38.725+0000] {base.py:271} INFO - POST http://elasticsearch:9200/logistics_project/doc [status:201 request:0.023s]
[2025-08-29T18:47:38.790+0000] {base.py:271} INFO - POST http://elasticsearch:9200/logistics_project/doc [status:201 request:0.049s]
[2025-08-29T18:47:38.855+0000] {base.py:271} INFO - POST http://elasticsearch:9200/logistics_project/doc [status:201 request:0.053s]
[2025-08-29T18:47:38.949+0000] {base.py:271} INFO - POST http://elasticsearch:9200/logistics_project/doc [status:201 request:0.077s]
[2025-08-29T18:47:39.056+0000] {base.py:271} INFO - POST http://elasticsearch:9200/logistics_project/doc [status:201 request:0.097s]
[2025-08-29T18:47:39.448+0000] {base.py:271} INFO - POST http://elasticsearch:9200/logistics_project/doc [status:201 request:0.308s]
[2025-08-29T18:47:40.209+0000] {base.py:271} INFO - POST http://elasticsearch:9200/logistics_project/doc [status:201 request:0.349s]
[2025-08-29T18:47:41.369+0000] {base.py:271} INFO - POST http://elasticsearch:9200/logistics_project/doc [status:201 request:0.538s]
[2025-08-29T18:47:41.732+0000] {base.py:271} INFO - POST http://elasticsearch:9200/logistics_project/doc [status:201 request:0.191s]
[2025-08-29T18:47:41.881+0000] {base.py:271} INFO - POST http://elasticsearch:9200/logistics_project/doc [status:201 request:0.133s]
[2025-08-29T18:47:41.924+0000] {base.py:271} INFO - POST http://elasticsearch:9200/logistics_project/doc [status:201 request:0.040s]
[2025-08-29T18:47:42.005+0000] {base.py:271} INFO - POST http://elasticsearch:9200/logistics_project/doc [status:201 request:0.075s]
[2025-08-29T18:47:42.149+0000] {base.py:271} INFO - POST http://elasticsearch:9200/logistics_project/doc [status:201 request:0.104s]
[2025-08-29T18:47:42.206+0000] {base.py:271} INFO - POST http://elasticsearch:9200/logistics_project/doc [status:201 request:0.051s]
[2025-08-29T18:47:42.240+0000] {base.py:271} INFO - POST http://elasticsearch:9200/logistics_project/doc [status:201 request:0.030s]
[2025-08-29T18:47:42.322+0000] {base.py:271} INFO - POST http://elasticsearch:9200/logistics_project/doc [status:201 request:0.071s]
[2025-08-29T18:47:42.384+0000] {base.py:271} INFO - POST http://elasticsearch:9200/logistics_project/doc [status:201 request:0.058s]
[2025-08-29T18:47:42.463+0000] {base.py:271} INFO - POST http://elasticsearch:9200/logistics_project/doc [status:201 request:0.078s]
[2025-08-29T18:47:42.501+0000] {base.py:271} INFO - POST http://elasticsearch:9200/logistics_project/doc [status:201 request:0.033s]
[2025-08-29T18:47:42.561+0000] {base.py:271} INFO - POST http://elasticsearch:9200/logistics_project/doc [status:201 request:0.056s]
[2025-08-29T18:47:42.607+0000] {base.py:271} INFO - POST http://elasticsearch:9200/logistics_project/doc [status:201 request:0.037s]
[2025-08-29T18:47:42.657+0000] {base.py:271} INFO - POST http://elasticsearch:9200/logistics_project/doc [status:201 request:0.040s]
[2025-08-29T18:47:42.702+0000] {base.py:271} INFO - POST http://elasticsearch:9200/logistics_project/doc [status:201 request:0.041s]
[2025-08-29T18:47:42.759+0000] {base.py:271} INFO - POST http://elasticsearch:9200/logistics_project/doc [status:201 request:0.046s]
[2025-08-29T18:47:42.828+0000] {base.py:271} INFO - POST http://elasticsearch:9200/logistics_project/doc [status:201 request:0.054s]
[2025-08-29T18:47:42.913+0000] {base.py:271} INFO - POST http://elasticsearch:9200/logistics_project/doc [status:201 request:0.067s]
[2025-08-29T18:47:42.968+0000] {base.py:271} INFO - POST http://elasticsearch:9200/logistics_project/doc [status:201 request:0.053s]
[2025-08-29T18:47:43.008+0000] {base.py:271} INFO - POST http://elasticsearch:9200/logistics_project/doc [status:201 request:0.038s]
[2025-08-29T18:47:43.062+0000] {base.py:271} INFO - POST http://elasticsearch:9200/logistics_project/doc [status:201 request:0.046s]
[2025-08-29T18:47:43.107+0000] {base.py:271} INFO - POST http://elasticsearch:9200/logistics_project/doc [status:201 request:0.036s]
[2025-08-29T18:47:43.165+0000] {base.py:271} INFO - POST http://elasticsearch:9200/logistics_project/doc [status:201 request:0.048s]
[2025-08-29T18:47:43.229+0000] {base.py:271} INFO - POST http://elasticsearch:9200/logistics_project/doc [status:201 request:0.055s]
[2025-08-29T18:47:43.285+0000] {base.py:271} INFO - POST http://elasticsearch:9200/logistics_project/doc [status:201 request:0.050s]
[2025-08-29T18:47:43.345+0000] {base.py:271} INFO - POST http://elasticsearch:9200/logistics_project/doc [status:201 request:0.053s]
[2025-08-29T18:47:43.410+0000] {base.py:271} INFO - POST http://elasticsearch:9200/logistics_project/doc [status:201 request:0.063s]
[2025-08-29T18:47:43.470+0000] {base.py:271} INFO - POST http://elasticsearch:9200/logistics_project/doc [status:201 request:0.056s]
[2025-08-29T18:47:43.521+0000] {base.py:271} INFO - POST http://elasticsearch:9200/logistics_project/doc [status:201 request:0.045s]
[2025-08-29T18:47:43.561+0000] {base.py:271} INFO - POST http://elasticsearch:9200/logistics_project/doc [status:201 request:0.033s]
[2025-08-29T18:47:43.603+0000] {base.py:271} INFO - POST http://elasticsearch:9200/logistics_project/doc [status:201 request:0.040s]
[2025-08-29T18:47:43.665+0000] {base.py:271} INFO - POST http://elasticsearch:9200/logistics_project/doc [status:201 request:0.048s]
[2025-08-29T18:47:43.743+0000] {base.py:271} INFO - POST http://elasticsearch:9200/logistics_project/doc [status:201 request:0.045s]
[2025-08-29T18:47:43.898+0000] {base.py:271} INFO - POST http://elasticsearch:9200/logistics_project/doc [status:201 request:0.143s]
[2025-08-29T18:47:44.012+0000] {base.py:271} INFO - POST http://elasticsearch:9200/logistics_project/doc [status:201 request:0.086s]
[2025-08-29T18:47:44.079+0000] {base.py:271} INFO - POST http://elasticsearch:9200/logistics_project/doc [status:201 request:0.065s]
[2025-08-29T18:47:44.119+0000] {base.py:271} INFO - POST http://elasticsearch:9200/logistics_project/doc [status:201 request:0.030s]
[2025-08-29T18:47:44.181+0000] {base.py:271} INFO - POST http://elasticsearch:9200/logistics_project/doc [status:201 request:0.058s]
[2025-08-29T18:47:44.300+0000] {base.py:271} INFO - POST http://elasticsearch:9200/logistics_project/doc [status:201 request:0.090s]
[2025-08-29T18:47:44.432+0000] {base.py:271} INFO - POST http://elasticsearch:9200/logistics_project/doc [status:201 request:0.111s]
[2025-08-29T18:47:44.460+0000] {base.py:271} INFO - POST http://elasticsearch:9200/logistics_project/doc [status:201 request:0.025s]
[2025-08-29T18:47:44.514+0000] {base.py:271} INFO - POST http://elasticsearch:9200/logistics_project/doc [status:201 request:0.049s]
[2025-08-29T18:47:44.585+0000] {base.py:271} INFO - POST http://elasticsearch:9200/logistics_project/doc [status:201 request:0.070s]
[2025-08-29T18:47:44.663+0000] {base.py:271} INFO - POST http://elasticsearch:9200/logistics_project/doc [status:201 request:0.056s]
[2025-08-29T18:47:44.711+0000] {base.py:271} INFO - POST http://elasticsearch:9200/logistics_project/doc [status:201 request:0.043s]
[2025-08-29T18:47:44.755+0000] {base.py:271} INFO - POST http://elasticsearch:9200/logistics_project/doc [status:201 request:0.038s]
[2025-08-29T18:47:44.860+0000] {base.py:271} INFO - POST http://elasticsearch:9200/logistics_project/doc [status:201 request:0.048s]
[2025-08-29T18:47:44.942+0000] {base.py:271} INFO - POST http://elasticsearch:9200/logistics_project/doc [status:201 request:0.076s]
[2025-08-29T18:47:45.037+0000] {base.py:271} INFO - POST http://elasticsearch:9200/logistics_project/doc [status:201 request:0.091s]
[2025-08-29T18:47:45.243+0000] {base.py:271} INFO - POST http://elasticsearch:9200/logistics_project/doc [status:201 request:0.195s]
[2025-08-29T18:47:45.296+0000] {base.py:271} INFO - POST http://elasticsearch:9200/logistics_project/doc [status:201 request:0.046s]
[2025-08-29T18:47:45.332+0000] {base.py:271} INFO - POST http://elasticsearch:9200/logistics_project/doc [status:201 request:0.022s]
[2025-08-29T18:47:45.471+0000] {base.py:271} INFO - POST http://elasticsearch:9200/logistics_project/doc [status:201 request:0.108s]
[2025-08-29T18:47:46.824+0000] {base.py:271} INFO - POST http://elasticsearch:9200/logistics_project/doc [status:201 request:1.330s]
[2025-08-29T18:47:46.916+0000] {base.py:271} INFO - POST http://elasticsearch:9200/logistics_project/doc [status:201 request:0.063s]
[2025-08-29T18:47:46.971+0000] {base.py:271} INFO - POST http://elasticsearch:9200/logistics_project/doc [status:201 request:0.033s]
[2025-08-29T18:47:47.068+0000] {base.py:271} INFO - POST http://elasticsearch:9200/logistics_project/doc [status:201 request:0.092s]
[2025-08-29T18:47:47.141+0000] {base.py:271} INFO - POST http://elasticsearch:9200/logistics_project/doc [status:201 request:0.073s]
[2025-08-29T18:47:47.185+0000] {base.py:271} INFO - POST http://elasticsearch:9200/logistics_project/doc [status:201 request:0.042s]
[2025-08-29T18:47:47.228+0000] {base.py:271} INFO - POST http://elasticsearch:9200/logistics_project/doc [status:201 request:0.043s]
[2025-08-29T18:47:47.283+0000] {base.py:271} INFO - POST http://elasticsearch:9200/logistics_project/doc [status:201 request:0.055s]
[2025-08-29T18:47:47.346+0000] {base.py:271} INFO - POST http://elasticsearch:9200/logistics_project/doc [status:201 request:0.054s]
[2025-08-29T18:47:47.402+0000] {base.py:271} INFO - POST http://elasticsearch:9200/logistics_project/doc [status:201 request:0.050s]
[2025-08-29T18:47:47.452+0000] {base.py:271} INFO - POST http://elasticsearch:9200/logistics_project/doc [status:201 request:0.049s]
[2025-08-29T18:47:47.518+0000] {base.py:271} INFO - POST http://elasticsearch:9200/logistics_project/doc [status:201 request:0.051s]
[2025-08-29T18:47:47.589+0000] {base.py:271} INFO - POST http://elasticsearch:9200/logistics_project/doc [status:201 request:0.061s]
[2025-08-29T18:47:47.645+0000] {base.py:271} INFO - POST http://elasticsearch:9200/logistics_project/doc [status:201 request:0.046s]
[2025-08-29T18:47:47.688+0000] {base.py:271} INFO - POST http://elasticsearch:9200/logistics_project/doc [status:201 request:0.042s]
[2025-08-29T18:47:47.745+0000] {base.py:271} INFO - POST http://elasticsearch:9200/logistics_project/doc [status:201 request:0.056s]
[2025-08-29T18:47:47.802+0000] {base.py:271} INFO - POST http://elasticsearch:9200/logistics_project/doc [status:201 request:0.050s]
[2025-08-29T18:47:47.883+0000] {base.py:271} INFO - POST http://elasticsearch:9200/logistics_project/doc [status:201 request:0.070s]
[2025-08-29T18:47:47.938+0000] {base.py:271} INFO - POST http://elasticsearch:9200/logistics_project/doc [status:201 request:0.049s]
[2025-08-29T18:47:47.970+0000] {base.py:271} INFO - POST http://elasticsearch:9200/logistics_project/doc [status:201 request:0.031s]
[2025-08-29T18:47:48.011+0000] {base.py:271} INFO - POST http://elasticsearch:9200/logistics_project/doc [status:201 request:0.036s]
[2025-08-29T18:47:48.058+0000] {base.py:271} INFO - POST http://elasticsearch:9200/logistics_project/doc [status:201 request:0.035s]
[2025-08-29T18:47:48.116+0000] {base.py:271} INFO - POST http://elasticsearch:9200/logistics_project/doc [status:201 request:0.045s]
[2025-08-29T18:47:48.151+0000] {base.py:271} INFO - POST http://elasticsearch:9200/logistics_project/doc [status:201 request:0.028s]
[2025-08-29T18:47:48.191+0000] {base.py:271} INFO - POST http://elasticsearch:9200/logistics_project/doc [status:201 request:0.037s]
[2025-08-29T18:47:48.233+0000] {base.py:271} INFO - POST http://elasticsearch:9200/logistics_project/doc [status:201 request:0.040s]
[2025-08-29T18:47:48.260+0000] {base.py:271} INFO - POST http://elasticsearch:9200/logistics_project/doc [status:201 request:0.024s]
[2025-08-29T18:47:48.300+0000] {base.py:271} INFO - POST http://elasticsearch:9200/logistics_project/doc [status:201 request:0.038s]
[2025-08-29T18:47:48.332+0000] {base.py:271} INFO - POST http://elasticsearch:9200/logistics_project/doc [status:201 request:0.029s]
[2025-08-29T18:47:48.368+0000] {base.py:271} INFO - POST http://elasticsearch:9200/logistics_project/doc [status:201 request:0.034s]
[2025-08-29T18:47:48.417+0000] {base.py:271} INFO - POST http://elasticsearch:9200/logistics_project/doc [status:201 request:0.044s]
[2025-08-29T18:47:48.458+0000] {base.py:271} INFO - POST http://elasticsearch:9200/logistics_project/doc [status:201 request:0.037s]
[2025-08-29T18:47:48.482+0000] {base.py:271} INFO - POST http://elasticsearch:9200/logistics_project/doc [status:201 request:0.022s]
[2025-08-29T18:47:48.543+0000] {base.py:271} INFO - POST http://elasticsearch:9200/logistics_project/doc [status:201 request:0.057s]
[2025-08-29T18:47:48.608+0000] {base.py:271} INFO - POST http://elasticsearch:9200/logistics_project/doc [status:201 request:0.045s]
[2025-08-29T18:47:48.638+0000] {base.py:271} INFO - POST http://elasticsearch:9200/logistics_project/doc [status:201 request:0.025s]
[2025-08-29T18:47:48.677+0000] {base.py:271} INFO - POST http://elasticsearch:9200/logistics_project/doc [status:201 request:0.033s]
[2025-08-29T18:47:48.712+0000] {base.py:271} INFO - POST http://elasticsearch:9200/logistics_project/doc [status:201 request:0.033s]
[2025-08-29T18:47:48.750+0000] {base.py:271} INFO - POST http://elasticsearch:9200/logistics_project/doc [status:201 request:0.035s]
[2025-08-29T18:47:48.793+0000] {base.py:271} INFO - POST http://elasticsearch:9200/logistics_project/doc [status:201 request:0.037s]
[2025-08-29T18:47:48.830+0000] {base.py:271} INFO - POST http://elasticsearch:9200/logistics_project/doc [status:201 request:0.033s]
[2025-08-29T18:47:48.870+0000] {base.py:271} INFO - POST http://elasticsearch:9200/logistics_project/doc [status:201 request:0.038s]
[2025-08-29T18:47:48.892+0000] {base.py:271} INFO - POST http://elasticsearch:9200/logistics_project/doc [status:201 request:0.020s]
[2025-08-29T18:47:48.918+0000] {base.py:271} INFO - POST http://elasticsearch:9200/logistics_project/doc [status:201 request:0.022s]
[2025-08-29T18:47:48.935+0000] {base.py:271} INFO - POST http://elasticsearch:9200/logistics_project/doc [status:201 request:0.012s]
[2025-08-29T18:47:48.987+0000] {base.py:271} INFO - POST http://elasticsearch:9200/logistics_project/doc [status:201 request:0.050s]
[2025-08-29T18:47:49.028+0000] {base.py:271} INFO - POST http://elasticsearch:9200/logistics_project/doc [status:201 request:0.038s]
[2025-08-29T18:47:49.084+0000] {base.py:271} INFO - POST http://elasticsearch:9200/logistics_project/doc [status:201 request:0.049s]
[2025-08-29T18:47:49.155+0000] {base.py:271} INFO - POST http://elasticsearch:9200/logistics_project/doc [status:201 request:0.053s]
[2025-08-29T18:47:49.228+0000] {base.py:271} INFO - POST http://elasticsearch:9200/logistics_project/doc [status:201 request:0.066s]
[2025-08-29T18:47:49.277+0000] {base.py:271} INFO - POST http://elasticsearch:9200/logistics_project/doc [status:201 request:0.044s]
[2025-08-29T18:47:49.343+0000] {base.py:271} INFO - POST http://elasticsearch:9200/logistics_project/doc [status:201 request:0.053s]
[2025-08-29T18:47:49.380+0000] {base.py:271} INFO - POST http://elasticsearch:9200/logistics_project/doc [status:201 request:0.032s]
[2025-08-29T18:47:49.420+0000] {base.py:271} INFO - POST http://elasticsearch:9200/logistics_project/doc [status:201 request:0.035s]
[2025-08-29T18:47:49.461+0000] {base.py:271} INFO - POST http://elasticsearch:9200/logistics_project/doc [status:201 request:0.038s]
[2025-08-29T18:47:49.550+0000] {base.py:271} INFO - POST http://elasticsearch:9200/logistics_project/doc [status:201 request:0.085s]
[2025-08-29T18:47:49.620+0000] {base.py:271} INFO - POST http://elasticsearch:9200/logistics_project/doc [status:201 request:0.062s]
[2025-08-29T18:47:49.691+0000] {base.py:271} INFO - POST http://elasticsearch:9200/logistics_project/doc [status:201 request:0.062s]
[2025-08-29T18:47:49.722+0000] {base.py:271} INFO - POST http://elasticsearch:9200/logistics_project/doc [status:201 request:0.021s]
[2025-08-29T18:47:49.787+0000] {base.py:271} INFO - POST http://elasticsearch:9200/logistics_project/doc [status:201 request:0.058s]
[2025-08-29T18:47:49.813+0000] {base.py:271} INFO - POST http://elasticsearch:9200/logistics_project/doc [status:201 request:0.022s]
[2025-08-29T18:47:49.832+0000] {base.py:271} INFO - POST http://elasticsearch:9200/logistics_project/doc [status:201 request:0.017s]
[2025-08-29T18:47:49.863+0000] {base.py:271} INFO - POST http://elasticsearch:9200/logistics_project/doc [status:201 request:0.023s]
[2025-08-29T18:47:49.891+0000] {base.py:271} INFO - POST http://elasticsearch:9200/logistics_project/doc [status:201 request:0.025s]
[2025-08-29T18:47:49.911+0000] {base.py:271} INFO - POST http://elasticsearch:9200/logistics_project/doc [status:201 request:0.018s]
[2025-08-29T18:47:49.923+0000] {base.py:271} INFO - POST http://elasticsearch:9200/logistics_project/doc [status:201 request:0.010s]
[2025-08-29T18:47:49.947+0000] {base.py:271} INFO - POST http://elasticsearch:9200/logistics_project/doc [status:201 request:0.021s]
[2025-08-29T18:47:49.984+0000] {base.py:271} INFO - POST http://elasticsearch:9200/logistics_project/doc [status:201 request:0.034s]
[2025-08-29T18:47:50.026+0000] {base.py:271} INFO - POST http://elasticsearch:9200/logistics_project/doc [status:201 request:0.041s]
[2025-08-29T18:47:50.066+0000] {base.py:271} INFO - POST http://elasticsearch:9200/logistics_project/doc [status:201 request:0.037s]
[2025-08-29T18:47:50.114+0000] {base.py:271} INFO - POST http://elasticsearch:9200/logistics_project/doc [status:201 request:0.046s]
[2025-08-29T18:47:50.534+0000] {base.py:271} INFO - POST http://elasticsearch:9200/logistics_project/doc [status:201 request:0.372s]
[2025-08-29T18:47:50.768+0000] {base.py:271} INFO - POST http://elasticsearch:9200/logistics_project/doc [status:201 request:0.057s]
[2025-08-29T18:47:51.198+0000] {base.py:271} INFO - POST http://elasticsearch:9200/logistics_project/doc [status:201 request:0.336s]
[2025-08-29T18:47:51.403+0000] {base.py:271} INFO - POST http://elasticsearch:9200/logistics_project/doc [status:201 request:0.062s]
[2025-08-29T18:47:51.502+0000] {base.py:271} INFO - POST http://elasticsearch:9200/logistics_project/doc [status:201 request:0.091s]
[2025-08-29T18:47:51.561+0000] {base.py:271} INFO - POST http://elasticsearch:9200/logistics_project/doc [status:201 request:0.035s]
[2025-08-29T18:47:51.619+0000] {base.py:271} INFO - POST http://elasticsearch:9200/logistics_project/doc [status:201 request:0.050s]
[2025-08-29T18:47:51.680+0000] {base.py:271} INFO - POST http://elasticsearch:9200/logistics_project/doc [status:201 request:0.054s]
[2025-08-29T18:47:51.720+0000] {base.py:271} INFO - POST http://elasticsearch:9200/logistics_project/doc [status:201 request:0.036s]
[2025-08-29T18:47:51.768+0000] {base.py:271} INFO - POST http://elasticsearch:9200/logistics_project/doc [status:201 request:0.043s]
[2025-08-29T18:47:51.827+0000] {base.py:271} INFO - POST http://elasticsearch:9200/logistics_project/doc [status:201 request:0.056s]
[2025-08-29T18:47:51.954+0000] {base.py:271} INFO - POST http://elasticsearch:9200/logistics_project/doc [status:201 request:0.116s]
[2025-08-29T18:47:52.024+0000] {base.py:271} INFO - POST http://elasticsearch:9200/logistics_project/doc [status:201 request:0.065s]
[2025-08-29T18:47:52.099+0000] {base.py:271} INFO - POST http://elasticsearch:9200/logistics_project/doc [status:201 request:0.069s]
[2025-08-29T18:47:52.406+0000] {base.py:271} INFO - POST http://elasticsearch:9200/logistics_project/doc [status:201 request:0.303s]
[2025-08-29T18:47:52.511+0000] {base.py:271} INFO - POST http://elasticsearch:9200/logistics_project/doc [status:201 request:0.078s]
[2025-08-29T18:47:52.553+0000] {base.py:271} INFO - POST http://elasticsearch:9200/logistics_project/doc [status:201 request:0.038s]
[2025-08-29T18:47:52.601+0000] {base.py:271} INFO - POST http://elasticsearch:9200/logistics_project/doc [status:201 request:0.041s]
[2025-08-29T18:47:52.644+0000] {base.py:271} INFO - POST http://elasticsearch:9200/logistics_project/doc [status:201 request:0.036s]
[2025-08-29T18:47:52.683+0000] {base.py:271} INFO - POST http://elasticsearch:9200/logistics_project/doc [status:201 request:0.028s]
[2025-08-29T18:47:52.722+0000] {base.py:271} INFO - POST http://elasticsearch:9200/logistics_project/doc [status:201 request:0.031s]
[2025-08-29T18:47:52.774+0000] {base.py:271} INFO - POST http://elasticsearch:9200/logistics_project/doc [status:201 request:0.046s]
[2025-08-29T18:47:52.805+0000] {base.py:271} INFO - POST http://elasticsearch:9200/logistics_project/doc [status:201 request:0.023s]
[2025-08-29T18:47:52.884+0000] {base.py:271} INFO - POST http://elasticsearch:9200/logistics_project/doc [status:201 request:0.074s]
[2025-08-29T18:47:52.932+0000] {base.py:271} INFO - POST http://elasticsearch:9200/logistics_project/doc [status:201 request:0.040s]
[2025-08-29T18:47:52.992+0000] {base.py:271} INFO - POST http://elasticsearch:9200/logistics_project/doc [status:201 request:0.050s]
[2025-08-29T18:47:53.050+0000] {base.py:271} INFO - POST http://elasticsearch:9200/logistics_project/doc [status:201 request:0.053s]
[2025-08-29T18:47:53.127+0000] {base.py:271} INFO - POST http://elasticsearch:9200/logistics_project/doc [status:201 request:0.072s]
[2025-08-29T18:47:53.160+0000] {base.py:271} INFO - POST http://elasticsearch:9200/logistics_project/doc [status:201 request:0.023s]
[2025-08-29T18:47:53.249+0000] {base.py:271} INFO - POST http://elasticsearch:9200/logistics_project/doc [status:201 request:0.086s]
[2025-08-29T18:47:53.329+0000] {base.py:271} INFO - POST http://elasticsearch:9200/logistics_project/doc [status:201 request:0.030s]
[2025-08-29T18:47:53.377+0000] {base.py:271} INFO - POST http://elasticsearch:9200/logistics_project/doc [status:201 request:0.038s]
[2025-08-29T18:47:53.425+0000] {base.py:271} INFO - POST http://elasticsearch:9200/logistics_project/doc [status:201 request:0.039s]
[2025-08-29T18:47:53.456+0000] {base.py:271} INFO - POST http://elasticsearch:9200/logistics_project/doc [status:201 request:0.029s]
[2025-08-29T18:47:53.491+0000] {base.py:271} INFO - POST http://elasticsearch:9200/logistics_project/doc [status:201 request:0.027s]
[2025-08-29T18:47:53.508+0000] {base.py:271} INFO - POST http://elasticsearch:9200/logistics_project/doc [status:201 request:0.013s]
[2025-08-29T18:47:53.556+0000] {base.py:271} INFO - POST http://elasticsearch:9200/logistics_project/doc [status:201 request:0.045s]
[2025-08-29T18:47:53.603+0000] {base.py:271} INFO - POST http://elasticsearch:9200/logistics_project/doc [status:201 request:0.038s]
[2025-08-29T18:47:53.635+0000] {base.py:271} INFO - POST http://elasticsearch:9200/logistics_project/doc [status:201 request:0.027s]
[2025-08-29T18:47:53.680+0000] {base.py:271} INFO - POST http://elasticsearch:9200/logistics_project/doc [status:201 request:0.040s]
[2025-08-29T18:47:53.758+0000] {base.py:271} INFO - POST http://elasticsearch:9200/logistics_project/doc [status:201 request:0.074s]
[2025-08-29T18:47:53.800+0000] {base.py:271} INFO - POST http://elasticsearch:9200/logistics_project/doc [status:201 request:0.037s]
[2025-08-29T18:47:53.838+0000] {base.py:271} INFO - POST http://elasticsearch:9200/logistics_project/doc [status:201 request:0.033s]
[2025-08-29T18:47:53.868+0000] {base.py:271} INFO - POST http://elasticsearch:9200/logistics_project/doc [status:201 request:0.019s]
[2025-08-29T18:47:53.902+0000] {base.py:271} INFO - POST http://elasticsearch:9200/logistics_project/doc [status:201 request:0.031s]
[2025-08-29T18:47:53.929+0000] {base.py:271} INFO - POST http://elasticsearch:9200/logistics_project/doc [status:201 request:0.021s]
[2025-08-29T18:47:53.955+0000] {base.py:271} INFO - POST http://elasticsearch:9200/logistics_project/doc [status:201 request:0.022s]
[2025-08-29T18:47:53.979+0000] {base.py:271} INFO - POST http://elasticsearch:9200/logistics_project/doc [status:201 request:0.021s]
[2025-08-29T18:47:54.014+0000] {base.py:271} INFO - POST http://elasticsearch:9200/logistics_project/doc [status:201 request:0.029s]
[2025-08-29T18:47:54.059+0000] {base.py:271} INFO - POST http://elasticsearch:9200/logistics_project/doc [status:201 request:0.035s]
[2025-08-29T18:47:54.109+0000] {base.py:271} INFO - POST http://elasticsearch:9200/logistics_project/doc [status:201 request:0.038s]
[2025-08-29T18:47:54.140+0000] {base.py:271} INFO - POST http://elasticsearch:9200/logistics_project/doc [status:201 request:0.028s]
[2025-08-29T18:47:54.173+0000] {base.py:271} INFO - POST http://elasticsearch:9200/logistics_project/doc [status:201 request:0.027s]
[2025-08-29T18:47:54.206+0000] {base.py:271} INFO - POST http://elasticsearch:9200/logistics_project/doc [status:201 request:0.028s]
[2025-08-29T18:47:54.253+0000] {base.py:271} INFO - POST http://elasticsearch:9200/logistics_project/doc [status:201 request:0.043s]
[2025-08-29T18:47:54.321+0000] {base.py:271} INFO - POST http://elasticsearch:9200/logistics_project/doc [status:201 request:0.051s]
[2025-08-29T18:47:54.400+0000] {base.py:271} INFO - POST http://elasticsearch:9200/logistics_project/doc [status:201 request:0.066s]
[2025-08-29T18:47:54.441+0000] {base.py:271} INFO - POST http://elasticsearch:9200/logistics_project/doc [status:201 request:0.032s]
[2025-08-29T18:47:54.472+0000] {base.py:271} INFO - POST http://elasticsearch:9200/logistics_project/doc [status:201 request:0.030s]
[2025-08-29T18:47:54.510+0000] {base.py:271} INFO - POST http://elasticsearch:9200/logistics_project/doc [status:201 request:0.031s]
[2025-08-29T18:47:54.559+0000] {base.py:271} INFO - POST http://elasticsearch:9200/logistics_project/doc [status:201 request:0.043s]
[2025-08-29T18:47:54.588+0000] {base.py:271} INFO - POST http://elasticsearch:9200/logistics_project/doc [status:201 request:0.021s]
[2025-08-29T18:47:54.628+0000] {base.py:271} INFO - POST http://elasticsearch:9200/logistics_project/doc [status:201 request:0.037s]
[2025-08-29T18:47:54.658+0000] {base.py:271} INFO - POST http://elasticsearch:9200/logistics_project/doc [status:201 request:0.028s]
[2025-08-29T18:47:54.697+0000] {base.py:271} INFO - POST http://elasticsearch:9200/logistics_project/doc [status:201 request:0.023s]
[2025-08-29T18:47:54.738+0000] {base.py:271} INFO - POST http://elasticsearch:9200/logistics_project/doc [status:201 request:0.034s]
[2025-08-29T18:47:54.785+0000] {base.py:271} INFO - POST http://elasticsearch:9200/logistics_project/doc [status:201 request:0.042s]
[2025-08-29T18:47:54.845+0000] {base.py:271} INFO - POST http://elasticsearch:9200/logistics_project/doc [status:201 request:0.048s]
[2025-08-29T18:47:54.913+0000] {base.py:271} INFO - POST http://elasticsearch:9200/logistics_project/doc [status:201 request:0.065s]
[2025-08-29T18:47:54.946+0000] {base.py:271} INFO - POST http://elasticsearch:9200/logistics_project/doc [status:201 request:0.028s]
[2025-08-29T18:47:54.991+0000] {base.py:271} INFO - POST http://elasticsearch:9200/logistics_project/doc [status:201 request:0.041s]
[2025-08-29T18:47:55.074+0000] {base.py:271} INFO - POST http://elasticsearch:9200/logistics_project/doc [status:201 request:0.077s]
[2025-08-29T18:47:55.129+0000] {base.py:271} INFO - POST http://elasticsearch:9200/logistics_project/doc [status:201 request:0.048s]
[2025-08-29T18:47:55.159+0000] {base.py:271} INFO - POST http://elasticsearch:9200/logistics_project/doc [status:201 request:0.027s]
[2025-08-29T18:47:55.207+0000] {base.py:271} INFO - POST http://elasticsearch:9200/logistics_project/doc [status:201 request:0.045s]
[2025-08-29T18:47:55.269+0000] {base.py:271} INFO - POST http://elasticsearch:9200/logistics_project/doc [status:201 request:0.054s]
[2025-08-29T18:47:55.376+0000] {base.py:271} INFO - POST http://elasticsearch:9200/logistics_project/doc [status:201 request:0.105s]
[2025-08-29T18:47:55.427+0000] {base.py:271} INFO - POST http://elasticsearch:9200/logistics_project/doc [status:201 request:0.034s]
[2025-08-29T18:47:55.469+0000] {base.py:271} INFO - POST http://elasticsearch:9200/logistics_project/doc [status:201 request:0.038s]
[2025-08-29T18:47:55.505+0000] {base.py:271} INFO - POST http://elasticsearch:9200/logistics_project/doc [status:201 request:0.024s]
[2025-08-29T18:47:55.549+0000] {base.py:271} INFO - POST http://elasticsearch:9200/logistics_project/doc [status:201 request:0.042s]
[2025-08-29T18:47:55.666+0000] {base.py:271} INFO - POST http://elasticsearch:9200/logistics_project/doc [status:201 request:0.114s]
[2025-08-29T18:47:55.724+0000] {base.py:271} INFO - POST http://elasticsearch:9200/logistics_project/doc [status:201 request:0.054s]
[2025-08-29T18:47:55.770+0000] {base.py:271} INFO - POST http://elasticsearch:9200/logistics_project/doc [status:201 request:0.024s]
[2025-08-29T18:47:55.786+0000] {base.py:271} INFO - POST http://elasticsearch:9200/logistics_project/doc [status:201 request:0.014s]
[2025-08-29T18:47:55.818+0000] {base.py:271} INFO - POST http://elasticsearch:9200/logistics_project/doc [status:201 request:0.029s]
[2025-08-29T18:47:55.849+0000] {base.py:271} INFO - POST http://elasticsearch:9200/logistics_project/doc [status:201 request:0.022s]
[2025-08-29T18:47:55.889+0000] {base.py:271} INFO - POST http://elasticsearch:9200/logistics_project/doc [status:201 request:0.032s]
[2025-08-29T18:47:55.914+0000] {base.py:271} INFO - POST http://elasticsearch:9200/logistics_project/doc [status:201 request:0.020s]
[2025-08-29T18:47:55.931+0000] {base.py:271} INFO - POST http://elasticsearch:9200/logistics_project/doc [status:201 request:0.015s]
[2025-08-29T18:47:55.960+0000] {base.py:271} INFO - POST http://elasticsearch:9200/logistics_project/doc [status:201 request:0.027s]
[2025-08-29T18:47:55.989+0000] {base.py:271} INFO - POST http://elasticsearch:9200/logistics_project/doc [status:201 request:0.027s]
[2025-08-29T18:47:56.022+0000] {base.py:271} INFO - POST http://elasticsearch:9200/logistics_project/doc [status:201 request:0.031s]
[2025-08-29T18:47:56.045+0000] {base.py:271} INFO - POST http://elasticsearch:9200/logistics_project/doc [status:201 request:0.020s]
[2025-08-29T18:47:56.072+0000] {base.py:271} INFO - POST http://elasticsearch:9200/logistics_project/doc [status:201 request:0.021s]
[2025-08-29T18:47:56.100+0000] {base.py:271} INFO - POST http://elasticsearch:9200/logistics_project/doc [status:201 request:0.020s]
[2025-08-29T18:47:56.118+0000] {base.py:271} INFO - POST http://elasticsearch:9200/logistics_project/doc [status:201 request:0.017s]
[2025-08-29T18:47:56.147+0000] {base.py:271} INFO - POST http://elasticsearch:9200/logistics_project/doc [status:201 request:0.025s]
[2025-08-29T18:47:56.170+0000] {base.py:271} INFO - POST http://elasticsearch:9200/logistics_project/doc [status:201 request:0.021s]
[2025-08-29T18:47:56.220+0000] {base.py:271} INFO - POST http://elasticsearch:9200/logistics_project/doc [status:201 request:0.047s]
[2025-08-29T18:47:56.272+0000] {base.py:271} INFO - POST http://elasticsearch:9200/logistics_project/doc [status:201 request:0.038s]
[2025-08-29T18:47:56.357+0000] {base.py:271} INFO - POST http://elasticsearch:9200/logistics_project/doc [status:201 request:0.057s]
[2025-08-29T18:47:56.412+0000] {base.py:271} INFO - POST http://elasticsearch:9200/logistics_project/doc [status:201 request:0.047s]
[2025-08-29T18:47:56.454+0000] {base.py:271} INFO - POST http://elasticsearch:9200/logistics_project/doc [status:201 request:0.033s]
[2025-08-29T18:47:56.490+0000] {base.py:271} INFO - POST http://elasticsearch:9200/logistics_project/doc [status:201 request:0.032s]
[2025-08-29T18:47:56.545+0000] {base.py:271} INFO - POST http://elasticsearch:9200/logistics_project/doc [status:201 request:0.050s]
[2025-08-29T18:47:56.648+0000] {base.py:271} INFO - POST http://elasticsearch:9200/logistics_project/doc [status:201 request:0.101s]
[2025-08-29T18:47:56.738+0000] {base.py:271} INFO - POST http://elasticsearch:9200/logistics_project/doc [status:201 request:0.076s]
[2025-08-29T18:47:56.789+0000] {base.py:271} INFO - POST http://elasticsearch:9200/logistics_project/doc [status:201 request:0.047s]
[2025-08-29T18:47:56.823+0000] {base.py:271} INFO - POST http://elasticsearch:9200/logistics_project/doc [status:201 request:0.030s]
[2025-08-29T18:47:56.870+0000] {base.py:271} INFO - POST http://elasticsearch:9200/logistics_project/doc [status:201 request:0.036s]
[2025-08-29T18:47:56.903+0000] {base.py:271} INFO - POST http://elasticsearch:9200/logistics_project/doc [status:201 request:0.028s]
[2025-08-29T18:47:56.938+0000] {base.py:271} INFO - POST http://elasticsearch:9200/logistics_project/doc [status:201 request:0.034s]
[2025-08-29T18:47:56.962+0000] {base.py:271} INFO - POST http://elasticsearch:9200/logistics_project/doc [status:201 request:0.022s]
[2025-08-29T18:47:57.002+0000] {base.py:271} INFO - POST http://elasticsearch:9200/logistics_project/doc [status:201 request:0.038s]
[2025-08-29T18:47:57.113+0000] {base.py:271} INFO - POST http://elasticsearch:9200/logistics_project/doc [status:201 request:0.105s]
[2025-08-29T18:47:57.223+0000] {base.py:271} INFO - POST http://elasticsearch:9200/logistics_project/doc [status:201 request:0.106s]
[2025-08-29T18:47:57.256+0000] {base.py:271} INFO - POST http://elasticsearch:9200/logistics_project/doc [status:201 request:0.020s]
[2025-08-29T18:47:57.306+0000] {base.py:271} INFO - POST http://elasticsearch:9200/logistics_project/doc [status:201 request:0.048s]
[2025-08-29T18:47:57.333+0000] {base.py:271} INFO - POST http://elasticsearch:9200/logistics_project/doc [status:201 request:0.022s]
[2025-08-29T18:47:57.433+0000] {base.py:271} INFO - POST http://elasticsearch:9200/logistics_project/doc [status:201 request:0.097s]
[2025-08-29T18:47:57.691+0000] {base.py:271} INFO - POST http://elasticsearch:9200/logistics_project/doc [status:201 request:0.138s]
[2025-08-29T18:47:57.737+0000] {base.py:271} INFO - POST http://elasticsearch:9200/logistics_project/doc [status:201 request:0.041s]
[2025-08-29T18:47:57.785+0000] {base.py:271} INFO - POST http://elasticsearch:9200/logistics_project/doc [status:201 request:0.042s]
[2025-08-29T18:47:57.853+0000] {base.py:271} INFO - POST http://elasticsearch:9200/logistics_project/doc [status:201 request:0.062s]
[2025-08-29T18:47:57.913+0000] {base.py:271} INFO - POST http://elasticsearch:9200/logistics_project/doc [status:201 request:0.058s]
[2025-08-29T18:47:57.948+0000] {base.py:271} INFO - POST http://elasticsearch:9200/logistics_project/doc [status:201 request:0.016s]
[2025-08-29T18:47:57.968+0000] {base.py:271} INFO - POST http://elasticsearch:9200/logistics_project/doc [status:201 request:0.018s]
[2025-08-29T18:47:57.987+0000] {base.py:271} INFO - POST http://elasticsearch:9200/logistics_project/doc [status:201 request:0.016s]
[2025-08-29T18:47:58.011+0000] {base.py:271} INFO - POST http://elasticsearch:9200/logistics_project/doc [status:201 request:0.022s]
[2025-08-29T18:47:58.046+0000] {base.py:271} INFO - POST http://elasticsearch:9200/logistics_project/doc [status:201 request:0.031s]
[2025-08-29T18:47:58.081+0000] {base.py:271} INFO - POST http://elasticsearch:9200/logistics_project/doc [status:201 request:0.027s]
[2025-08-29T18:47:58.118+0000] {base.py:271} INFO - POST http://elasticsearch:9200/logistics_project/doc [status:201 request:0.034s]
[2025-08-29T18:47:58.203+0000] {base.py:271} INFO - POST http://elasticsearch:9200/logistics_project/doc [status:201 request:0.083s]
[2025-08-29T18:47:58.307+0000] {base.py:271} INFO - POST http://elasticsearch:9200/logistics_project/doc [status:201 request:0.097s]
[2025-08-29T18:47:58.409+0000] {base.py:271} INFO - POST http://elasticsearch:9200/logistics_project/doc [status:201 request:0.064s]
[2025-08-29T18:47:58.502+0000] {base.py:271} INFO - POST http://elasticsearch:9200/logistics_project/doc [status:201 request:0.087s]
[2025-08-29T18:47:58.547+0000] {base.py:271} INFO - POST http://elasticsearch:9200/logistics_project/doc [status:201 request:0.034s]
[2025-08-29T18:47:58.609+0000] {base.py:271} INFO - POST http://elasticsearch:9200/logistics_project/doc [status:201 request:0.056s]
[2025-08-29T18:47:58.652+0000] {base.py:271} INFO - POST http://elasticsearch:9200/logistics_project/doc [status:201 request:0.035s]
[2025-08-29T18:47:58.684+0000] {base.py:271} INFO - POST http://elasticsearch:9200/logistics_project/doc [status:201 request:0.028s]
[2025-08-29T18:47:58.709+0000] {base.py:271} INFO - POST http://elasticsearch:9200/logistics_project/doc [status:201 request:0.023s]
[2025-08-29T18:47:58.751+0000] {base.py:271} INFO - POST http://elasticsearch:9200/logistics_project/doc [status:201 request:0.037s]
[2025-08-29T18:47:58.801+0000] {base.py:271} INFO - POST http://elasticsearch:9200/logistics_project/doc [status:201 request:0.046s]
[2025-08-29T18:47:58.841+0000] {base.py:271} INFO - POST http://elasticsearch:9200/logistics_project/doc [status:201 request:0.040s]
[2025-08-29T18:47:58.875+0000] {base.py:271} INFO - POST http://elasticsearch:9200/logistics_project/doc [status:201 request:0.029s]
[2025-08-29T18:47:58.911+0000] {base.py:271} INFO - POST http://elasticsearch:9200/logistics_project/doc [status:201 request:0.027s]
[2025-08-29T18:47:58.926+0000] {base.py:271} INFO - POST http://elasticsearch:9200/logistics_project/doc [status:201 request:0.011s]
[2025-08-29T18:47:58.955+0000] {base.py:271} INFO - POST http://elasticsearch:9200/logistics_project/doc [status:201 request:0.026s]
[2025-08-29T18:47:59.005+0000] {base.py:271} INFO - POST http://elasticsearch:9200/logistics_project/doc [status:201 request:0.047s]
[2025-08-29T18:47:59.044+0000] {base.py:271} INFO - POST http://elasticsearch:9200/logistics_project/doc [status:201 request:0.035s]
[2025-08-29T18:47:59.079+0000] {base.py:271} INFO - POST http://elasticsearch:9200/logistics_project/doc [status:201 request:0.028s]
[2025-08-29T18:47:59.141+0000] {base.py:271} INFO - POST http://elasticsearch:9200/logistics_project/doc [status:201 request:0.056s]
[2025-08-29T18:47:59.269+0000] {base.py:271} INFO - POST http://elasticsearch:9200/logistics_project/doc [status:201 request:0.123s]
[2025-08-29T18:47:59.313+0000] {base.py:271} INFO - POST http://elasticsearch:9200/logistics_project/doc [status:201 request:0.036s]
[2025-08-29T18:47:59.364+0000] {base.py:271} INFO - POST http://elasticsearch:9200/logistics_project/doc [status:201 request:0.044s]
[2025-08-29T18:47:59.409+0000] {base.py:271} INFO - POST http://elasticsearch:9200/logistics_project/doc [status:201 request:0.038s]
[2025-08-29T18:47:59.449+0000] {base.py:271} INFO - POST http://elasticsearch:9200/logistics_project/doc [status:201 request:0.033s]
[2025-08-29T18:47:59.529+0000] {base.py:271} INFO - POST http://elasticsearch:9200/logistics_project/doc [status:201 request:0.072s]
[2025-08-29T18:47:59.686+0000] {base.py:271} INFO - POST http://elasticsearch:9200/logistics_project/doc [status:201 request:0.110s]
[2025-08-29T18:47:59.780+0000] {base.py:271} INFO - POST http://elasticsearch:9200/logistics_project/doc [status:201 request:0.088s]
[2025-08-29T18:47:59.862+0000] {base.py:271} INFO - POST http://elasticsearch:9200/logistics_project/doc [status:201 request:0.065s]
[2025-08-29T18:47:59.943+0000] {base.py:271} INFO - POST http://elasticsearch:9200/logistics_project/doc [status:201 request:0.075s]
[2025-08-29T18:47:59.967+0000] {base.py:271} INFO - POST http://elasticsearch:9200/logistics_project/doc [status:201 request:0.021s]
[2025-08-29T18:48:00.007+0000] {base.py:271} INFO - POST http://elasticsearch:9200/logistics_project/doc [status:201 request:0.034s]
[2025-08-29T18:48:00.049+0000] {base.py:271} INFO - POST http://elasticsearch:9200/logistics_project/doc [status:201 request:0.039s]
[2025-08-29T18:48:00.212+0000] {base.py:271} INFO - POST http://elasticsearch:9200/logistics_project/doc [status:201 request:0.146s]
[2025-08-29T18:48:00.311+0000] {base.py:271} INFO - POST http://elasticsearch:9200/logistics_project/doc [status:201 request:0.061s]
[2025-08-29T18:48:00.356+0000] {base.py:271} INFO - POST http://elasticsearch:9200/logistics_project/doc [status:201 request:0.038s]
[2025-08-29T18:48:00.411+0000] {base.py:271} INFO - POST http://elasticsearch:9200/logistics_project/doc [status:201 request:0.046s]
[2025-08-29T18:48:00.479+0000] {base.py:271} INFO - POST http://elasticsearch:9200/logistics_project/doc [status:201 request:0.058s]
[2025-08-29T18:48:00.539+0000] {base.py:271} INFO - POST http://elasticsearch:9200/logistics_project/doc [status:201 request:0.055s]
[2025-08-29T18:48:00.644+0000] {base.py:271} INFO - POST http://elasticsearch:9200/logistics_project/doc [status:201 request:0.097s]
[2025-08-29T18:48:00.724+0000] {base.py:271} INFO - POST http://elasticsearch:9200/logistics_project/doc [status:201 request:0.069s]
[2025-08-29T18:48:00.774+0000] {base.py:271} INFO - POST http://elasticsearch:9200/logistics_project/doc [status:201 request:0.042s]
[2025-08-29T18:48:00.802+0000] {base.py:271} INFO - POST http://elasticsearch:9200/logistics_project/doc [status:201 request:0.024s]
[2025-08-29T18:48:00.852+0000] {base.py:271} INFO - POST http://elasticsearch:9200/logistics_project/doc [status:201 request:0.039s]
[2025-08-29T18:48:00.916+0000] {base.py:271} INFO - POST http://elasticsearch:9200/logistics_project/doc [status:201 request:0.055s]
[2025-08-29T18:48:00.966+0000] {base.py:271} INFO - POST http://elasticsearch:9200/logistics_project/doc [status:201 request:0.046s]
[2025-08-29T18:48:01.019+0000] {base.py:271} INFO - POST http://elasticsearch:9200/logistics_project/doc [status:201 request:0.050s]
[2025-08-29T18:48:01.107+0000] {base.py:271} INFO - POST http://elasticsearch:9200/logistics_project/doc [status:201 request:0.083s]
[2025-08-29T18:48:01.139+0000] {base.py:271} INFO - POST http://elasticsearch:9200/logistics_project/doc [status:201 request:0.029s]
[2025-08-29T18:48:01.154+0000] {base.py:271} INFO - POST http://elasticsearch:9200/logistics_project/doc [status:201 request:0.012s]
[2025-08-29T18:48:01.252+0000] {base.py:271} INFO - POST http://elasticsearch:9200/logistics_project/doc [status:201 request:0.090s]
[2025-08-29T18:48:01.330+0000] {base.py:271} INFO - POST http://elasticsearch:9200/logistics_project/doc [status:201 request:0.073s]
[2025-08-29T18:48:01.379+0000] {base.py:271} INFO - POST http://elasticsearch:9200/logistics_project/doc [status:201 request:0.042s]
[2025-08-29T18:48:01.390+0000] {base.py:271} INFO - POST http://elasticsearch:9200/logistics_project/doc [status:201 request:0.009s]
[2025-08-29T18:48:01.406+0000] {base.py:271} INFO - POST http://elasticsearch:9200/logistics_project/doc [status:201 request:0.015s]
[2025-08-29T18:48:01.424+0000] {base.py:271} INFO - POST http://elasticsearch:9200/logistics_project/doc [status:201 request:0.013s]
[2025-08-29T18:48:01.475+0000] {base.py:271} INFO - POST http://elasticsearch:9200/logistics_project/doc [status:201 request:0.047s]
[2025-08-29T18:48:01.529+0000] {base.py:271} INFO - POST http://elasticsearch:9200/logistics_project/doc [status:201 request:0.047s]
[2025-08-29T18:48:01.569+0000] {base.py:271} INFO - POST http://elasticsearch:9200/logistics_project/doc [status:201 request:0.036s]
[2025-08-29T18:48:01.614+0000] {base.py:271} INFO - POST http://elasticsearch:9200/logistics_project/doc [status:201 request:0.044s]
[2025-08-29T18:48:01.638+0000] {base.py:271} INFO - POST http://elasticsearch:9200/logistics_project/doc [status:201 request:0.023s]
[2025-08-29T18:48:01.705+0000] {base.py:271} INFO - POST http://elasticsearch:9200/logistics_project/doc [status:201 request:0.062s]
[2025-08-29T18:48:01.762+0000] {base.py:271} INFO - POST http://elasticsearch:9200/logistics_project/doc [status:201 request:0.049s]
[2025-08-29T18:48:01.800+0000] {base.py:271} INFO - POST http://elasticsearch:9200/logistics_project/doc [status:201 request:0.033s]
[2025-08-29T18:48:01.862+0000] {base.py:271} INFO - POST http://elasticsearch:9200/logistics_project/doc [status:201 request:0.059s]
[2025-08-29T18:48:01.926+0000] {base.py:271} INFO - POST http://elasticsearch:9200/logistics_project/doc [status:201 request:0.059s]
[2025-08-29T18:48:02.033+0000] {base.py:271} INFO - POST http://elasticsearch:9200/logistics_project/doc [status:201 request:0.104s]
[2025-08-29T18:48:02.092+0000] {base.py:271} INFO - POST http://elasticsearch:9200/logistics_project/doc [status:201 request:0.050s]
[2025-08-29T18:48:02.160+0000] {base.py:271} INFO - POST http://elasticsearch:9200/logistics_project/doc [status:201 request:0.062s]
[2025-08-29T18:48:02.196+0000] {base.py:271} INFO - POST http://elasticsearch:9200/logistics_project/doc [status:201 request:0.033s]
[2025-08-29T18:48:02.247+0000] {base.py:271} INFO - POST http://elasticsearch:9200/logistics_project/doc [status:201 request:0.047s]
[2025-08-29T18:48:02.301+0000] {base.py:271} INFO - POST http://elasticsearch:9200/logistics_project/doc [status:201 request:0.052s]
[2025-08-29T18:48:02.399+0000] {base.py:271} INFO - POST http://elasticsearch:9200/logistics_project/doc [status:201 request:0.093s]
[2025-08-29T18:48:02.547+0000] {base.py:271} INFO - POST http://elasticsearch:9200/logistics_project/doc [status:201 request:0.057s]
[2025-08-29T18:48:02.586+0000] {base.py:271} INFO - POST http://elasticsearch:9200/logistics_project/doc [status:201 request:0.034s]
[2025-08-29T18:48:02.685+0000] {base.py:271} INFO - POST http://elasticsearch:9200/logistics_project/doc [status:201 request:0.089s]
[2025-08-29T18:48:02.815+0000] {base.py:271} INFO - POST http://elasticsearch:9200/logistics_project/doc [status:201 request:0.119s]
[2025-08-29T18:48:02.931+0000] {base.py:271} INFO - POST http://elasticsearch:9200/logistics_project/doc [status:201 request:0.109s]
[2025-08-29T18:48:02.956+0000] {base.py:271} INFO - POST http://elasticsearch:9200/logistics_project/doc [status:201 request:0.021s]
[2025-08-29T18:48:02.974+0000] {base.py:271} INFO - POST http://elasticsearch:9200/logistics_project/doc [status:201 request:0.014s]
[2025-08-29T18:48:03.039+0000] {base.py:271} INFO - POST http://elasticsearch:9200/logistics_project/doc [status:201 request:0.063s]
[2025-08-29T18:48:03.111+0000] {base.py:271} INFO - POST http://elasticsearch:9200/logistics_project/doc [status:201 request:0.049s]
[2025-08-29T18:48:03.159+0000] {base.py:271} INFO - POST http://elasticsearch:9200/logistics_project/doc [status:201 request:0.046s]
[2025-08-29T18:48:03.226+0000] {base.py:271} INFO - POST http://elasticsearch:9200/logistics_project/doc [status:201 request:0.061s]
[2025-08-29T18:48:03.274+0000] {base.py:271} INFO - POST http://elasticsearch:9200/logistics_project/doc [status:201 request:0.038s]
[2025-08-29T18:48:03.317+0000] {base.py:271} INFO - POST http://elasticsearch:9200/logistics_project/doc [status:201 request:0.032s]
[2025-08-29T18:48:03.438+0000] {base.py:271} INFO - POST http://elasticsearch:9200/logistics_project/doc [status:201 request:0.074s]
[2025-08-29T18:48:03.456+0000] {base.py:271} INFO - POST http://elasticsearch:9200/logistics_project/doc [status:201 request:0.014s]
[2025-08-29T18:48:03.480+0000] {base.py:271} INFO - POST http://elasticsearch:9200/logistics_project/doc [status:201 request:0.022s]
[2025-08-29T18:48:03.500+0000] {base.py:271} INFO - POST http://elasticsearch:9200/logistics_project/doc [status:201 request:0.018s]
[2025-08-29T18:48:03.533+0000] {base.py:271} INFO - POST http://elasticsearch:9200/logistics_project/doc [status:201 request:0.026s]
[2025-08-29T18:48:03.570+0000] {base.py:271} INFO - POST http://elasticsearch:9200/logistics_project/doc [status:201 request:0.034s]
[2025-08-29T18:48:03.665+0000] {base.py:271} INFO - POST http://elasticsearch:9200/logistics_project/doc [status:201 request:0.071s]
[2025-08-29T18:48:03.699+0000] {base.py:271} INFO - POST http://elasticsearch:9200/logistics_project/doc [status:201 request:0.030s]
[2025-08-29T18:48:03.738+0000] {base.py:271} INFO - POST http://elasticsearch:9200/logistics_project/doc [status:201 request:0.033s]
[2025-08-29T18:48:03.778+0000] {base.py:271} INFO - POST http://elasticsearch:9200/logistics_project/doc [status:201 request:0.034s]
[2025-08-29T18:48:03.837+0000] {base.py:271} INFO - POST http://elasticsearch:9200/logistics_project/doc [status:201 request:0.056s]
[2025-08-29T18:48:03.897+0000] {base.py:271} INFO - POST http://elasticsearch:9200/logistics_project/doc [status:201 request:0.051s]
[2025-08-29T18:48:03.972+0000] {base.py:271} INFO - POST http://elasticsearch:9200/logistics_project/doc [status:201 request:0.069s]
[2025-08-29T18:48:04.036+0000] {base.py:271} INFO - POST http://elasticsearch:9200/logistics_project/doc [status:201 request:0.033s]
[2025-08-29T18:48:04.091+0000] {base.py:271} INFO - POST http://elasticsearch:9200/logistics_project/doc [status:201 request:0.050s]
[2025-08-29T18:48:04.170+0000] {base.py:271} INFO - POST http://elasticsearch:9200/logistics_project/doc [status:201 request:0.072s]
[2025-08-29T18:48:04.242+0000] {base.py:271} INFO - POST http://elasticsearch:9200/logistics_project/doc [status:201 request:0.053s]
[2025-08-29T18:48:04.326+0000] {base.py:271} INFO - POST http://elasticsearch:9200/logistics_project/doc [status:201 request:0.076s]
[2025-08-29T18:48:04.389+0000] {base.py:271} INFO - POST http://elasticsearch:9200/logistics_project/doc [status:201 request:0.036s]
[2025-08-29T18:48:04.440+0000] {base.py:271} INFO - POST http://elasticsearch:9200/logistics_project/doc [status:201 request:0.046s]
[2025-08-29T18:48:04.507+0000] {base.py:271} INFO - POST http://elasticsearch:9200/logistics_project/doc [status:201 request:0.055s]
[2025-08-29T18:48:04.535+0000] {base.py:271} INFO - POST http://elasticsearch:9200/logistics_project/doc [status:201 request:0.025s]
[2025-08-29T18:48:04.593+0000] {base.py:271} INFO - POST http://elasticsearch:9200/logistics_project/doc [status:201 request:0.054s]
[2025-08-29T18:48:04.689+0000] {base.py:271} INFO - POST http://elasticsearch:9200/logistics_project/doc [status:201 request:0.063s]
[2025-08-29T18:48:04.772+0000] {base.py:271} INFO - POST http://elasticsearch:9200/logistics_project/doc [status:201 request:0.080s]
[2025-08-29T18:48:04.828+0000] {base.py:271} INFO - POST http://elasticsearch:9200/logistics_project/doc [status:201 request:0.049s]
[2025-08-29T18:48:04.961+0000] {base.py:271} INFO - POST http://elasticsearch:9200/logistics_project/doc [status:201 request:0.125s]
[2025-08-29T18:48:05.022+0000] {base.py:271} INFO - POST http://elasticsearch:9200/logistics_project/doc [status:201 request:0.054s]
[2025-08-29T18:48:05.116+0000] {base.py:271} INFO - POST http://elasticsearch:9200/logistics_project/doc [status:201 request:0.084s]
[2025-08-29T18:48:05.162+0000] {base.py:271} INFO - POST http://elasticsearch:9200/logistics_project/doc [status:201 request:0.039s]
[2025-08-29T18:48:05.185+0000] {base.py:271} INFO - POST http://elasticsearch:9200/logistics_project/doc [status:201 request:0.015s]
[2025-08-29T18:48:05.257+0000] {base.py:271} INFO - POST http://elasticsearch:9200/logistics_project/doc [status:201 request:0.030s]
[2025-08-29T18:48:05.292+0000] {base.py:271} INFO - POST http://elasticsearch:9200/logistics_project/doc [status:201 request:0.026s]
[2025-08-29T18:48:05.334+0000] {base.py:271} INFO - POST http://elasticsearch:9200/logistics_project/doc [status:201 request:0.037s]
[2025-08-29T18:48:05.368+0000] {base.py:271} INFO - POST http://elasticsearch:9200/logistics_project/doc [status:201 request:0.028s]
[2025-08-29T18:48:05.427+0000] {base.py:271} INFO - POST http://elasticsearch:9200/logistics_project/doc [status:201 request:0.046s]
[2025-08-29T18:48:05.521+0000] {base.py:271} INFO - POST http://elasticsearch:9200/logistics_project/doc [status:201 request:0.092s]
[2025-08-29T18:48:05.643+0000] {base.py:271} INFO - POST http://elasticsearch:9200/logistics_project/doc [status:201 request:0.103s]
[2025-08-29T18:48:05.678+0000] {base.py:271} INFO - POST http://elasticsearch:9200/logistics_project/doc [status:201 request:0.028s]
[2025-08-29T18:48:05.704+0000] {base.py:271} INFO - POST http://elasticsearch:9200/logistics_project/doc [status:201 request:0.023s]
[2025-08-29T18:48:05.787+0000] {base.py:271} INFO - POST http://elasticsearch:9200/logistics_project/doc [status:201 request:0.080s]
[2025-08-29T18:48:05.838+0000] {base.py:271} INFO - POST http://elasticsearch:9200/logistics_project/doc [status:201 request:0.044s]
[2025-08-29T18:48:05.877+0000] {base.py:271} INFO - POST http://elasticsearch:9200/logistics_project/doc [status:201 request:0.031s]
[2025-08-29T18:48:05.909+0000] {base.py:271} INFO - POST http://elasticsearch:9200/logistics_project/doc [status:201 request:0.028s]
[2025-08-29T18:48:05.954+0000] {base.py:271} INFO - POST http://elasticsearch:9200/logistics_project/doc [status:201 request:0.043s]
[2025-08-29T18:48:06.002+0000] {base.py:271} INFO - POST http://elasticsearch:9200/logistics_project/doc [status:201 request:0.042s]
[2025-08-29T18:48:06.104+0000] {base.py:271} INFO - POST http://elasticsearch:9200/logistics_project/doc [status:201 request:0.087s]
[2025-08-29T18:48:06.198+0000] {base.py:271} INFO - POST http://elasticsearch:9200/logistics_project/doc [status:201 request:0.080s]
[2025-08-29T18:48:06.282+0000] {base.py:271} INFO - POST http://elasticsearch:9200/logistics_project/doc [status:201 request:0.066s]
[2025-08-29T18:48:06.324+0000] {base.py:271} INFO - POST http://elasticsearch:9200/logistics_project/doc [status:201 request:0.036s]
[2025-08-29T18:48:06.372+0000] {base.py:271} INFO - POST http://elasticsearch:9200/logistics_project/doc [status:201 request:0.047s]
[2025-08-29T18:48:06.422+0000] {base.py:271} INFO - POST http://elasticsearch:9200/logistics_project/doc [status:201 request:0.042s]
[2025-08-29T18:48:06.438+0000] {base.py:271} INFO - POST http://elasticsearch:9200/logistics_project/doc [status:201 request:0.014s]
[2025-08-29T18:48:06.491+0000] {base.py:271} INFO - POST http://elasticsearch:9200/logistics_project/doc [status:201 request:0.045s]
[2025-08-29T18:48:06.536+0000] {base.py:271} INFO - POST http://elasticsearch:9200/logistics_project/doc [status:201 request:0.037s]
[2025-08-29T18:48:06.599+0000] {base.py:271} INFO - POST http://elasticsearch:9200/logistics_project/doc [status:201 request:0.052s]
[2025-08-29T18:48:06.637+0000] {base.py:271} INFO - POST http://elasticsearch:9200/logistics_project/doc [status:201 request:0.035s]
[2025-08-29T18:48:06.681+0000] {base.py:271} INFO - POST http://elasticsearch:9200/logistics_project/doc [status:201 request:0.036s]
[2025-08-29T18:48:06.712+0000] {base.py:271} INFO - POST http://elasticsearch:9200/logistics_project/doc [status:201 request:0.029s]
[2025-08-29T18:48:06.754+0000] {base.py:271} INFO - POST http://elasticsearch:9200/logistics_project/doc [status:201 request:0.035s]
[2025-08-29T18:48:06.830+0000] {base.py:271} INFO - POST http://elasticsearch:9200/logistics_project/doc [status:201 request:0.065s]
[2025-08-29T18:48:06.883+0000] {base.py:271} INFO - POST http://elasticsearch:9200/logistics_project/doc [status:201 request:0.049s]
[2025-08-29T18:48:06.943+0000] {base.py:271} INFO - POST http://elasticsearch:9200/logistics_project/doc [status:201 request:0.036s]
[2025-08-29T18:48:07.022+0000] {base.py:271} INFO - POST http://elasticsearch:9200/logistics_project/doc [status:201 request:0.067s]
[2025-08-29T18:48:07.084+0000] {base.py:271} INFO - POST http://elasticsearch:9200/logistics_project/doc [status:201 request:0.059s]
[2025-08-29T18:48:07.123+0000] {base.py:271} INFO - POST http://elasticsearch:9200/logistics_project/doc [status:201 request:0.036s]
[2025-08-29T18:48:07.169+0000] {base.py:271} INFO - POST http://elasticsearch:9200/logistics_project/doc [status:201 request:0.036s]
[2025-08-29T18:48:07.228+0000] {base.py:271} INFO - POST http://elasticsearch:9200/logistics_project/doc [status:201 request:0.047s]
[2025-08-29T18:48:07.292+0000] {base.py:271} INFO - POST http://elasticsearch:9200/logistics_project/doc [status:201 request:0.052s]
[2025-08-29T18:48:07.356+0000] {base.py:271} INFO - POST http://elasticsearch:9200/logistics_project/doc [status:201 request:0.060s]
[2025-08-29T18:48:07.415+0000] {base.py:271} INFO - POST http://elasticsearch:9200/logistics_project/doc [status:201 request:0.052s]
[2025-08-29T18:48:07.476+0000] {base.py:271} INFO - POST http://elasticsearch:9200/logistics_project/doc [status:201 request:0.058s]
[2025-08-29T18:48:07.515+0000] {base.py:271} INFO - POST http://elasticsearch:9200/logistics_project/doc [status:201 request:0.030s]
[2025-08-29T18:48:07.595+0000] {base.py:271} INFO - POST http://elasticsearch:9200/logistics_project/doc [status:201 request:0.069s]
[2025-08-29T18:48:07.629+0000] {base.py:271} INFO - POST http://elasticsearch:9200/logistics_project/doc [status:201 request:0.025s]
[2025-08-29T18:48:07.676+0000] {base.py:271} INFO - POST http://elasticsearch:9200/logistics_project/doc [status:201 request:0.041s]
[2025-08-29T18:48:07.744+0000] {base.py:271} INFO - POST http://elasticsearch:9200/logistics_project/doc [status:201 request:0.046s]
[2025-08-29T18:48:07.784+0000] {base.py:271} INFO - POST http://elasticsearch:9200/logistics_project/doc [status:201 request:0.039s]
[2025-08-29T18:48:07.857+0000] {base.py:271} INFO - POST http://elasticsearch:9200/logistics_project/doc [status:201 request:0.067s]
[2025-08-29T18:48:07.921+0000] {base.py:271} INFO - POST http://elasticsearch:9200/logistics_project/doc [status:201 request:0.058s]
[2025-08-29T18:48:08.056+0000] {base.py:271} INFO - POST http://elasticsearch:9200/logistics_project/doc [status:201 request:0.100s]
[2025-08-29T18:48:08.122+0000] {base.py:271} INFO - POST http://elasticsearch:9200/logistics_project/doc [status:201 request:0.051s]
[2025-08-29T18:48:08.282+0000] {base.py:271} INFO - POST http://elasticsearch:9200/logistics_project/doc [status:201 request:0.144s]
[2025-08-29T18:48:08.354+0000] {base.py:271} INFO - POST http://elasticsearch:9200/logistics_project/doc [status:201 request:0.038s]
[2025-08-29T18:48:08.385+0000] {base.py:271} INFO - POST http://elasticsearch:9200/logistics_project/doc [status:201 request:0.028s]
[2025-08-29T18:48:08.449+0000] {base.py:271} INFO - POST http://elasticsearch:9200/logistics_project/doc [status:201 request:0.057s]
[2025-08-29T18:48:08.506+0000] {base.py:271} INFO - POST http://elasticsearch:9200/logistics_project/doc [status:201 request:0.034s]
[2025-08-29T18:48:08.536+0000] {base.py:271} INFO - POST http://elasticsearch:9200/logistics_project/doc [status:201 request:0.026s]
[2025-08-29T18:48:08.596+0000] {base.py:271} INFO - POST http://elasticsearch:9200/logistics_project/doc [status:201 request:0.051s]
[2025-08-29T18:48:08.786+0000] {base.py:271} INFO - POST http://elasticsearch:9200/logistics_project/doc [status:201 request:0.183s]
[2025-08-29T18:48:08.831+0000] {base.py:271} INFO - POST http://elasticsearch:9200/logistics_project/doc [status:201 request:0.030s]
[2025-08-29T18:48:08.883+0000] {base.py:271} INFO - POST http://elasticsearch:9200/logistics_project/doc [status:201 request:0.048s]
[2025-08-29T18:48:09.005+0000] {base.py:271} INFO - POST http://elasticsearch:9200/logistics_project/doc [status:201 request:0.115s]
[2025-08-29T18:48:09.173+0000] {base.py:271} INFO - POST http://elasticsearch:9200/logistics_project/doc [status:201 request:0.091s]
[2025-08-29T18:48:09.346+0000] {base.py:271} INFO - POST http://elasticsearch:9200/logistics_project/doc [status:201 request:0.099s]
[2025-08-29T18:48:09.442+0000] {base.py:271} INFO - POST http://elasticsearch:9200/logistics_project/doc [status:201 request:0.055s]
[2025-08-29T18:48:09.491+0000] {base.py:271} INFO - POST http://elasticsearch:9200/logistics_project/doc [status:201 request:0.045s]
[2025-08-29T18:48:09.544+0000] {base.py:271} INFO - POST http://elasticsearch:9200/logistics_project/doc [status:201 request:0.044s]
[2025-08-29T18:48:09.650+0000] {base.py:271} INFO - POST http://elasticsearch:9200/logistics_project/doc [status:201 request:0.098s]
[2025-08-29T18:48:09.720+0000] {base.py:271} INFO - POST http://elasticsearch:9200/logistics_project/doc [status:201 request:0.052s]
[2025-08-29T18:48:09.797+0000] {base.py:271} INFO - POST http://elasticsearch:9200/logistics_project/doc [status:201 request:0.071s]
[2025-08-29T18:48:09.832+0000] {base.py:271} INFO - POST http://elasticsearch:9200/logistics_project/doc [status:201 request:0.031s]
[2025-08-29T18:48:10.037+0000] {base.py:271} INFO - POST http://elasticsearch:9200/logistics_project/doc [status:201 request:0.155s]
[2025-08-29T18:48:10.136+0000] {base.py:271} INFO - POST http://elasticsearch:9200/logistics_project/doc [status:201 request:0.041s]
[2025-08-29T18:48:10.175+0000] {base.py:271} INFO - POST http://elasticsearch:9200/logistics_project/doc [status:201 request:0.032s]
[2025-08-29T18:48:10.222+0000] {base.py:271} INFO - POST http://elasticsearch:9200/logistics_project/doc [status:201 request:0.046s]
[2025-08-29T18:48:10.297+0000] {base.py:271} INFO - POST http://elasticsearch:9200/logistics_project/doc [status:201 request:0.071s]
[2025-08-29T18:48:10.339+0000] {base.py:271} INFO - POST http://elasticsearch:9200/logistics_project/doc [status:201 request:0.038s]
[2025-08-29T18:48:10.402+0000] {base.py:271} INFO - POST http://elasticsearch:9200/logistics_project/doc [status:201 request:0.052s]
[2025-08-29T18:48:10.455+0000] {base.py:271} INFO - POST http://elasticsearch:9200/logistics_project/doc [status:201 request:0.034s]
[2025-08-29T18:48:10.495+0000] {base.py:271} INFO - POST http://elasticsearch:9200/logistics_project/doc [status:201 request:0.032s]
[2025-08-29T18:48:10.538+0000] {base.py:271} INFO - POST http://elasticsearch:9200/logistics_project/doc [status:201 request:0.040s]
[2025-08-29T18:48:10.601+0000] {base.py:271} INFO - POST http://elasticsearch:9200/logistics_project/doc [status:201 request:0.057s]
[2025-08-29T18:48:10.656+0000] {base.py:271} INFO - POST http://elasticsearch:9200/logistics_project/doc [status:201 request:0.039s]
[2025-08-29T18:48:10.688+0000] {base.py:271} INFO - POST http://elasticsearch:9200/logistics_project/doc [status:201 request:0.030s]
[2025-08-29T18:48:10.745+0000] {base.py:271} INFO - POST http://elasticsearch:9200/logistics_project/doc [status:201 request:0.052s]
[2025-08-29T18:48:10.973+0000] {base.py:271} INFO - POST http://elasticsearch:9200/logistics_project/doc [status:201 request:0.097s]
[2025-08-29T18:48:11.036+0000] {base.py:271} INFO - POST http://elasticsearch:9200/logistics_project/doc [status:201 request:0.048s]
[2025-08-29T18:48:11.076+0000] {base.py:271} INFO - POST http://elasticsearch:9200/logistics_project/doc [status:201 request:0.038s]
[2025-08-29T18:48:11.269+0000] {base.py:271} INFO - POST http://elasticsearch:9200/logistics_project/doc [status:201 request:0.191s]
[2025-08-29T18:48:11.779+0000] {base.py:271} INFO - POST http://elasticsearch:9200/logistics_project/doc [status:201 request:0.147s]
[2025-08-29T18:48:11.834+0000] {base.py:271} INFO - POST http://elasticsearch:9200/logistics_project/doc [status:201 request:0.034s]
[2025-08-29T18:48:11.856+0000] {base.py:271} INFO - POST http://elasticsearch:9200/logistics_project/doc [status:201 request:0.018s]
[2025-08-29T18:48:11.921+0000] {base.py:271} INFO - POST http://elasticsearch:9200/logistics_project/doc [status:201 request:0.061s]
[2025-08-29T18:48:11.978+0000] {base.py:271} INFO - POST http://elasticsearch:9200/logistics_project/doc [status:201 request:0.049s]
[2025-08-29T18:48:12.016+0000] {base.py:271} INFO - POST http://elasticsearch:9200/logistics_project/doc [status:201 request:0.033s]
[2025-08-29T18:48:12.058+0000] {base.py:271} INFO - POST http://elasticsearch:9200/logistics_project/doc [status:201 request:0.039s]
[2025-08-29T18:48:12.100+0000] {base.py:271} INFO - POST http://elasticsearch:9200/logistics_project/doc [status:201 request:0.035s]
[2025-08-29T18:48:12.169+0000] {base.py:271} INFO - POST http://elasticsearch:9200/logistics_project/doc [status:201 request:0.060s]
[2025-08-29T18:48:12.270+0000] {base.py:271} INFO - POST http://elasticsearch:9200/logistics_project/doc [status:201 request:0.089s]
[2025-08-29T18:48:12.331+0000] {base.py:271} INFO - POST http://elasticsearch:9200/logistics_project/doc [status:201 request:0.049s]
[2025-08-29T18:48:12.351+0000] {base.py:271} INFO - POST http://elasticsearch:9200/logistics_project/doc [status:201 request:0.014s]
[2025-08-29T18:48:12.387+0000] {base.py:271} INFO - POST http://elasticsearch:9200/logistics_project/doc [status:201 request:0.029s]
[2025-08-29T18:48:12.610+0000] {base.py:271} INFO - POST http://elasticsearch:9200/logistics_project/doc [status:201 request:0.218s]
[2025-08-29T18:48:12.814+0000] {base.py:271} INFO - POST http://elasticsearch:9200/logistics_project/doc [status:201 request:0.126s]
[2025-08-29T18:48:12.843+0000] {base.py:271} INFO - POST http://elasticsearch:9200/logistics_project/doc [status:201 request:0.024s]
[2025-08-29T18:48:12.881+0000] {base.py:271} INFO - POST http://elasticsearch:9200/logistics_project/doc [status:201 request:0.036s]
[2025-08-29T18:48:12.912+0000] {base.py:271} INFO - POST http://elasticsearch:9200/logistics_project/doc [status:201 request:0.028s]
[2025-08-29T18:48:12.965+0000] {base.py:271} INFO - POST http://elasticsearch:9200/logistics_project/doc [status:201 request:0.045s]
[2025-08-29T18:48:13.048+0000] {base.py:271} INFO - POST http://elasticsearch:9200/logistics_project/doc [status:201 request:0.045s]
[2025-08-29T18:48:13.154+0000] {base.py:271} INFO - POST http://elasticsearch:9200/logistics_project/doc [status:201 request:0.074s]
[2025-08-29T18:48:13.306+0000] {base.py:271} INFO - POST http://elasticsearch:9200/logistics_project/doc [status:201 request:0.112s]
[2025-08-29T18:48:13.448+0000] {base.py:271} INFO - POST http://elasticsearch:9200/logistics_project/doc [status:201 request:0.139s]
[2025-08-29T18:48:13.543+0000] {base.py:271} INFO - POST http://elasticsearch:9200/logistics_project/doc [status:201 request:0.075s]
[2025-08-29T18:48:13.700+0000] {base.py:271} INFO - POST http://elasticsearch:9200/logistics_project/doc [status:201 request:0.149s]
[2025-08-29T18:48:13.788+0000] {base.py:271} INFO - POST http://elasticsearch:9200/logistics_project/doc [status:201 request:0.065s]
[2025-08-29T18:48:13.815+0000] {base.py:271} INFO - POST http://elasticsearch:9200/logistics_project/doc [status:201 request:0.025s]
[2025-08-29T18:48:13.857+0000] {base.py:271} INFO - POST http://elasticsearch:9200/logistics_project/doc [status:201 request:0.040s]
[2025-08-29T18:48:13.922+0000] {base.py:271} INFO - POST http://elasticsearch:9200/logistics_project/doc [status:201 request:0.052s]
[2025-08-29T18:48:13.961+0000] {base.py:271} INFO - POST http://elasticsearch:9200/logistics_project/doc [status:201 request:0.032s]
[2025-08-29T18:48:14.019+0000] {base.py:271} INFO - POST http://elasticsearch:9200/logistics_project/doc [status:201 request:0.046s]
[2025-08-29T18:48:14.096+0000] {base.py:271} INFO - POST http://elasticsearch:9200/logistics_project/doc [status:201 request:0.075s]
[2025-08-29T18:48:14.174+0000] {base.py:271} INFO - POST http://elasticsearch:9200/logistics_project/doc [status:201 request:0.051s]
[2025-08-29T18:48:14.228+0000] {base.py:271} INFO - POST http://elasticsearch:9200/logistics_project/doc [status:201 request:0.047s]
[2025-08-29T18:48:14.267+0000] {base.py:271} INFO - POST http://elasticsearch:9200/logistics_project/doc [status:201 request:0.034s]
[2025-08-29T18:48:14.330+0000] {base.py:271} INFO - POST http://elasticsearch:9200/logistics_project/doc [status:201 request:0.056s]
[2025-08-29T18:48:14.440+0000] {base.py:271} INFO - POST http://elasticsearch:9200/logistics_project/doc [status:201 request:0.104s]
[2025-08-29T18:48:14.475+0000] {base.py:271} INFO - POST http://elasticsearch:9200/logistics_project/doc [status:201 request:0.033s]
[2025-08-29T18:48:14.539+0000] {base.py:271} INFO - POST http://elasticsearch:9200/logistics_project/doc [status:201 request:0.061s]
[2025-08-29T18:48:14.616+0000] {base.py:271} INFO - POST http://elasticsearch:9200/logistics_project/doc [status:201 request:0.063s]
[2025-08-29T18:48:14.656+0000] {base.py:271} INFO - POST http://elasticsearch:9200/logistics_project/doc [status:201 request:0.028s]
[2025-08-29T18:48:14.712+0000] {base.py:271} INFO - POST http://elasticsearch:9200/logistics_project/doc [status:201 request:0.046s]
[2025-08-29T18:48:14.744+0000] {base.py:271} INFO - POST http://elasticsearch:9200/logistics_project/doc [status:201 request:0.025s]
[2025-08-29T18:48:14.798+0000] {base.py:271} INFO - POST http://elasticsearch:9200/logistics_project/doc [status:201 request:0.034s]
[2025-08-29T18:48:14.851+0000] {base.py:271} INFO - POST http://elasticsearch:9200/logistics_project/doc [status:201 request:0.045s]
[2025-08-29T18:48:14.884+0000] {base.py:271} INFO - POST http://elasticsearch:9200/logistics_project/doc [status:201 request:0.030s]
[2025-08-29T18:48:14.917+0000] {base.py:271} INFO - POST http://elasticsearch:9200/logistics_project/doc [status:201 request:0.026s]
[2025-08-29T18:48:14.953+0000] {base.py:271} INFO - POST http://elasticsearch:9200/logistics_project/doc [status:201 request:0.031s]
[2025-08-29T18:48:15.003+0000] {base.py:271} INFO - POST http://elasticsearch:9200/logistics_project/doc [status:201 request:0.047s]
[2025-08-29T18:48:15.067+0000] {base.py:271} INFO - POST http://elasticsearch:9200/logistics_project/doc [status:201 request:0.033s]
[2025-08-29T18:48:15.084+0000] {base.py:271} INFO - POST http://elasticsearch:9200/logistics_project/doc [status:201 request:0.013s]
[2025-08-29T18:48:15.146+0000] {base.py:271} INFO - POST http://elasticsearch:9200/logistics_project/doc [status:201 request:0.058s]
[2025-08-29T18:48:15.203+0000] {base.py:271} INFO - POST http://elasticsearch:9200/logistics_project/doc [status:201 request:0.054s]
[2025-08-29T18:48:15.291+0000] {base.py:271} INFO - POST http://elasticsearch:9200/logistics_project/doc [status:201 request:0.060s]
[2025-08-29T18:48:15.321+0000] {base.py:271} INFO - POST http://elasticsearch:9200/logistics_project/doc [status:201 request:0.026s]
[2025-08-29T18:48:15.351+0000] {base.py:271} INFO - POST http://elasticsearch:9200/logistics_project/doc [status:201 request:0.028s]
[2025-08-29T18:48:15.377+0000] {base.py:271} INFO - POST http://elasticsearch:9200/logistics_project/doc [status:201 request:0.018s]
[2025-08-29T18:48:15.408+0000] {base.py:271} INFO - POST http://elasticsearch:9200/logistics_project/doc [status:201 request:0.027s]
[2025-08-29T18:48:15.429+0000] {base.py:271} INFO - POST http://elasticsearch:9200/logistics_project/doc [status:201 request:0.015s]
[2025-08-29T18:48:15.490+0000] {base.py:271} INFO - POST http://elasticsearch:9200/logistics_project/doc [status:201 request:0.053s]
[2025-08-29T18:48:15.525+0000] {base.py:271} INFO - POST http://elasticsearch:9200/logistics_project/doc [status:201 request:0.029s]
[2025-08-29T18:48:15.542+0000] {base.py:271} INFO - POST http://elasticsearch:9200/logistics_project/doc [status:201 request:0.011s]
[2025-08-29T18:48:15.590+0000] {base.py:271} INFO - POST http://elasticsearch:9200/logistics_project/doc [status:201 request:0.042s]
[2025-08-29T18:48:15.613+0000] {base.py:271} INFO - POST http://elasticsearch:9200/logistics_project/doc [status:201 request:0.022s]
[2025-08-29T18:48:15.652+0000] {base.py:271} INFO - POST http://elasticsearch:9200/logistics_project/doc [status:201 request:0.034s]
[2025-08-29T18:48:15.696+0000] {base.py:271} INFO - POST http://elasticsearch:9200/logistics_project/doc [status:201 request:0.041s]
[2025-08-29T18:48:15.726+0000] {base.py:271} INFO - POST http://elasticsearch:9200/logistics_project/doc [status:201 request:0.028s]
[2025-08-29T18:48:15.746+0000] {base.py:271} INFO - POST http://elasticsearch:9200/logistics_project/doc [status:201 request:0.017s]
[2025-08-29T18:48:15.787+0000] {base.py:271} INFO - POST http://elasticsearch:9200/logistics_project/doc [status:201 request:0.028s]
[2025-08-29T18:48:15.825+0000] {base.py:271} INFO - POST http://elasticsearch:9200/logistics_project/doc [status:201 request:0.037s]
[2025-08-29T18:48:15.867+0000] {base.py:271} INFO - POST http://elasticsearch:9200/logistics_project/doc [status:201 request:0.033s]
[2025-08-29T18:48:15.898+0000] {base.py:271} INFO - POST http://elasticsearch:9200/logistics_project/doc [status:201 request:0.027s]
[2025-08-29T18:48:15.920+0000] {base.py:271} INFO - POST http://elasticsearch:9200/logistics_project/doc [status:201 request:0.015s]
[2025-08-29T18:48:15.949+0000] {base.py:271} INFO - POST http://elasticsearch:9200/logistics_project/doc [status:201 request:0.027s]
[2025-08-29T18:48:15.978+0000] {base.py:271} INFO - POST http://elasticsearch:9200/logistics_project/doc [status:201 request:0.025s]
[2025-08-29T18:48:16.071+0000] {base.py:271} INFO - POST http://elasticsearch:9200/logistics_project/doc [status:201 request:0.091s]
[2025-08-29T18:48:16.215+0000] {base.py:271} INFO - POST http://elasticsearch:9200/logistics_project/doc [status:201 request:0.137s]
[2025-08-29T18:48:16.287+0000] {base.py:271} INFO - POST http://elasticsearch:9200/logistics_project/doc [status:201 request:0.033s]
[2025-08-29T18:48:16.339+0000] {base.py:271} INFO - POST http://elasticsearch:9200/logistics_project/doc [status:201 request:0.029s]
[2025-08-29T18:48:16.363+0000] {base.py:271} INFO - POST http://elasticsearch:9200/logistics_project/doc [status:201 request:0.022s]
[2025-08-29T18:48:16.407+0000] {base.py:271} INFO - POST http://elasticsearch:9200/logistics_project/doc [status:201 request:0.034s]
[2025-08-29T18:48:16.488+0000] {base.py:271} INFO - POST http://elasticsearch:9200/logistics_project/doc [status:201 request:0.069s]
[2025-08-29T18:48:16.533+0000] {base.py:271} INFO - POST http://elasticsearch:9200/logistics_project/doc [status:201 request:0.036s]
[2025-08-29T18:48:16.578+0000] {base.py:271} INFO - POST http://elasticsearch:9200/logistics_project/doc [status:201 request:0.037s]
[2025-08-29T18:48:16.615+0000] {base.py:271} INFO - POST http://elasticsearch:9200/logistics_project/doc [status:201 request:0.029s]
[2025-08-29T18:48:16.647+0000] {base.py:271} INFO - POST http://elasticsearch:9200/logistics_project/doc [status:201 request:0.026s]
[2025-08-29T18:48:16.673+0000] {base.py:271} INFO - POST http://elasticsearch:9200/logistics_project/doc [status:201 request:0.019s]
[2025-08-29T18:48:16.704+0000] {base.py:271} INFO - POST http://elasticsearch:9200/logistics_project/doc [status:201 request:0.026s]
[2025-08-29T18:48:16.745+0000] {base.py:271} INFO - POST http://elasticsearch:9200/logistics_project/doc [status:201 request:0.035s]
[2025-08-29T18:48:16.806+0000] {base.py:271} INFO - POST http://elasticsearch:9200/logistics_project/doc [status:201 request:0.037s]
[2025-08-29T18:48:16.865+0000] {base.py:271} INFO - POST http://elasticsearch:9200/logistics_project/doc [status:201 request:0.048s]
[2025-08-29T18:48:16.929+0000] {base.py:271} INFO - POST http://elasticsearch:9200/logistics_project/doc [status:201 request:0.058s]
[2025-08-29T18:48:16.955+0000] {base.py:271} INFO - POST http://elasticsearch:9200/logistics_project/doc [status:201 request:0.019s]
[2025-08-29T18:48:17.005+0000] {base.py:271} INFO - POST http://elasticsearch:9200/logistics_project/doc [status:201 request:0.044s]
[2025-08-29T18:48:17.056+0000] {base.py:271} INFO - POST http://elasticsearch:9200/logistics_project/doc [status:201 request:0.045s]
[2025-08-29T18:48:17.109+0000] {base.py:271} INFO - POST http://elasticsearch:9200/logistics_project/doc [status:201 request:0.033s]
[2025-08-29T18:48:17.139+0000] {base.py:271} INFO - POST http://elasticsearch:9200/logistics_project/doc [status:201 request:0.027s]
[2025-08-29T18:48:17.164+0000] {base.py:271} INFO - POST http://elasticsearch:9200/logistics_project/doc [status:201 request:0.023s]
[2025-08-29T18:48:17.210+0000] {base.py:271} INFO - POST http://elasticsearch:9200/logistics_project/doc [status:201 request:0.037s]
[2025-08-29T18:48:17.246+0000] {base.py:271} INFO - POST http://elasticsearch:9200/logistics_project/doc [status:201 request:0.031s]
[2025-08-29T18:48:17.275+0000] {base.py:271} INFO - POST http://elasticsearch:9200/logistics_project/doc [status:201 request:0.024s]
[2025-08-29T18:48:18.138+0000] {base.py:271} INFO - POST http://elasticsearch:9200/logistics_project/doc [status:201 request:0.855s]
[2025-08-29T18:48:18.318+0000] {base.py:271} INFO - POST http://elasticsearch:9200/logistics_project/doc [status:201 request:0.103s]
[2025-08-29T18:48:18.435+0000] {base.py:271} INFO - POST http://elasticsearch:9200/logistics_project/doc [status:201 request:0.077s]
[2025-08-29T18:48:18.682+0000] {base.py:271} INFO - POST http://elasticsearch:9200/logistics_project/doc [status:201 request:0.164s]
[2025-08-29T18:48:19.001+0000] {base.py:271} INFO - POST http://elasticsearch:9200/logistics_project/doc [status:201 request:0.089s]
[2025-08-29T18:48:19.079+0000] {base.py:271} INFO - POST http://elasticsearch:9200/logistics_project/doc [status:201 request:0.039s]
[2025-08-29T18:48:19.151+0000] {base.py:271} INFO - POST http://elasticsearch:9200/logistics_project/doc [status:201 request:0.048s]
[2025-08-29T18:48:19.299+0000] {base.py:271} INFO - POST http://elasticsearch:9200/logistics_project/doc [status:201 request:0.117s]
[2025-08-29T18:48:20.009+0000] {base.py:271} INFO - POST http://elasticsearch:9200/logistics_project/doc [status:201 request:0.508s]
[2025-08-29T18:48:20.479+0000] {base.py:271} INFO - POST http://elasticsearch:9200/logistics_project/doc [status:201 request:0.229s]
[2025-08-29T18:48:20.852+0000] {base.py:271} INFO - POST http://elasticsearch:9200/logistics_project/doc [status:201 request:0.299s]
[2025-08-29T18:48:21.661+0000] {base.py:271} INFO - POST http://elasticsearch:9200/logistics_project/doc [status:201 request:0.496s]
[2025-08-29T18:48:22.722+0000] {base.py:271} INFO - POST http://elasticsearch:9200/logistics_project/doc [status:201 request:0.264s]
[2025-08-29T18:48:23.441+0000] {base.py:271} INFO - POST http://elasticsearch:9200/logistics_project/doc [status:201 request:0.196s]
[2025-08-29T18:48:23.860+0000] {base.py:271} INFO - POST http://elasticsearch:9200/logistics_project/doc [status:201 request:0.278s]
[2025-08-29T18:48:23.969+0000] {base.py:271} INFO - POST http://elasticsearch:9200/logistics_project/doc [status:201 request:0.065s]
[2025-08-29T18:48:24.079+0000] {base.py:271} INFO - POST http://elasticsearch:9200/logistics_project/doc [status:201 request:0.096s]
[2025-08-29T18:48:24.135+0000] {base.py:271} INFO - POST http://elasticsearch:9200/logistics_project/doc [status:201 request:0.038s]
[2025-08-29T18:48:24.162+0000] {base.py:271} INFO - POST http://elasticsearch:9200/logistics_project/doc [status:201 request:0.019s]
[2025-08-29T18:48:24.219+0000] {base.py:271} INFO - POST http://elasticsearch:9200/logistics_project/doc [status:201 request:0.050s]
[2025-08-29T18:48:24.343+0000] {base.py:271} INFO - POST http://elasticsearch:9200/logistics_project/doc [status:201 request:0.073s]
[2025-08-29T18:48:24.440+0000] {base.py:271} INFO - POST http://elasticsearch:9200/logistics_project/doc [status:201 request:0.085s]
[2025-08-29T18:48:24.492+0000] {base.py:271} INFO - POST http://elasticsearch:9200/logistics_project/doc [status:201 request:0.031s]
[2025-08-29T18:48:24.566+0000] {base.py:271} INFO - POST http://elasticsearch:9200/logistics_project/doc [status:201 request:0.060s]
[2025-08-29T18:48:24.649+0000] {base.py:271} INFO - POST http://elasticsearch:9200/logistics_project/doc [status:201 request:0.075s]
[2025-08-29T18:48:24.742+0000] {base.py:271} INFO - POST http://elasticsearch:9200/logistics_project/doc [status:201 request:0.059s]
[2025-08-29T18:48:24.823+0000] {base.py:271} INFO - POST http://elasticsearch:9200/logistics_project/doc [status:201 request:0.065s]
[2025-08-29T18:48:24.880+0000] {base.py:271} INFO - POST http://elasticsearch:9200/logistics_project/doc [status:201 request:0.024s]
[2025-08-29T18:48:24.976+0000] {base.py:271} INFO - POST http://elasticsearch:9200/logistics_project/doc [status:201 request:0.051s]
[2025-08-29T18:48:25.023+0000] {base.py:271} INFO - POST http://elasticsearch:9200/logistics_project/doc [status:201 request:0.033s]
[2025-08-29T18:48:25.096+0000] {base.py:271} INFO - POST http://elasticsearch:9200/logistics_project/doc [status:201 request:0.067s]
[2025-08-29T18:48:25.349+0000] {base.py:271} INFO - POST http://elasticsearch:9200/logistics_project/doc [status:201 request:0.250s]
[2025-08-29T18:48:25.565+0000] {base.py:271} INFO - POST http://elasticsearch:9200/logistics_project/doc [status:201 request:0.150s]
[2025-08-29T18:48:25.904+0000] {base.py:271} INFO - POST http://elasticsearch:9200/logistics_project/doc [status:201 request:0.222s]
[2025-08-29T18:48:26.088+0000] {base.py:271} INFO - POST http://elasticsearch:9200/logistics_project/doc [status:201 request:0.121s]
[2025-08-29T18:48:26.187+0000] {base.py:271} INFO - POST http://elasticsearch:9200/logistics_project/doc [status:201 request:0.078s]
[2025-08-29T18:48:26.231+0000] {base.py:271} INFO - POST http://elasticsearch:9200/logistics_project/doc [status:201 request:0.017s]
[2025-08-29T18:48:26.323+0000] {base.py:271} INFO - POST http://elasticsearch:9200/logistics_project/doc [status:201 request:0.082s]
[2025-08-29T18:48:26.499+0000] {base.py:271} INFO - POST http://elasticsearch:9200/logistics_project/doc [status:201 request:0.122s]
[2025-08-29T18:48:26.567+0000] {base.py:271} INFO - POST http://elasticsearch:9200/logistics_project/doc [status:201 request:0.061s]
[2025-08-29T18:48:26.601+0000] {base.py:271} INFO - POST http://elasticsearch:9200/logistics_project/doc [status:201 request:0.030s]
[2025-08-29T18:48:26.644+0000] {base.py:271} INFO - POST http://elasticsearch:9200/logistics_project/doc [status:201 request:0.040s]
[2025-08-29T18:48:26.729+0000] {base.py:271} INFO - POST http://elasticsearch:9200/logistics_project/doc [status:201 request:0.069s]
[2025-08-29T18:48:26.839+0000] {base.py:271} INFO - POST http://elasticsearch:9200/logistics_project/doc [status:201 request:0.079s]
[2025-08-29T18:48:27.043+0000] {base.py:271} INFO - POST http://elasticsearch:9200/logistics_project/doc [status:201 request:0.177s]
[2025-08-29T18:48:27.149+0000] {base.py:271} INFO - POST http://elasticsearch:9200/logistics_project/doc [status:201 request:0.070s]
[2025-08-29T18:48:27.647+0000] {base.py:271} INFO - POST http://elasticsearch:9200/logistics_project/doc [status:201 request:0.467s]
[2025-08-29T18:48:28.052+0000] {base.py:271} INFO - POST http://elasticsearch:9200/logistics_project/doc [status:201 request:0.144s]
[2025-08-29T18:48:29.072+0000] {base.py:271} INFO - POST http://elasticsearch:9200/logistics_project/doc [status:201 request:0.903s]
[2025-08-29T18:48:30.652+0000] {base.py:299} WARNING - POST http://elasticsearch:9200/logistics_project/doc [status:N/A request:0.939s]
Traceback (most recent call last):
  File "/home/airflow/.local/lib/python3.7/site-packages/urllib3/connectionpool.py", line 710, in urlopen
    chunked=chunked,
  File "/home/airflow/.local/lib/python3.7/site-packages/urllib3/connectionpool.py", line 449, in _make_request
    six.raise_from(e, None)
  File "<string>", line 3, in raise_from
  File "/home/airflow/.local/lib/python3.7/site-packages/urllib3/connectionpool.py", line 444, in _make_request
    httplib_response = conn.getresponse()
  File "/usr/local/lib/python3.7/http/client.py", line 1373, in getresponse
    response.begin()
  File "/usr/local/lib/python3.7/http/client.py", line 319, in begin
    version, status, reason = self._read_status()
  File "/usr/local/lib/python3.7/http/client.py", line 280, in _read_status
    line = str(self.fp.readline(_MAXLINE + 1), "iso-8859-1")
  File "/usr/local/lib/python3.7/socket.py", line 589, in readinto
    return self._sock.recv_into(b)
ConnectionResetError: [Errno 104] Connection reset by peer

During handling of the above exception, another exception occurred:

Traceback (most recent call last):
  File "/home/airflow/.local/lib/python3.7/site-packages/elasticsearch/connection/http_urllib3.py", line 252, in perform_request
    method, url, body, retries=Retry(False), headers=request_headers, **kw
  File "/home/airflow/.local/lib/python3.7/site-packages/urllib3/connectionpool.py", line 788, in urlopen
    method, url, error=e, _pool=self, _stacktrace=sys.exc_info()[2]
  File "/home/airflow/.local/lib/python3.7/site-packages/urllib3/util/retry.py", line 525, in increment
    raise six.reraise(type(error), error, _stacktrace)
  File "/home/airflow/.local/lib/python3.7/site-packages/urllib3/packages/six.py", line 769, in reraise
    raise value.with_traceback(tb)
  File "/home/airflow/.local/lib/python3.7/site-packages/urllib3/connectionpool.py", line 710, in urlopen
    chunked=chunked,
  File "/home/airflow/.local/lib/python3.7/site-packages/urllib3/connectionpool.py", line 449, in _make_request
    six.raise_from(e, None)
  File "<string>", line 3, in raise_from
  File "/home/airflow/.local/lib/python3.7/site-packages/urllib3/connectionpool.py", line 444, in _make_request
    httplib_response = conn.getresponse()
  File "/usr/local/lib/python3.7/http/client.py", line 1373, in getresponse
    response.begin()
  File "/usr/local/lib/python3.7/http/client.py", line 319, in begin
    version, status, reason = self._read_status()
  File "/usr/local/lib/python3.7/http/client.py", line 280, in _read_status
    line = str(self.fp.readline(_MAXLINE + 1), "iso-8859-1")
  File "/usr/local/lib/python3.7/socket.py", line 589, in readinto
    return self._sock.recv_into(b)
urllib3.exceptions.ProtocolError: ('Connection aborted.', ConnectionResetError(104, 'Connection reset by peer'))
[2025-08-29T18:48:31.060+0000] {base.py:299} WARNING - POST http://elasticsearch:9200/logistics_project/doc [status:N/A request:0.072s]
Traceback (most recent call last):
  File "/home/airflow/.local/lib/python3.7/site-packages/urllib3/connection.py", line 175, in _new_conn
    (self._dns_host, self.port), self.timeout, **extra_kw
  File "/home/airflow/.local/lib/python3.7/site-packages/urllib3/util/connection.py", line 95, in create_connection
    raise err
  File "/home/airflow/.local/lib/python3.7/site-packages/urllib3/util/connection.py", line 85, in create_connection
    sock.connect(sa)
ConnectionRefusedError: [Errno 111] Connection refused

During handling of the above exception, another exception occurred:

Traceback (most recent call last):
  File "/home/airflow/.local/lib/python3.7/site-packages/elasticsearch/connection/http_urllib3.py", line 252, in perform_request
    method, url, body, retries=Retry(False), headers=request_headers, **kw
  File "/home/airflow/.local/lib/python3.7/site-packages/urllib3/connectionpool.py", line 788, in urlopen
    method, url, error=e, _pool=self, _stacktrace=sys.exc_info()[2]
  File "/home/airflow/.local/lib/python3.7/site-packages/urllib3/util/retry.py", line 525, in increment
    raise six.reraise(type(error), error, _stacktrace)
  File "/home/airflow/.local/lib/python3.7/site-packages/urllib3/packages/six.py", line 770, in reraise
    raise value
  File "/home/airflow/.local/lib/python3.7/site-packages/urllib3/connectionpool.py", line 710, in urlopen
    chunked=chunked,
  File "/home/airflow/.local/lib/python3.7/site-packages/urllib3/connectionpool.py", line 398, in _make_request
    conn.request(method, url, **httplib_request_kw)
  File "/home/airflow/.local/lib/python3.7/site-packages/urllib3/connection.py", line 239, in request
    super(HTTPConnection, self).request(method, url, body=body, headers=headers)
  File "/usr/local/lib/python3.7/http/client.py", line 1281, in request
    self._send_request(method, url, body, headers, encode_chunked)
  File "/usr/local/lib/python3.7/http/client.py", line 1327, in _send_request
    self.endheaders(body, encode_chunked=encode_chunked)
  File "/usr/local/lib/python3.7/http/client.py", line 1276, in endheaders
    self._send_output(message_body, encode_chunked=encode_chunked)
  File "/usr/local/lib/python3.7/http/client.py", line 1036, in _send_output
    self.send(msg)
  File "/usr/local/lib/python3.7/http/client.py", line 976, in send
    self.connect()
  File "/home/airflow/.local/lib/python3.7/site-packages/urllib3/connection.py", line 205, in connect
    conn = self._new_conn()
  File "/home/airflow/.local/lib/python3.7/site-packages/urllib3/connection.py", line 187, in _new_conn
    self, "Failed to establish a new connection: %s" % e
urllib3.exceptions.NewConnectionError: <urllib3.connection.HTTPConnection object at 0xffff98cba090>: Failed to establish a new connection: [Errno 111] Connection refused
[2025-08-29T18:48:31.120+0000] {base.py:299} WARNING - POST http://elasticsearch:9200/logistics_project/doc [status:N/A request:0.028s]
Traceback (most recent call last):
  File "/home/airflow/.local/lib/python3.7/site-packages/urllib3/connection.py", line 175, in _new_conn
    (self._dns_host, self.port), self.timeout, **extra_kw
  File "/home/airflow/.local/lib/python3.7/site-packages/urllib3/util/connection.py", line 95, in create_connection
    raise err
  File "/home/airflow/.local/lib/python3.7/site-packages/urllib3/util/connection.py", line 85, in create_connection
    sock.connect(sa)
ConnectionRefusedError: [Errno 111] Connection refused

During handling of the above exception, another exception occurred:

Traceback (most recent call last):
  File "/home/airflow/.local/lib/python3.7/site-packages/elasticsearch/connection/http_urllib3.py", line 252, in perform_request
    method, url, body, retries=Retry(False), headers=request_headers, **kw
  File "/home/airflow/.local/lib/python3.7/site-packages/urllib3/connectionpool.py", line 788, in urlopen
    method, url, error=e, _pool=self, _stacktrace=sys.exc_info()[2]
  File "/home/airflow/.local/lib/python3.7/site-packages/urllib3/util/retry.py", line 525, in increment
    raise six.reraise(type(error), error, _stacktrace)
  File "/home/airflow/.local/lib/python3.7/site-packages/urllib3/packages/six.py", line 770, in reraise
    raise value
  File "/home/airflow/.local/lib/python3.7/site-packages/urllib3/connectionpool.py", line 710, in urlopen
    chunked=chunked,
  File "/home/airflow/.local/lib/python3.7/site-packages/urllib3/connectionpool.py", line 398, in _make_request
    conn.request(method, url, **httplib_request_kw)
  File "/home/airflow/.local/lib/python3.7/site-packages/urllib3/connection.py", line 239, in request
    super(HTTPConnection, self).request(method, url, body=body, headers=headers)
  File "/usr/local/lib/python3.7/http/client.py", line 1281, in request
    self._send_request(method, url, body, headers, encode_chunked)
  File "/usr/local/lib/python3.7/http/client.py", line 1327, in _send_request
    self.endheaders(body, encode_chunked=encode_chunked)
  File "/usr/local/lib/python3.7/http/client.py", line 1276, in endheaders
    self._send_output(message_body, encode_chunked=encode_chunked)
  File "/usr/local/lib/python3.7/http/client.py", line 1036, in _send_output
    self.send(msg)
  File "/usr/local/lib/python3.7/http/client.py", line 976, in send
    self.connect()
  File "/home/airflow/.local/lib/python3.7/site-packages/urllib3/connection.py", line 205, in connect
    conn = self._new_conn()
  File "/home/airflow/.local/lib/python3.7/site-packages/urllib3/connection.py", line 187, in _new_conn
    self, "Failed to establish a new connection: %s" % e
urllib3.exceptions.NewConnectionError: <urllib3.connection.HTTPConnection object at 0xffff98b575d0>: Failed to establish a new connection: [Errno 111] Connection refused
[2025-08-29T18:48:31.130+0000] {base.py:299} WARNING - POST http://elasticsearch:9200/logistics_project/doc [status:N/A request:0.007s]
Traceback (most recent call last):
  File "/home/airflow/.local/lib/python3.7/site-packages/urllib3/connection.py", line 175, in _new_conn
    (self._dns_host, self.port), self.timeout, **extra_kw
  File "/home/airflow/.local/lib/python3.7/site-packages/urllib3/util/connection.py", line 95, in create_connection
    raise err
  File "/home/airflow/.local/lib/python3.7/site-packages/urllib3/util/connection.py", line 85, in create_connection
    sock.connect(sa)
ConnectionRefusedError: [Errno 111] Connection refused

During handling of the above exception, another exception occurred:

Traceback (most recent call last):
  File "/home/airflow/.local/lib/python3.7/site-packages/elasticsearch/connection/http_urllib3.py", line 252, in perform_request
    method, url, body, retries=Retry(False), headers=request_headers, **kw
  File "/home/airflow/.local/lib/python3.7/site-packages/urllib3/connectionpool.py", line 788, in urlopen
    method, url, error=e, _pool=self, _stacktrace=sys.exc_info()[2]
  File "/home/airflow/.local/lib/python3.7/site-packages/urllib3/util/retry.py", line 525, in increment
    raise six.reraise(type(error), error, _stacktrace)
  File "/home/airflow/.local/lib/python3.7/site-packages/urllib3/packages/six.py", line 770, in reraise
    raise value
  File "/home/airflow/.local/lib/python3.7/site-packages/urllib3/connectionpool.py", line 710, in urlopen
    chunked=chunked,
  File "/home/airflow/.local/lib/python3.7/site-packages/urllib3/connectionpool.py", line 398, in _make_request
    conn.request(method, url, **httplib_request_kw)
  File "/home/airflow/.local/lib/python3.7/site-packages/urllib3/connection.py", line 239, in request
    super(HTTPConnection, self).request(method, url, body=body, headers=headers)
  File "/usr/local/lib/python3.7/http/client.py", line 1281, in request
    self._send_request(method, url, body, headers, encode_chunked)
  File "/usr/local/lib/python3.7/http/client.py", line 1327, in _send_request
    self.endheaders(body, encode_chunked=encode_chunked)
  File "/usr/local/lib/python3.7/http/client.py", line 1276, in endheaders
    self._send_output(message_body, encode_chunked=encode_chunked)
  File "/usr/local/lib/python3.7/http/client.py", line 1036, in _send_output
    self.send(msg)
  File "/usr/local/lib/python3.7/http/client.py", line 976, in send
    self.connect()
  File "/home/airflow/.local/lib/python3.7/site-packages/urllib3/connection.py", line 205, in connect
    conn = self._new_conn()
  File "/home/airflow/.local/lib/python3.7/site-packages/urllib3/connection.py", line 187, in _new_conn
    self, "Failed to establish a new connection: %s" % e
urllib3.exceptions.NewConnectionError: <urllib3.connection.HTTPConnection object at 0xffff98a819d0>: Failed to establish a new connection: [Errno 111] Connection refused
[2025-08-29T18:48:31.349+0000] {taskinstance.py:1902} ERROR - Task failed with exception
Traceback (most recent call last):
  File "/home/airflow/.local/lib/python3.7/site-packages/urllib3/connection.py", line 175, in _new_conn
    (self._dns_host, self.port), self.timeout, **extra_kw
  File "/home/airflow/.local/lib/python3.7/site-packages/urllib3/util/connection.py", line 95, in create_connection
    raise err
  File "/home/airflow/.local/lib/python3.7/site-packages/urllib3/util/connection.py", line 85, in create_connection
    sock.connect(sa)
ConnectionRefusedError: [Errno 111] Connection refused

During handling of the above exception, another exception occurred:

Traceback (most recent call last):
  File "/home/airflow/.local/lib/python3.7/site-packages/elasticsearch/connection/http_urllib3.py", line 252, in perform_request
    method, url, body, retries=Retry(False), headers=request_headers, **kw
  File "/home/airflow/.local/lib/python3.7/site-packages/urllib3/connectionpool.py", line 788, in urlopen
    method, url, error=e, _pool=self, _stacktrace=sys.exc_info()[2]
  File "/home/airflow/.local/lib/python3.7/site-packages/urllib3/util/retry.py", line 525, in increment
    raise six.reraise(type(error), error, _stacktrace)
  File "/home/airflow/.local/lib/python3.7/site-packages/urllib3/packages/six.py", line 770, in reraise
    raise value
  File "/home/airflow/.local/lib/python3.7/site-packages/urllib3/connectionpool.py", line 710, in urlopen
    chunked=chunked,
  File "/home/airflow/.local/lib/python3.7/site-packages/urllib3/connectionpool.py", line 398, in _make_request
    conn.request(method, url, **httplib_request_kw)
  File "/home/airflow/.local/lib/python3.7/site-packages/urllib3/connection.py", line 239, in request
    super(HTTPConnection, self).request(method, url, body=body, headers=headers)
  File "/usr/local/lib/python3.7/http/client.py", line 1281, in request
    self._send_request(method, url, body, headers, encode_chunked)
  File "/usr/local/lib/python3.7/http/client.py", line 1327, in _send_request
    self.endheaders(body, encode_chunked=encode_chunked)
  File "/usr/local/lib/python3.7/http/client.py", line 1276, in endheaders
    self._send_output(message_body, encode_chunked=encode_chunked)
  File "/usr/local/lib/python3.7/http/client.py", line 1036, in _send_output
    self.send(msg)
  File "/usr/local/lib/python3.7/http/client.py", line 976, in send
    self.connect()
  File "/home/airflow/.local/lib/python3.7/site-packages/urllib3/connection.py", line 205, in connect
    conn = self._new_conn()
  File "/home/airflow/.local/lib/python3.7/site-packages/urllib3/connection.py", line 187, in _new_conn
    self, "Failed to establish a new connection: %s" % e
urllib3.exceptions.NewConnectionError: <urllib3.connection.HTTPConnection object at 0xffff98a819d0>: Failed to establish a new connection: [Errno 111] Connection refused

During handling of the above exception, another exception occurred:

Traceback (most recent call last):
  File "/home/airflow/.local/lib/python3.7/site-packages/airflow/decorators/base.py", line 179, in execute
    return_value = super().execute(context)
  File "/home/airflow/.local/lib/python3.7/site-packages/airflow/operators/python.py", line 171, in execute
    return_value = self.execute_callable()
  File "/home/airflow/.local/lib/python3.7/site-packages/airflow/operators/python.py", line 189, in execute_callable
    return self.python_callable(*self.op_args, **self.op_kwargs)
  File "/opt/airflow/dags/P2M3_muhammad_al_ghifari_DAG.py", line 174, in load
    res=es.index(index="logistics_project", doc_type="doc", body=row.to_json())
  File "/home/airflow/.local/lib/python3.7/site-packages/elasticsearch/client/utils.py", line 168, in _wrapped
    return func(*args, params=params, headers=headers, **kwargs)
  File "/home/airflow/.local/lib/python3.7/site-packages/elasticsearch/client/__init__.py", line 411, in index
    body=body,
  File "/home/airflow/.local/lib/python3.7/site-packages/elasticsearch/transport.py", line 413, in perform_request
    raise e
  File "/home/airflow/.local/lib/python3.7/site-packages/elasticsearch/transport.py", line 388, in perform_request
    timeout=timeout,
  File "/home/airflow/.local/lib/python3.7/site-packages/elasticsearch/connection/http_urllib3.py", line 266, in perform_request
    raise ConnectionError("N/A", str(e), e)
elasticsearch.exceptions.ConnectionError: ConnectionError(<urllib3.connection.HTTPConnection object at 0xffff98a819d0>: Failed to establish a new connection: [Errno 111] Connection refused) caused by: NewConnectionError(<urllib3.connection.HTTPConnection object at 0xffff98a819d0>: Failed to establish a new connection: [Errno 111] Connection refused)
[2025-08-29T18:48:32.996+0000] {taskinstance.py:1412} INFO - Marking task as FAILED. dag_id=etl_P2M3_muhammad_al_ghifari, task_id=load, execution_date=20250426T023000, start_date=20250829T184653, end_date=20250829T184832
[2025-08-29T18:48:36.880+0000] {standard_task_runner.py:97} ERROR - Failed to execute job 190 for task load (ConnectionError(<urllib3.connection.HTTPConnection object at 0xffff98a819d0>: Failed to establish a new connection: [Errno 111] Connection refused) caused by: NewConnectionError(<urllib3.connection.HTTPConnection object at 0xffff98a819d0>: Failed to establish a new connection: [Errno 111] Connection refused); 242)
[2025-08-29T18:48:37.827+0000] {local_task_job.py:156} INFO - Task exited with return code 1
[2025-08-29T18:48:39.215+0000] {local_task_job.py:279} INFO - 0 downstream tasks scheduled from follow-on schedule check
