[2025-08-29T18:47:51.969+0000] {taskinstance.py:1171} INFO - Dependencies all met for <TaskInstance: etl_P2M3_muhammad_al_ghifari.load scheduled__2025-05-03T02:30:00+00:00 [queued]>
[2025-08-29T18:47:52.298+0000] {taskinstance.py:1171} INFO - Dependencies all met for <TaskInstance: etl_P2M3_muhammad_al_ghifari.load scheduled__2025-05-03T02:30:00+00:00 [queued]>
[2025-08-29T18:47:52.309+0000] {taskinstance.py:1368} INFO - 
--------------------------------------------------------------------------------
[2025-08-29T18:47:52.319+0000] {taskinstance.py:1369} INFO - Starting attempt 1 of 1
[2025-08-29T18:47:52.328+0000] {taskinstance.py:1370} INFO - 
--------------------------------------------------------------------------------
[2025-08-29T18:47:53.014+0000] {taskinstance.py:1389} INFO - Executing <Task(_PythonDecoratedOperator): load> on 2025-05-03 02:30:00+00:00
[2025-08-29T18:47:53.277+0000] {standard_task_runner.py:52} INFO - Started process 280 to run task
[2025-08-29T18:47:53.354+0000] {standard_task_runner.py:79} INFO - Running: ['***', 'tasks', 'run', 'etl_P2M3_muhammad_al_ghifari', 'load', 'scheduled__2025-05-03T02:30:00+00:00', '--job-id', '201', '--raw', '--subdir', 'DAGS_FOLDER/P2M3_muhammad_al_ghifari_DAG.py', '--cfg-path', '/tmp/tmp7t6wlau7', '--error-file', '/tmp/tmpmo78q3rd']
[2025-08-29T18:47:53.368+0000] {standard_task_runner.py:80} INFO - Job 201: Subtask load
[2025-08-29T18:47:54.912+0000] {task_command.py:371} INFO - Running <TaskInstance: etl_P2M3_muhammad_al_ghifari.load scheduled__2025-05-03T02:30:00+00:00 [running]> on host b40c5a90b1e4
[2025-08-29T18:47:56.160+0000] {taskinstance.py:1583} INFO - Exporting the following env vars:
AIRFLOW_CTX_DAG_OWNER=Muhammad Al Ghifari
AIRFLOW_CTX_DAG_ID=etl_P2M3_muhammad_al_ghifari
AIRFLOW_CTX_TASK_ID=load
AIRFLOW_CTX_EXECUTION_DATE=2025-05-03T02:30:00+00:00
AIRFLOW_CTX_TRY_NUMBER=1
AIRFLOW_CTX_DAG_RUN_ID=scheduled__2025-05-03T02:30:00+00:00
[2025-08-29T18:47:56.235+0000] {base.py:271} INFO - HEAD http://elasticsearch:9200/ [status:200 request:0.044s]
[2025-08-29T18:47:56.240+0000] {logging_mixin.py:115} INFO - True
[2025-08-29T18:47:56.670+0000] {logging_mixin.py:115} WARNING - /home/***/.local/lib/python3.7/site-packages/elasticsearch/connection/base.py:208 ElasticsearchWarning: [types removal] Specifying types in document index requests is deprecated, use the typeless endpoints instead (/{index}/_doc/{id}, /{index}/_doc, or /{index}/_create/{id}).
[2025-08-29T18:47:56.673+0000] {base.py:271} INFO - POST http://elasticsearch:9200/logistics_project/doc [status:201 request:0.126s]
[2025-08-29T18:47:56.736+0000] {base.py:271} INFO - POST http://elasticsearch:9200/logistics_project/doc [status:201 request:0.061s]
[2025-08-29T18:47:56.794+0000] {base.py:271} INFO - POST http://elasticsearch:9200/logistics_project/doc [status:201 request:0.050s]
[2025-08-29T18:47:56.867+0000] {base.py:271} INFO - POST http://elasticsearch:9200/logistics_project/doc [status:201 request:0.057s]
[2025-08-29T18:47:56.906+0000] {base.py:271} INFO - POST http://elasticsearch:9200/logistics_project/doc [status:201 request:0.034s]
[2025-08-29T18:47:56.940+0000] {base.py:271} INFO - POST http://elasticsearch:9200/logistics_project/doc [status:201 request:0.031s]
[2025-08-29T18:47:56.968+0000] {base.py:271} INFO - POST http://elasticsearch:9200/logistics_project/doc [status:201 request:0.026s]
[2025-08-29T18:47:57.053+0000] {base.py:271} INFO - POST http://elasticsearch:9200/logistics_project/doc [status:201 request:0.076s]
[2025-08-29T18:47:57.163+0000] {base.py:271} INFO - POST http://elasticsearch:9200/logistics_project/doc [status:201 request:0.092s]
[2025-08-29T18:47:57.235+0000] {base.py:271} INFO - POST http://elasticsearch:9200/logistics_project/doc [status:201 request:0.054s]
[2025-08-29T18:47:57.286+0000] {base.py:271} INFO - POST http://elasticsearch:9200/logistics_project/doc [status:201 request:0.046s]
[2025-08-29T18:47:57.337+0000] {base.py:271} INFO - POST http://elasticsearch:9200/logistics_project/doc [status:201 request:0.036s]
[2025-08-29T18:47:57.626+0000] {base.py:271} INFO - POST http://elasticsearch:9200/logistics_project/doc [status:201 request:0.288s]
[2025-08-29T18:47:57.750+0000] {base.py:271} INFO - POST http://elasticsearch:9200/logistics_project/doc [status:201 request:0.051s]
[2025-08-29T18:47:57.895+0000] {base.py:271} INFO - POST http://elasticsearch:9200/logistics_project/doc [status:201 request:0.136s]
[2025-08-29T18:47:57.944+0000] {base.py:271} INFO - POST http://elasticsearch:9200/logistics_project/doc [status:201 request:0.030s]
[2025-08-29T18:47:57.964+0000] {base.py:271} INFO - POST http://elasticsearch:9200/logistics_project/doc [status:201 request:0.018s]
[2025-08-29T18:47:57.991+0000] {base.py:271} INFO - POST http://elasticsearch:9200/logistics_project/doc [status:201 request:0.026s]
[2025-08-29T18:47:58.015+0000] {base.py:271} INFO - POST http://elasticsearch:9200/logistics_project/doc [status:201 request:0.021s]
[2025-08-29T18:47:58.046+0000] {base.py:271} INFO - POST http://elasticsearch:9200/logistics_project/doc [status:201 request:0.027s]
[2025-08-29T18:47:58.099+0000] {base.py:271} INFO - POST http://elasticsearch:9200/logistics_project/doc [status:201 request:0.049s]
[2025-08-29T18:47:58.195+0000] {base.py:271} INFO - POST http://elasticsearch:9200/logistics_project/doc [status:201 request:0.089s]
[2025-08-29T18:47:58.237+0000] {base.py:271} INFO - POST http://elasticsearch:9200/logistics_project/doc [status:201 request:0.037s]
[2025-08-29T18:47:58.280+0000] {base.py:271} INFO - POST http://elasticsearch:9200/logistics_project/doc [status:201 request:0.034s]
[2025-08-29T18:47:58.301+0000] {base.py:271} INFO - POST http://elasticsearch:9200/logistics_project/doc [status:201 request:0.021s]
[2025-08-29T18:47:58.347+0000] {base.py:271} INFO - POST http://elasticsearch:9200/logistics_project/doc [status:201 request:0.040s]
[2025-08-29T18:47:58.416+0000] {base.py:271} INFO - POST http://elasticsearch:9200/logistics_project/doc [status:201 request:0.063s]
[2025-08-29T18:47:58.464+0000] {base.py:271} INFO - POST http://elasticsearch:9200/logistics_project/doc [status:201 request:0.040s]
[2025-08-29T18:47:58.532+0000] {base.py:271} INFO - POST http://elasticsearch:9200/logistics_project/doc [status:201 request:0.057s]
[2025-08-29T18:47:58.588+0000] {base.py:271} INFO - POST http://elasticsearch:9200/logistics_project/doc [status:201 request:0.050s]
[2025-08-29T18:47:58.635+0000] {base.py:271} INFO - POST http://elasticsearch:9200/logistics_project/doc [status:201 request:0.042s]
[2025-08-29T18:47:58.703+0000] {base.py:271} INFO - POST http://elasticsearch:9200/logistics_project/doc [status:201 request:0.040s]
[2025-08-29T18:47:58.769+0000] {base.py:271} INFO - POST http://elasticsearch:9200/logistics_project/doc [status:201 request:0.054s]
[2025-08-29T18:47:58.805+0000] {base.py:271} INFO - POST http://elasticsearch:9200/logistics_project/doc [status:201 request:0.009s]
[2025-08-29T18:47:58.841+0000] {base.py:271} INFO - POST http://elasticsearch:9200/logistics_project/doc [status:201 request:0.028s]
[2025-08-29T18:47:58.871+0000] {base.py:271} INFO - POST http://elasticsearch:9200/logistics_project/doc [status:201 request:0.026s]
[2025-08-29T18:47:58.907+0000] {base.py:271} INFO - POST http://elasticsearch:9200/logistics_project/doc [status:201 request:0.029s]
[2025-08-29T18:47:58.947+0000] {base.py:271} INFO - POST http://elasticsearch:9200/logistics_project/doc [status:201 request:0.033s]
[2025-08-29T18:47:59.000+0000] {base.py:271} INFO - POST http://elasticsearch:9200/logistics_project/doc [status:201 request:0.051s]
[2025-08-29T18:47:59.018+0000] {base.py:271} INFO - POST http://elasticsearch:9200/logistics_project/doc [status:201 request:0.013s]
[2025-08-29T18:47:59.050+0000] {base.py:271} INFO - POST http://elasticsearch:9200/logistics_project/doc [status:201 request:0.027s]
[2025-08-29T18:47:59.080+0000] {base.py:271} INFO - POST http://elasticsearch:9200/logistics_project/doc [status:201 request:0.024s]
[2025-08-29T18:47:59.097+0000] {base.py:271} INFO - POST http://elasticsearch:9200/logistics_project/doc [status:201 request:0.014s]
[2025-08-29T18:47:59.121+0000] {base.py:271} INFO - POST http://elasticsearch:9200/logistics_project/doc [status:201 request:0.022s]
[2025-08-29T18:47:59.149+0000] {base.py:271} INFO - POST http://elasticsearch:9200/logistics_project/doc [status:201 request:0.016s]
[2025-08-29T18:47:59.269+0000] {base.py:271} INFO - POST http://elasticsearch:9200/logistics_project/doc [status:201 request:0.112s]
[2025-08-29T18:47:59.310+0000] {base.py:271} INFO - POST http://elasticsearch:9200/logistics_project/doc [status:201 request:0.036s]
[2025-08-29T18:47:59.351+0000] {base.py:271} INFO - POST http://elasticsearch:9200/logistics_project/doc [status:201 request:0.039s]
[2025-08-29T18:47:59.389+0000] {base.py:271} INFO - POST http://elasticsearch:9200/logistics_project/doc [status:201 request:0.031s]
[2025-08-29T18:47:59.473+0000] {base.py:271} INFO - POST http://elasticsearch:9200/logistics_project/doc [status:201 request:0.057s]
[2025-08-29T18:47:59.512+0000] {base.py:271} INFO - POST http://elasticsearch:9200/logistics_project/doc [status:201 request:0.034s]
[2025-08-29T18:47:59.560+0000] {base.py:271} INFO - POST http://elasticsearch:9200/logistics_project/doc [status:201 request:0.037s]
[2025-08-29T18:47:59.646+0000] {base.py:271} INFO - POST http://elasticsearch:9200/logistics_project/doc [status:201 request:0.080s]
[2025-08-29T18:47:59.788+0000] {base.py:271} INFO - POST http://elasticsearch:9200/logistics_project/doc [status:201 request:0.130s]
[2025-08-29T18:47:59.865+0000] {base.py:271} INFO - POST http://elasticsearch:9200/logistics_project/doc [status:201 request:0.060s]
[2025-08-29T18:47:59.952+0000] {base.py:271} INFO - POST http://elasticsearch:9200/logistics_project/doc [status:201 request:0.074s]
[2025-08-29T18:48:00.044+0000] {base.py:271} INFO - POST http://elasticsearch:9200/logistics_project/doc [status:201 request:0.082s]
[2025-08-29T18:48:00.168+0000] {base.py:271} INFO - POST http://elasticsearch:9200/logistics_project/doc [status:201 request:0.121s]
[2025-08-29T18:48:00.199+0000] {base.py:271} INFO - POST http://elasticsearch:9200/logistics_project/doc [status:201 request:0.023s]
[2025-08-29T18:48:00.256+0000] {base.py:271} INFO - POST http://elasticsearch:9200/logistics_project/doc [status:201 request:0.049s]
[2025-08-29T18:48:00.287+0000] {base.py:271} INFO - POST http://elasticsearch:9200/logistics_project/doc [status:201 request:0.026s]
[2025-08-29T18:48:00.343+0000] {base.py:271} INFO - POST http://elasticsearch:9200/logistics_project/doc [status:201 request:0.050s]
[2025-08-29T18:48:00.389+0000] {base.py:271} INFO - POST http://elasticsearch:9200/logistics_project/doc [status:201 request:0.044s]
[2025-08-29T18:48:00.439+0000] {base.py:271} INFO - POST http://elasticsearch:9200/logistics_project/doc [status:201 request:0.039s]
[2025-08-29T18:48:00.593+0000] {base.py:271} INFO - POST http://elasticsearch:9200/logistics_project/doc [status:201 request:0.148s]
[2025-08-29T18:48:00.676+0000] {base.py:271} INFO - POST http://elasticsearch:9200/logistics_project/doc [status:201 request:0.064s]
[2025-08-29T18:48:00.745+0000] {base.py:271} INFO - POST http://elasticsearch:9200/logistics_project/doc [status:201 request:0.053s]
[2025-08-29T18:48:00.787+0000] {base.py:271} INFO - POST http://elasticsearch:9200/logistics_project/doc [status:201 request:0.035s]
[2025-08-29T18:48:00.834+0000] {base.py:271} INFO - POST http://elasticsearch:9200/logistics_project/doc [status:201 request:0.039s]
[2025-08-29T18:48:00.874+0000] {base.py:271} INFO - POST http://elasticsearch:9200/logistics_project/doc [status:201 request:0.038s]
[2025-08-29T18:48:00.956+0000] {base.py:271} INFO - POST http://elasticsearch:9200/logistics_project/doc [status:201 request:0.074s]
[2025-08-29T18:48:01.016+0000] {base.py:271} INFO - POST http://elasticsearch:9200/logistics_project/doc [status:201 request:0.058s]
[2025-08-29T18:48:01.112+0000] {base.py:271} INFO - POST http://elasticsearch:9200/logistics_project/doc [status:201 request:0.071s]
[2025-08-29T18:48:01.178+0000] {base.py:271} INFO - POST http://elasticsearch:9200/logistics_project/doc [status:201 request:0.058s]
[2025-08-29T18:48:01.271+0000] {base.py:271} INFO - POST http://elasticsearch:9200/logistics_project/doc [status:201 request:0.085s]
[2025-08-29T18:48:01.420+0000] {base.py:271} INFO - POST http://elasticsearch:9200/logistics_project/doc [status:201 request:0.023s]
[2025-08-29T18:48:01.473+0000] {base.py:271} INFO - POST http://elasticsearch:9200/logistics_project/doc [status:201 request:0.050s]
[2025-08-29T18:48:01.527+0000] {base.py:271} INFO - POST http://elasticsearch:9200/logistics_project/doc [status:201 request:0.047s]
[2025-08-29T18:48:01.581+0000] {base.py:271} INFO - POST http://elasticsearch:9200/logistics_project/doc [status:201 request:0.048s]
[2025-08-29T18:48:01.626+0000] {base.py:271} INFO - POST http://elasticsearch:9200/logistics_project/doc [status:201 request:0.044s]
[2025-08-29T18:48:01.666+0000] {base.py:271} INFO - POST http://elasticsearch:9200/logistics_project/doc [status:201 request:0.039s]
[2025-08-29T18:48:01.757+0000] {base.py:271} INFO - POST http://elasticsearch:9200/logistics_project/doc [status:201 request:0.083s]
[2025-08-29T18:48:01.814+0000] {base.py:271} INFO - POST http://elasticsearch:9200/logistics_project/doc [status:201 request:0.049s]
[2025-08-29T18:48:01.861+0000] {base.py:271} INFO - POST http://elasticsearch:9200/logistics_project/doc [status:201 request:0.033s]
[2025-08-29T18:48:02.005+0000] {base.py:271} INFO - POST http://elasticsearch:9200/logistics_project/doc [status:201 request:0.130s]
[2025-08-29T18:48:02.087+0000] {base.py:271} INFO - POST http://elasticsearch:9200/logistics_project/doc [status:201 request:0.065s]
[2025-08-29T18:48:02.131+0000] {base.py:271} INFO - POST http://elasticsearch:9200/logistics_project/doc [status:201 request:0.037s]
[2025-08-29T18:48:02.169+0000] {base.py:271} INFO - POST http://elasticsearch:9200/logistics_project/doc [status:201 request:0.035s]
[2025-08-29T18:48:02.214+0000] {base.py:271} INFO - POST http://elasticsearch:9200/logistics_project/doc [status:201 request:0.042s]
[2025-08-29T18:48:02.245+0000] {base.py:271} INFO - POST http://elasticsearch:9200/logistics_project/doc [status:201 request:0.028s]
[2025-08-29T18:48:02.301+0000] {base.py:271} INFO - POST http://elasticsearch:9200/logistics_project/doc [status:201 request:0.055s]
[2025-08-29T18:48:02.492+0000] {base.py:271} INFO - POST http://elasticsearch:9200/logistics_project/doc [status:201 request:0.081s]
[2025-08-29T18:48:02.546+0000] {base.py:271} INFO - POST http://elasticsearch:9200/logistics_project/doc [status:201 request:0.039s]
[2025-08-29T18:48:02.678+0000] {base.py:271} INFO - POST http://elasticsearch:9200/logistics_project/doc [status:201 request:0.126s]
[2025-08-29T18:48:02.783+0000] {base.py:271} INFO - POST http://elasticsearch:9200/logistics_project/doc [status:201 request:0.104s]
[2025-08-29T18:48:02.881+0000] {base.py:271} INFO - POST http://elasticsearch:9200/logistics_project/doc [status:201 request:0.095s]
[2025-08-29T18:48:02.953+0000] {base.py:271} INFO - POST http://elasticsearch:9200/logistics_project/doc [status:201 request:0.064s]
[2025-08-29T18:48:02.971+0000] {base.py:271} INFO - POST http://elasticsearch:9200/logistics_project/doc [status:201 request:0.015s]
[2025-08-29T18:48:03.039+0000] {base.py:271} INFO - POST http://elasticsearch:9200/logistics_project/doc [status:201 request:0.066s]
[2025-08-29T18:48:03.099+0000] {base.py:271} INFO - POST http://elasticsearch:9200/logistics_project/doc [status:201 request:0.040s]
[2025-08-29T18:48:03.154+0000] {base.py:271} INFO - POST http://elasticsearch:9200/logistics_project/doc [status:201 request:0.049s]
[2025-08-29T18:48:03.198+0000] {base.py:271} INFO - POST http://elasticsearch:9200/logistics_project/doc [status:201 request:0.043s]
[2025-08-29T18:48:03.249+0000] {base.py:271} INFO - POST http://elasticsearch:9200/logistics_project/doc [status:201 request:0.042s]
[2025-08-29T18:48:03.293+0000] {base.py:271} INFO - POST http://elasticsearch:9200/logistics_project/doc [status:201 request:0.038s]
[2025-08-29T18:48:03.316+0000] {base.py:271} INFO - POST http://elasticsearch:9200/logistics_project/doc [status:201 request:0.021s]
[2025-08-29T18:48:03.335+0000] {base.py:271} INFO - POST http://elasticsearch:9200/logistics_project/doc [status:201 request:0.018s]
[2025-08-29T18:48:03.388+0000] {base.py:271} INFO - POST http://elasticsearch:9200/logistics_project/doc [status:201 request:0.051s]
[2025-08-29T18:48:03.414+0000] {base.py:271} INFO - POST http://elasticsearch:9200/logistics_project/doc [status:201 request:0.023s]
[2025-08-29T18:48:03.446+0000] {base.py:271} INFO - POST http://elasticsearch:9200/logistics_project/doc [status:201 request:0.025s]
[2025-08-29T18:48:03.468+0000] {base.py:271} INFO - POST http://elasticsearch:9200/logistics_project/doc [status:201 request:0.019s]
[2025-08-29T18:48:03.490+0000] {base.py:271} INFO - POST http://elasticsearch:9200/logistics_project/doc [status:201 request:0.021s]
[2025-08-29T18:48:03.581+0000] {base.py:271} INFO - POST http://elasticsearch:9200/logistics_project/doc [status:201 request:0.073s]
[2025-08-29T18:48:03.617+0000] {base.py:271} INFO - POST http://elasticsearch:9200/logistics_project/doc [status:201 request:0.030s]
[2025-08-29T18:48:03.647+0000] {base.py:271} INFO - POST http://elasticsearch:9200/logistics_project/doc [status:201 request:0.028s]
[2025-08-29T18:48:03.676+0000] {base.py:271} INFO - POST http://elasticsearch:9200/logistics_project/doc [status:201 request:0.017s]
[2025-08-29T18:48:03.716+0000] {base.py:271} INFO - POST http://elasticsearch:9200/logistics_project/doc [status:201 request:0.037s]
[2025-08-29T18:48:03.748+0000] {base.py:271} INFO - POST http://elasticsearch:9200/logistics_project/doc [status:201 request:0.026s]
[2025-08-29T18:48:03.828+0000] {base.py:271} INFO - POST http://elasticsearch:9200/logistics_project/doc [status:201 request:0.066s]
[2025-08-29T18:48:03.954+0000] {base.py:271} INFO - POST http://elasticsearch:9200/logistics_project/doc [status:201 request:0.113s]
[2025-08-29T18:48:04.089+0000] {base.py:271} INFO - POST http://elasticsearch:9200/logistics_project/doc [status:201 request:0.069s]
[2025-08-29T18:48:04.146+0000] {base.py:271} INFO - POST http://elasticsearch:9200/logistics_project/doc [status:201 request:0.043s]
[2025-08-29T18:48:04.197+0000] {base.py:271} INFO - POST http://elasticsearch:9200/logistics_project/doc [status:201 request:0.037s]
[2025-08-29T18:48:04.232+0000] {base.py:271} INFO - POST http://elasticsearch:9200/logistics_project/doc [status:201 request:0.027s]
[2025-08-29T18:48:04.290+0000] {base.py:271} INFO - POST http://elasticsearch:9200/logistics_project/doc [status:201 request:0.043s]
[2025-08-29T18:48:04.352+0000] {base.py:271} INFO - POST http://elasticsearch:9200/logistics_project/doc [status:201 request:0.047s]
[2025-08-29T18:48:04.403+0000] {base.py:271} INFO - POST http://elasticsearch:9200/logistics_project/doc [status:201 request:0.046s]
[2025-08-29T18:48:04.436+0000] {base.py:271} INFO - POST http://elasticsearch:9200/logistics_project/doc [status:201 request:0.026s]
[2025-08-29T18:48:04.465+0000] {base.py:271} INFO - POST http://elasticsearch:9200/logistics_project/doc [status:201 request:0.026s]
[2025-08-29T18:48:04.517+0000] {base.py:271} INFO - POST http://elasticsearch:9200/logistics_project/doc [status:201 request:0.043s]
[2025-08-29T18:48:04.564+0000] {base.py:271} INFO - POST http://elasticsearch:9200/logistics_project/doc [status:201 request:0.041s]
[2025-08-29T18:48:04.610+0000] {base.py:271} INFO - POST http://elasticsearch:9200/logistics_project/doc [status:201 request:0.042s]
[2025-08-29T18:48:04.646+0000] {base.py:271} INFO - POST http://elasticsearch:9200/logistics_project/doc [status:201 request:0.032s]
[2025-08-29T18:48:04.696+0000] {base.py:271} INFO - POST http://elasticsearch:9200/logistics_project/doc [status:201 request:0.043s]
[2025-08-29T18:48:04.785+0000] {base.py:271} INFO - POST http://elasticsearch:9200/logistics_project/doc [status:201 request:0.083s]
[2025-08-29T18:48:04.869+0000] {base.py:271} INFO - POST http://elasticsearch:9200/logistics_project/doc [status:201 request:0.058s]
[2025-08-29T18:48:05.108+0000] {base.py:271} INFO - POST http://elasticsearch:9200/logistics_project/doc [status:201 request:0.093s]
[2025-08-29T18:48:05.178+0000] {base.py:271} INFO - POST http://elasticsearch:9200/logistics_project/doc [status:201 request:0.048s]
[2025-08-29T18:48:05.223+0000] {base.py:271} INFO - POST http://elasticsearch:9200/logistics_project/doc [status:201 request:0.031s]
[2025-08-29T18:48:05.253+0000] {base.py:271} INFO - POST http://elasticsearch:9200/logistics_project/doc [status:201 request:0.028s]
[2025-08-29T18:48:05.291+0000] {base.py:271} INFO - POST http://elasticsearch:9200/logistics_project/doc [status:201 request:0.019s]
[2025-08-29T18:48:05.319+0000] {base.py:271} INFO - POST http://elasticsearch:9200/logistics_project/doc [status:201 request:0.028s]
[2025-08-29T18:48:05.350+0000] {base.py:271} INFO - POST http://elasticsearch:9200/logistics_project/doc [status:201 request:0.023s]
[2025-08-29T18:48:05.381+0000] {base.py:271} INFO - POST http://elasticsearch:9200/logistics_project/doc [status:201 request:0.028s]
[2025-08-29T18:48:05.550+0000] {base.py:271} INFO - POST http://elasticsearch:9200/logistics_project/doc [status:201 request:0.165s]
[2025-08-29T18:48:05.718+0000] {base.py:271} INFO - POST http://elasticsearch:9200/logistics_project/doc [status:201 request:0.080s]
[2025-08-29T18:48:05.826+0000] {base.py:271} INFO - POST http://elasticsearch:9200/logistics_project/doc [status:201 request:0.088s]
[2025-08-29T18:48:05.886+0000] {base.py:271} INFO - POST http://elasticsearch:9200/logistics_project/doc [status:201 request:0.054s]
[2025-08-29T18:48:05.958+0000] {base.py:271} INFO - POST http://elasticsearch:9200/logistics_project/doc [status:201 request:0.069s]
[2025-08-29T18:48:06.024+0000] {base.py:271} INFO - POST http://elasticsearch:9200/logistics_project/doc [status:201 request:0.052s]
[2025-08-29T18:48:06.186+0000] {base.py:271} INFO - POST http://elasticsearch:9200/logistics_project/doc [status:201 request:0.149s]
[2025-08-29T18:48:06.277+0000] {base.py:271} INFO - POST http://elasticsearch:9200/logistics_project/doc [status:201 request:0.076s]
[2025-08-29T18:48:06.326+0000] {base.py:271} INFO - POST http://elasticsearch:9200/logistics_project/doc [status:201 request:0.044s]
[2025-08-29T18:48:06.397+0000] {base.py:271} INFO - POST http://elasticsearch:9200/logistics_project/doc [status:201 request:0.048s]
[2025-08-29T18:48:06.485+0000] {base.py:271} INFO - POST http://elasticsearch:9200/logistics_project/doc [status:201 request:0.074s]
[2025-08-29T18:48:06.604+0000] {base.py:271} INFO - POST http://elasticsearch:9200/logistics_project/doc [status:201 request:0.078s]
[2025-08-29T18:48:06.648+0000] {base.py:271} INFO - POST http://elasticsearch:9200/logistics_project/doc [status:201 request:0.036s]
[2025-08-29T18:48:06.705+0000] {base.py:271} INFO - POST http://elasticsearch:9200/logistics_project/doc [status:201 request:0.039s]
[2025-08-29T18:48:06.750+0000] {base.py:271} INFO - POST http://elasticsearch:9200/logistics_project/doc [status:201 request:0.039s]
[2025-08-29T18:48:06.811+0000] {base.py:271} INFO - POST http://elasticsearch:9200/logistics_project/doc [status:201 request:0.055s]
[2025-08-29T18:48:06.894+0000] {base.py:271} INFO - POST http://elasticsearch:9200/logistics_project/doc [status:201 request:0.053s]
[2025-08-29T18:48:07.099+0000] {base.py:271} INFO - POST http://elasticsearch:9200/logistics_project/doc [status:201 request:0.128s]
[2025-08-29T18:48:07.197+0000] {base.py:271} INFO - POST http://elasticsearch:9200/logistics_project/doc [status:201 request:0.057s]
[2025-08-29T18:48:07.370+0000] {base.py:271} INFO - POST http://elasticsearch:9200/logistics_project/doc [status:201 request:0.143s]
[2025-08-29T18:48:07.578+0000] {base.py:271} INFO - POST http://elasticsearch:9200/logistics_project/doc [status:201 request:0.061s]
[2025-08-29T18:48:07.711+0000] {base.py:271} INFO - POST http://elasticsearch:9200/logistics_project/doc [status:201 request:0.089s]
[2025-08-29T18:48:07.740+0000] {base.py:271} INFO - POST http://elasticsearch:9200/logistics_project/doc [status:201 request:0.024s]
[2025-08-29T18:48:07.786+0000] {base.py:271} INFO - POST http://elasticsearch:9200/logistics_project/doc [status:201 request:0.042s]
[2025-08-29T18:48:07.853+0000] {base.py:271} INFO - POST http://elasticsearch:9200/logistics_project/doc [status:201 request:0.056s]
[2025-08-29T18:48:07.908+0000] {base.py:271} INFO - POST http://elasticsearch:9200/logistics_project/doc [status:201 request:0.048s]
[2025-08-29T18:48:08.005+0000] {base.py:271} INFO - POST http://elasticsearch:9200/logistics_project/doc [status:201 request:0.085s]
[2025-08-29T18:48:08.151+0000] {base.py:271} INFO - POST http://elasticsearch:9200/logistics_project/doc [status:201 request:0.053s]
[2025-08-29T18:48:08.267+0000] {base.py:271} INFO - POST http://elasticsearch:9200/logistics_project/doc [status:201 request:0.101s]
[2025-08-29T18:48:08.324+0000] {base.py:271} INFO - POST http://elasticsearch:9200/logistics_project/doc [status:201 request:0.043s]
[2025-08-29T18:48:08.373+0000] {base.py:271} INFO - POST http://elasticsearch:9200/logistics_project/doc [status:201 request:0.044s]
[2025-08-29T18:48:08.411+0000] {base.py:271} INFO - POST http://elasticsearch:9200/logistics_project/doc [status:201 request:0.030s]
[2025-08-29T18:48:08.452+0000] {base.py:271} INFO - POST http://elasticsearch:9200/logistics_project/doc [status:201 request:0.036s]
[2025-08-29T18:48:08.502+0000] {base.py:271} INFO - POST http://elasticsearch:9200/logistics_project/doc [status:201 request:0.025s]
[2025-08-29T18:48:08.537+0000] {base.py:271} INFO - POST http://elasticsearch:9200/logistics_project/doc [status:201 request:0.023s]
[2025-08-29T18:48:08.566+0000] {base.py:271} INFO - POST http://elasticsearch:9200/logistics_project/doc [status:201 request:0.022s]
[2025-08-29T18:48:08.623+0000] {base.py:271} INFO - POST http://elasticsearch:9200/logistics_project/doc [status:201 request:0.042s]
[2025-08-29T18:48:08.801+0000] {base.py:271} INFO - POST http://elasticsearch:9200/logistics_project/doc [status:201 request:0.171s]
[2025-08-29T18:48:08.870+0000] {base.py:271} INFO - POST http://elasticsearch:9200/logistics_project/doc [status:201 request:0.050s]
[2025-08-29T18:48:08.982+0000] {base.py:271} INFO - POST http://elasticsearch:9200/logistics_project/doc [status:201 request:0.107s]
[2025-08-29T18:48:09.150+0000] {base.py:271} INFO - POST http://elasticsearch:9200/logistics_project/doc [status:201 request:0.132s]
[2025-08-29T18:48:09.261+0000] {base.py:271} INFO - POST http://elasticsearch:9200/logistics_project/doc [status:201 request:0.022s]
[2025-08-29T18:48:09.346+0000] {base.py:271} INFO - POST http://elasticsearch:9200/logistics_project/doc [status:201 request:0.074s]
[2025-08-29T18:48:09.434+0000] {base.py:271} INFO - POST http://elasticsearch:9200/logistics_project/doc [status:201 request:0.065s]
[2025-08-29T18:48:09.511+0000] {base.py:271} INFO - POST http://elasticsearch:9200/logistics_project/doc [status:201 request:0.045s]
[2025-08-29T18:48:09.632+0000] {base.py:271} INFO - POST http://elasticsearch:9200/logistics_project/doc [status:201 request:0.113s]
[2025-08-29T18:48:09.668+0000] {base.py:271} INFO - POST http://elasticsearch:9200/logistics_project/doc [status:201 request:0.026s]
[2025-08-29T18:48:09.690+0000] {base.py:271} INFO - POST http://elasticsearch:9200/logistics_project/doc [status:201 request:0.018s]
[2025-08-29T18:48:09.730+0000] {base.py:271} INFO - POST http://elasticsearch:9200/logistics_project/doc [status:201 request:0.034s]
[2025-08-29T18:48:09.794+0000] {base.py:271} INFO - POST http://elasticsearch:9200/logistics_project/doc [status:201 request:0.062s]
[2025-08-29T18:48:10.011+0000] {base.py:271} INFO - POST http://elasticsearch:9200/logistics_project/doc [status:201 request:0.184s]
[2025-08-29T18:48:10.285+0000] {base.py:271} INFO - POST http://elasticsearch:9200/logistics_project/doc [status:201 request:0.054s]
[2025-08-29T18:48:10.362+0000] {base.py:271} INFO - POST http://elasticsearch:9200/logistics_project/doc [status:201 request:0.049s]
[2025-08-29T18:48:10.423+0000] {base.py:271} INFO - POST http://elasticsearch:9200/logistics_project/doc [status:201 request:0.042s]
[2025-08-29T18:48:10.470+0000] {base.py:271} INFO - POST http://elasticsearch:9200/logistics_project/doc [status:201 request:0.041s]
[2025-08-29T18:48:10.525+0000] {base.py:271} INFO - POST http://elasticsearch:9200/logistics_project/doc [status:201 request:0.050s]
[2025-08-29T18:48:10.629+0000] {base.py:271} INFO - POST http://elasticsearch:9200/logistics_project/doc [status:201 request:0.084s]
[2025-08-29T18:48:10.697+0000] {base.py:271} INFO - POST http://elasticsearch:9200/logistics_project/doc [status:201 request:0.062s]
[2025-08-29T18:48:10.853+0000] {base.py:271} INFO - POST http://elasticsearch:9200/logistics_project/doc [status:201 request:0.147s]
[2025-08-29T18:48:10.944+0000] {base.py:271} INFO - POST http://elasticsearch:9200/logistics_project/doc [status:201 request:0.074s]
[2025-08-29T18:48:11.009+0000] {base.py:271} INFO - POST http://elasticsearch:9200/logistics_project/doc [status:201 request:0.050s]
[2025-08-29T18:48:11.060+0000] {base.py:271} INFO - POST http://elasticsearch:9200/logistics_project/doc [status:201 request:0.044s]
[2025-08-29T18:48:11.279+0000] {base.py:271} INFO - POST http://elasticsearch:9200/logistics_project/doc [status:201 request:0.201s]
[2025-08-29T18:48:11.476+0000] {base.py:271} INFO - POST http://elasticsearch:9200/logistics_project/doc [status:201 request:0.119s]
[2025-08-29T18:48:11.580+0000] {base.py:271} INFO - POST http://elasticsearch:9200/logistics_project/doc [status:201 request:0.078s]
[2025-08-29T18:48:11.623+0000] {base.py:271} INFO - POST http://elasticsearch:9200/logistics_project/doc [status:201 request:0.037s]
[2025-08-29T18:48:11.708+0000] {base.py:271} INFO - POST http://elasticsearch:9200/logistics_project/doc [status:201 request:0.066s]
[2025-08-29T18:48:11.773+0000] {base.py:271} INFO - POST http://elasticsearch:9200/logistics_project/doc [status:201 request:0.048s]
[2025-08-29T18:48:11.807+0000] {base.py:271} INFO - POST http://elasticsearch:9200/logistics_project/doc [status:201 request:0.027s]
[2025-08-29T18:48:11.832+0000] {base.py:271} INFO - POST http://elasticsearch:9200/logistics_project/doc [status:201 request:0.022s]
[2025-08-29T18:48:11.886+0000] {base.py:271} INFO - POST http://elasticsearch:9200/logistics_project/doc [status:201 request:0.050s]
[2025-08-29T18:48:11.981+0000] {base.py:271} INFO - POST http://elasticsearch:9200/logistics_project/doc [status:201 request:0.081s]
[2025-08-29T18:48:12.038+0000] {base.py:271} INFO - POST http://elasticsearch:9200/logistics_project/doc [status:201 request:0.039s]
[2025-08-29T18:48:12.074+0000] {base.py:271} INFO - POST http://elasticsearch:9200/logistics_project/doc [status:201 request:0.030s]
[2025-08-29T18:48:12.130+0000] {base.py:271} INFO - POST http://elasticsearch:9200/logistics_project/doc [status:201 request:0.042s]
[2025-08-29T18:48:12.195+0000] {base.py:271} INFO - POST http://elasticsearch:9200/logistics_project/doc [status:201 request:0.054s]
[2025-08-29T18:48:12.271+0000] {base.py:271} INFO - POST http://elasticsearch:9200/logistics_project/doc [status:201 request:0.058s]
[2025-08-29T18:48:12.338+0000] {base.py:271} INFO - POST http://elasticsearch:9200/logistics_project/doc [status:201 request:0.061s]
[2025-08-29T18:48:12.381+0000] {base.py:271} INFO - POST http://elasticsearch:9200/logistics_project/doc [status:201 request:0.039s]
[2025-08-29T18:48:12.603+0000] {base.py:271} INFO - POST http://elasticsearch:9200/logistics_project/doc [status:201 request:0.195s]
[2025-08-29T18:48:12.891+0000] {base.py:271} INFO - POST http://elasticsearch:9200/logistics_project/doc [status:201 request:0.064s]
[2025-08-29T18:48:12.934+0000] {base.py:271} INFO - POST http://elasticsearch:9200/logistics_project/doc [status:201 request:0.039s]
[2025-08-29T18:48:12.995+0000] {base.py:271} INFO - POST http://elasticsearch:9200/logistics_project/doc [status:201 request:0.049s]
[2025-08-29T18:48:13.042+0000] {base.py:271} INFO - POST http://elasticsearch:9200/logistics_project/doc [status:201 request:0.043s]
[2025-08-29T18:48:13.139+0000] {base.py:271} INFO - POST http://elasticsearch:9200/logistics_project/doc [status:201 request:0.038s]
[2025-08-29T18:48:13.291+0000] {base.py:271} INFO - POST http://elasticsearch:9200/logistics_project/doc [status:201 request:0.147s]
[2025-08-29T18:48:13.645+0000] {base.py:271} INFO - POST http://elasticsearch:9200/logistics_project/doc [status:201 request:0.114s]
[2025-08-29T18:48:13.728+0000] {base.py:271} INFO - POST http://elasticsearch:9200/logistics_project/doc [status:201 request:0.059s]
[2025-08-29T18:48:13.807+0000] {base.py:271} INFO - POST http://elasticsearch:9200/logistics_project/doc [status:201 request:0.062s]
[2025-08-29T18:48:13.914+0000] {base.py:271} INFO - POST http://elasticsearch:9200/logistics_project/doc [status:201 request:0.081s]
[2025-08-29T18:48:13.956+0000] {base.py:271} INFO - POST http://elasticsearch:9200/logistics_project/doc [status:201 request:0.036s]
[2025-08-29T18:48:14.009+0000] {base.py:271} INFO - POST http://elasticsearch:9200/logistics_project/doc [status:201 request:0.050s]
[2025-08-29T18:48:14.081+0000] {base.py:271} INFO - POST http://elasticsearch:9200/logistics_project/doc [status:201 request:0.070s]
[2025-08-29T18:48:14.173+0000] {base.py:271} INFO - POST http://elasticsearch:9200/logistics_project/doc [status:201 request:0.081s]
[2025-08-29T18:48:14.218+0000] {base.py:271} INFO - POST http://elasticsearch:9200/logistics_project/doc [status:201 request:0.033s]
[2025-08-29T18:48:14.287+0000] {base.py:271} INFO - POST http://elasticsearch:9200/logistics_project/doc [status:201 request:0.051s]
[2025-08-29T18:48:14.343+0000] {base.py:271} INFO - POST http://elasticsearch:9200/logistics_project/doc [status:201 request:0.048s]
[2025-08-29T18:48:14.496+0000] {base.py:271} INFO - POST http://elasticsearch:9200/logistics_project/doc [status:201 request:0.147s]
[2025-08-29T18:48:14.590+0000] {base.py:271} INFO - POST http://elasticsearch:9200/logistics_project/doc [status:201 request:0.039s]
[2025-08-29T18:48:14.642+0000] {base.py:271} INFO - POST http://elasticsearch:9200/logistics_project/doc [status:201 request:0.038s]
[2025-08-29T18:48:14.684+0000] {base.py:271} INFO - POST http://elasticsearch:9200/logistics_project/doc [status:201 request:0.036s]
[2025-08-29T18:48:14.707+0000] {base.py:271} INFO - POST http://elasticsearch:9200/logistics_project/doc [status:201 request:0.017s]
[2025-08-29T18:48:14.726+0000] {base.py:271} INFO - POST http://elasticsearch:9200/logistics_project/doc [status:201 request:0.014s]
[2025-08-29T18:48:14.740+0000] {base.py:271} INFO - POST http://elasticsearch:9200/logistics_project/doc [status:201 request:0.013s]
[2025-08-29T18:48:14.763+0000] {base.py:271} INFO - POST http://elasticsearch:9200/logistics_project/doc [status:201 request:0.021s]
[2025-08-29T18:48:14.828+0000] {base.py:271} INFO - POST http://elasticsearch:9200/logistics_project/doc [status:201 request:0.057s]
[2025-08-29T18:48:14.867+0000] {base.py:271} INFO - POST http://elasticsearch:9200/logistics_project/doc [status:201 request:0.031s]
[2025-08-29T18:48:14.890+0000] {base.py:271} INFO - POST http://elasticsearch:9200/logistics_project/doc [status:201 request:0.019s]
[2025-08-29T18:48:14.926+0000] {base.py:271} INFO - POST http://elasticsearch:9200/logistics_project/doc [status:201 request:0.029s]
[2025-08-29T18:48:15.083+0000] {base.py:271} INFO - POST http://elasticsearch:9200/logistics_project/doc [status:201 request:0.088s]
[2025-08-29T18:48:15.114+0000] {base.py:271} INFO - POST http://elasticsearch:9200/logistics_project/doc [status:201 request:0.029s]
[2025-08-29T18:48:15.144+0000] {base.py:271} INFO - POST http://elasticsearch:9200/logistics_project/doc [status:201 request:0.026s]
[2025-08-29T18:48:15.207+0000] {base.py:271} INFO - POST http://elasticsearch:9200/logistics_project/doc [status:201 request:0.051s]
[2025-08-29T18:48:15.289+0000] {base.py:271} INFO - POST http://elasticsearch:9200/logistics_project/doc [status:201 request:0.065s]
[2025-08-29T18:48:15.327+0000] {base.py:271} INFO - POST http://elasticsearch:9200/logistics_project/doc [status:201 request:0.033s]
[2025-08-29T18:48:15.352+0000] {base.py:271} INFO - POST http://elasticsearch:9200/logistics_project/doc [status:201 request:0.021s]
[2025-08-29T18:48:15.385+0000] {base.py:271} INFO - POST http://elasticsearch:9200/logistics_project/doc [status:201 request:0.021s]
[2025-08-29T18:48:15.413+0000] {base.py:271} INFO - POST http://elasticsearch:9200/logistics_project/doc [status:201 request:0.025s]
[2025-08-29T18:48:15.445+0000] {base.py:271} INFO - POST http://elasticsearch:9200/logistics_project/doc [status:201 request:0.026s]
[2025-08-29T18:48:15.494+0000] {base.py:271} INFO - POST http://elasticsearch:9200/logistics_project/doc [status:201 request:0.034s]
[2025-08-29T18:48:15.526+0000] {base.py:271} INFO - POST http://elasticsearch:9200/logistics_project/doc [status:201 request:0.026s]
[2025-08-29T18:48:15.558+0000] {base.py:271} INFO - POST http://elasticsearch:9200/logistics_project/doc [status:201 request:0.028s]
[2025-08-29T18:48:15.601+0000] {base.py:271} INFO - POST http://elasticsearch:9200/logistics_project/doc [status:201 request:0.034s]
[2025-08-29T18:48:15.617+0000] {base.py:271} INFO - POST http://elasticsearch:9200/logistics_project/doc [status:201 request:0.012s]
[2025-08-29T18:48:15.650+0000] {base.py:271} INFO - POST http://elasticsearch:9200/logistics_project/doc [status:201 request:0.030s]
[2025-08-29T18:48:15.686+0000] {base.py:271} INFO - POST http://elasticsearch:9200/logistics_project/doc [status:201 request:0.035s]
[2025-08-29T18:48:15.712+0000] {base.py:271} INFO - POST http://elasticsearch:9200/logistics_project/doc [status:201 request:0.022s]
[2025-08-29T18:48:15.734+0000] {base.py:271} INFO - POST http://elasticsearch:9200/logistics_project/doc [status:201 request:0.019s]
[2025-08-29T18:48:15.763+0000] {base.py:271} INFO - POST http://elasticsearch:9200/logistics_project/doc [status:201 request:0.027s]
[2025-08-29T18:48:15.793+0000] {base.py:271} INFO - POST http://elasticsearch:9200/logistics_project/doc [status:201 request:0.026s]
[2025-08-29T18:48:15.862+0000] {base.py:271} INFO - POST http://elasticsearch:9200/logistics_project/doc [status:201 request:0.050s]
[2025-08-29T18:48:15.905+0000] {base.py:271} INFO - POST http://elasticsearch:9200/logistics_project/doc [status:201 request:0.033s]
[2025-08-29T18:48:15.945+0000] {base.py:271} INFO - POST http://elasticsearch:9200/logistics_project/doc [status:201 request:0.031s]
[2025-08-29T18:48:16.070+0000] {base.py:271} INFO - POST http://elasticsearch:9200/logistics_project/doc [status:201 request:0.102s]
[2025-08-29T18:48:16.110+0000] {base.py:271} INFO - POST http://elasticsearch:9200/logistics_project/doc [status:201 request:0.035s]
[2025-08-29T18:48:16.198+0000] {base.py:271} INFO - POST http://elasticsearch:9200/logistics_project/doc [status:201 request:0.075s]
[2025-08-29T18:48:16.229+0000] {base.py:271} INFO - POST http://elasticsearch:9200/logistics_project/doc [status:201 request:0.028s]
[2025-08-29T18:48:16.269+0000] {base.py:271} INFO - POST http://elasticsearch:9200/logistics_project/doc [status:201 request:0.032s]
[2025-08-29T18:48:16.288+0000] {base.py:271} INFO - POST http://elasticsearch:9200/logistics_project/doc [status:201 request:0.018s]
[2025-08-29T18:48:16.353+0000] {base.py:271} INFO - POST http://elasticsearch:9200/logistics_project/doc [status:201 request:0.030s]
[2025-08-29T18:48:16.388+0000] {base.py:271} INFO - POST http://elasticsearch:9200/logistics_project/doc [status:201 request:0.030s]
[2025-08-29T18:48:16.434+0000] {base.py:271} INFO - POST http://elasticsearch:9200/logistics_project/doc [status:201 request:0.039s]
[2025-08-29T18:48:16.505+0000] {base.py:271} INFO - POST http://elasticsearch:9200/logistics_project/doc [status:201 request:0.031s]
[2025-08-29T18:48:16.554+0000] {base.py:271} INFO - POST http://elasticsearch:9200/logistics_project/doc [status:201 request:0.046s]
[2025-08-29T18:48:16.594+0000] {base.py:271} INFO - POST http://elasticsearch:9200/logistics_project/doc [status:201 request:0.032s]
[2025-08-29T18:48:16.646+0000] {base.py:271} INFO - POST http://elasticsearch:9200/logistics_project/doc [status:201 request:0.031s]
[2025-08-29T18:48:16.671+0000] {base.py:271} INFO - POST http://elasticsearch:9200/logistics_project/doc [status:201 request:0.020s]
[2025-08-29T18:48:16.719+0000] {base.py:271} INFO - POST http://elasticsearch:9200/logistics_project/doc [status:201 request:0.042s]
[2025-08-29T18:48:16.787+0000] {base.py:271} INFO - POST http://elasticsearch:9200/logistics_project/doc [status:201 request:0.057s]
[2025-08-29T18:48:16.857+0000] {base.py:271} INFO - POST http://elasticsearch:9200/logistics_project/doc [status:201 request:0.056s]
[2025-08-29T18:48:16.930+0000] {base.py:271} INFO - POST http://elasticsearch:9200/logistics_project/doc [status:201 request:0.066s]
[2025-08-29T18:48:16.998+0000] {base.py:271} INFO - POST http://elasticsearch:9200/logistics_project/doc [status:201 request:0.059s]
[2025-08-29T18:48:17.040+0000] {base.py:271} INFO - POST http://elasticsearch:9200/logistics_project/doc [status:201 request:0.039s]
[2025-08-29T18:48:17.126+0000] {base.py:271} INFO - POST http://elasticsearch:9200/logistics_project/doc [status:201 request:0.070s]
[2025-08-29T18:48:17.154+0000] {base.py:271} INFO - POST http://elasticsearch:9200/logistics_project/doc [status:201 request:0.018s]
[2025-08-29T18:48:17.192+0000] {base.py:271} INFO - POST http://elasticsearch:9200/logistics_project/doc [status:201 request:0.036s]
[2025-08-29T18:48:17.226+0000] {base.py:271} INFO - POST http://elasticsearch:9200/logistics_project/doc [status:201 request:0.030s]
[2025-08-29T18:48:17.257+0000] {base.py:271} INFO - POST http://elasticsearch:9200/logistics_project/doc [status:201 request:0.027s]
[2025-08-29T18:48:17.291+0000] {base.py:271} INFO - POST http://elasticsearch:9200/logistics_project/doc [status:201 request:0.030s]
[2025-08-29T18:48:18.341+0000] {base.py:271} INFO - POST http://elasticsearch:9200/logistics_project/doc [status:201 request:1.043s]
[2025-08-29T18:48:18.501+0000] {base.py:271} INFO - POST http://elasticsearch:9200/logistics_project/doc [status:201 request:0.039s]
[2025-08-29T18:48:18.555+0000] {base.py:271} INFO - POST http://elasticsearch:9200/logistics_project/doc [status:201 request:0.047s]
[2025-08-29T18:48:18.838+0000] {base.py:271} INFO - POST http://elasticsearch:9200/logistics_project/doc [status:201 request:0.123s]
[2025-08-29T18:48:18.922+0000] {base.py:271} INFO - POST http://elasticsearch:9200/logistics_project/doc [status:201 request:0.044s]
[2025-08-29T18:48:18.959+0000] {base.py:271} INFO - POST http://elasticsearch:9200/logistics_project/doc [status:201 request:0.024s]
[2025-08-29T18:48:19.000+0000] {base.py:271} INFO - POST http://elasticsearch:9200/logistics_project/doc [status:201 request:0.030s]
[2025-08-29T18:48:19.037+0000] {base.py:271} INFO - POST http://elasticsearch:9200/logistics_project/doc [status:201 request:0.034s]
[2025-08-29T18:48:19.081+0000] {base.py:271} INFO - POST http://elasticsearch:9200/logistics_project/doc [status:201 request:0.042s]
[2025-08-29T18:48:19.109+0000] {base.py:271} INFO - POST http://elasticsearch:9200/logistics_project/doc [status:201 request:0.019s]
[2025-08-29T18:48:19.160+0000] {base.py:271} INFO - POST http://elasticsearch:9200/logistics_project/doc [status:201 request:0.044s]
[2025-08-29T18:48:19.360+0000] {base.py:271} INFO - POST http://elasticsearch:9200/logistics_project/doc [status:201 request:0.194s]
[2025-08-29T18:48:20.091+0000] {base.py:271} INFO - POST http://elasticsearch:9200/logistics_project/doc [status:201 request:0.470s]
[2025-08-29T18:48:20.477+0000] {base.py:271} INFO - POST http://elasticsearch:9200/logistics_project/doc [status:201 request:0.187s]
[2025-08-29T18:48:20.828+0000] {base.py:271} INFO - POST http://elasticsearch:9200/logistics_project/doc [status:201 request:0.280s]
[2025-08-29T18:48:21.659+0000] {base.py:271} INFO - POST http://elasticsearch:9200/logistics_project/doc [status:201 request:0.536s]
[2025-08-29T18:48:22.485+0000] {base.py:271} INFO - POST http://elasticsearch:9200/logistics_project/doc [status:201 request:0.411s]
[2025-08-29T18:48:23.513+0000] {base.py:271} INFO - POST http://elasticsearch:9200/logistics_project/doc [status:201 request:0.468s]
[2025-08-29T18:48:23.869+0000] {base.py:271} INFO - POST http://elasticsearch:9200/logistics_project/doc [status:201 request:0.170s]
[2025-08-29T18:48:23.932+0000] {base.py:271} INFO - POST http://elasticsearch:9200/logistics_project/doc [status:201 request:0.042s]
[2025-08-29T18:48:24.011+0000] {base.py:271} INFO - POST http://elasticsearch:9200/logistics_project/doc [status:201 request:0.065s]
[2025-08-29T18:48:24.100+0000] {base.py:271} INFO - POST http://elasticsearch:9200/logistics_project/doc [status:201 request:0.065s]
[2025-08-29T18:48:24.177+0000] {base.py:271} INFO - POST http://elasticsearch:9200/logistics_project/doc [status:201 request:0.052s]
[2025-08-29T18:48:24.263+0000] {base.py:271} INFO - POST http://elasticsearch:9200/logistics_project/doc [status:201 request:0.077s]
[2025-08-29T18:48:24.339+0000] {base.py:271} INFO - POST http://elasticsearch:9200/logistics_project/doc [status:201 request:0.057s]
[2025-08-29T18:48:24.398+0000] {base.py:271} INFO - POST http://elasticsearch:9200/logistics_project/doc [status:201 request:0.050s]
[2025-08-29T18:48:24.466+0000] {base.py:271} INFO - POST http://elasticsearch:9200/logistics_project/doc [status:201 request:0.061s]
[2025-08-29T18:48:24.603+0000] {base.py:271} INFO - POST http://elasticsearch:9200/logistics_project/doc [status:201 request:0.104s]
[2025-08-29T18:48:24.676+0000] {base.py:271} INFO - POST http://elasticsearch:9200/logistics_project/doc [status:201 request:0.053s]
[2025-08-29T18:48:24.771+0000] {base.py:271} INFO - POST http://elasticsearch:9200/logistics_project/doc [status:201 request:0.051s]
[2025-08-29T18:48:24.868+0000] {base.py:271} INFO - POST http://elasticsearch:9200/logistics_project/doc [status:201 request:0.054s]
[2025-08-29T18:48:25.014+0000] {base.py:271} INFO - POST http://elasticsearch:9200/logistics_project/doc [status:201 request:0.115s]
[2025-08-29T18:48:25.133+0000] {base.py:271} INFO - POST http://elasticsearch:9200/logistics_project/doc [status:201 request:0.109s]
[2025-08-29T18:48:25.347+0000] {base.py:271} INFO - POST http://elasticsearch:9200/logistics_project/doc [status:201 request:0.193s]
[2025-08-29T18:48:25.568+0000] {base.py:271} INFO - POST http://elasticsearch:9200/logistics_project/doc [status:201 request:0.160s]
[2025-08-29T18:48:25.906+0000] {base.py:271} INFO - POST http://elasticsearch:9200/logistics_project/doc [status:201 request:0.237s]
[2025-08-29T18:48:25.962+0000] {base.py:271} INFO - POST http://elasticsearch:9200/logistics_project/doc [status:201 request:0.037s]
[2025-08-29T18:48:26.054+0000] {base.py:271} INFO - POST http://elasticsearch:9200/logistics_project/doc [status:201 request:0.072s]
[2025-08-29T18:48:26.185+0000] {base.py:271} INFO - POST http://elasticsearch:9200/logistics_project/doc [status:201 request:0.107s]
[2025-08-29T18:48:26.266+0000] {base.py:271} INFO - POST http://elasticsearch:9200/logistics_project/doc [status:201 request:0.070s]
[2025-08-29T18:48:26.423+0000] {base.py:271} INFO - POST http://elasticsearch:9200/logistics_project/doc [status:201 request:0.144s]
[2025-08-29T18:48:26.499+0000] {base.py:271} INFO - POST http://elasticsearch:9200/logistics_project/doc [status:201 request:0.063s]
[2025-08-29T18:48:26.581+0000] {base.py:271} INFO - POST http://elasticsearch:9200/logistics_project/doc [status:201 request:0.072s]
[2025-08-29T18:48:26.644+0000] {base.py:271} INFO - POST http://elasticsearch:9200/logistics_project/doc [status:201 request:0.052s]
[2025-08-29T18:48:26.669+0000] {base.py:271} INFO - POST http://elasticsearch:9200/logistics_project/doc [status:201 request:0.023s]
[2025-08-29T18:48:26.755+0000] {base.py:271} INFO - POST http://elasticsearch:9200/logistics_project/doc [status:201 request:0.078s]
[2025-08-29T18:48:26.910+0000] {base.py:271} INFO - POST http://elasticsearch:9200/logistics_project/doc [status:201 request:0.115s]
[2025-08-29T18:48:27.088+0000] {base.py:271} INFO - POST http://elasticsearch:9200/logistics_project/doc [status:201 request:0.152s]
[2025-08-29T18:48:27.446+0000] {base.py:271} INFO - POST http://elasticsearch:9200/logistics_project/doc [status:201 request:0.264s]
[2025-08-29T18:48:27.919+0000] {base.py:271} INFO - POST http://elasticsearch:9200/logistics_project/doc [status:201 request:0.338s]
[2025-08-29T18:48:28.868+0000] {base.py:271} INFO - POST http://elasticsearch:9200/logistics_project/doc [status:201 request:0.729s]
[2025-08-29T18:48:30.462+0000] {base.py:299} WARNING - POST http://elasticsearch:9200/logistics_project/doc [status:N/A request:1.238s]
Traceback (most recent call last):
  File "/home/airflow/.local/lib/python3.7/site-packages/urllib3/connectionpool.py", line 710, in urlopen
    chunked=chunked,
  File "/home/airflow/.local/lib/python3.7/site-packages/urllib3/connectionpool.py", line 449, in _make_request
    six.raise_from(e, None)
  File "<string>", line 3, in raise_from
  File "/home/airflow/.local/lib/python3.7/site-packages/urllib3/connectionpool.py", line 444, in _make_request
    httplib_response = conn.getresponse()
  File "/usr/local/lib/python3.7/http/client.py", line 1373, in getresponse
    response.begin()
  File "/usr/local/lib/python3.7/http/client.py", line 319, in begin
    version, status, reason = self._read_status()
  File "/usr/local/lib/python3.7/http/client.py", line 288, in _read_status
    raise RemoteDisconnected("Remote end closed connection without"
http.client.RemoteDisconnected: Remote end closed connection without response

During handling of the above exception, another exception occurred:

Traceback (most recent call last):
  File "/home/airflow/.local/lib/python3.7/site-packages/elasticsearch/connection/http_urllib3.py", line 252, in perform_request
    method, url, body, retries=Retry(False), headers=request_headers, **kw
  File "/home/airflow/.local/lib/python3.7/site-packages/urllib3/connectionpool.py", line 788, in urlopen
    method, url, error=e, _pool=self, _stacktrace=sys.exc_info()[2]
  File "/home/airflow/.local/lib/python3.7/site-packages/urllib3/util/retry.py", line 525, in increment
    raise six.reraise(type(error), error, _stacktrace)
  File "/home/airflow/.local/lib/python3.7/site-packages/urllib3/packages/six.py", line 769, in reraise
    raise value.with_traceback(tb)
  File "/home/airflow/.local/lib/python3.7/site-packages/urllib3/connectionpool.py", line 710, in urlopen
    chunked=chunked,
  File "/home/airflow/.local/lib/python3.7/site-packages/urllib3/connectionpool.py", line 449, in _make_request
    six.raise_from(e, None)
  File "<string>", line 3, in raise_from
  File "/home/airflow/.local/lib/python3.7/site-packages/urllib3/connectionpool.py", line 444, in _make_request
    httplib_response = conn.getresponse()
  File "/usr/local/lib/python3.7/http/client.py", line 1373, in getresponse
    response.begin()
  File "/usr/local/lib/python3.7/http/client.py", line 319, in begin
    version, status, reason = self._read_status()
  File "/usr/local/lib/python3.7/http/client.py", line 288, in _read_status
    raise RemoteDisconnected("Remote end closed connection without"
urllib3.exceptions.ProtocolError: ('Connection aborted.', RemoteDisconnected('Remote end closed connection without response'))
[2025-08-29T18:48:30.786+0000] {base.py:299} WARNING - POST http://elasticsearch:9200/logistics_project/doc [status:N/A request:0.055s]
Traceback (most recent call last):
  File "/home/airflow/.local/lib/python3.7/site-packages/urllib3/connection.py", line 175, in _new_conn
    (self._dns_host, self.port), self.timeout, **extra_kw
  File "/home/airflow/.local/lib/python3.7/site-packages/urllib3/util/connection.py", line 95, in create_connection
    raise err
  File "/home/airflow/.local/lib/python3.7/site-packages/urllib3/util/connection.py", line 85, in create_connection
    sock.connect(sa)
ConnectionRefusedError: [Errno 111] Connection refused

During handling of the above exception, another exception occurred:

Traceback (most recent call last):
  File "/home/airflow/.local/lib/python3.7/site-packages/elasticsearch/connection/http_urllib3.py", line 252, in perform_request
    method, url, body, retries=Retry(False), headers=request_headers, **kw
  File "/home/airflow/.local/lib/python3.7/site-packages/urllib3/connectionpool.py", line 788, in urlopen
    method, url, error=e, _pool=self, _stacktrace=sys.exc_info()[2]
  File "/home/airflow/.local/lib/python3.7/site-packages/urllib3/util/retry.py", line 525, in increment
    raise six.reraise(type(error), error, _stacktrace)
  File "/home/airflow/.local/lib/python3.7/site-packages/urllib3/packages/six.py", line 770, in reraise
    raise value
  File "/home/airflow/.local/lib/python3.7/site-packages/urllib3/connectionpool.py", line 710, in urlopen
    chunked=chunked,
  File "/home/airflow/.local/lib/python3.7/site-packages/urllib3/connectionpool.py", line 398, in _make_request
    conn.request(method, url, **httplib_request_kw)
  File "/home/airflow/.local/lib/python3.7/site-packages/urllib3/connection.py", line 239, in request
    super(HTTPConnection, self).request(method, url, body=body, headers=headers)
  File "/usr/local/lib/python3.7/http/client.py", line 1281, in request
    self._send_request(method, url, body, headers, encode_chunked)
  File "/usr/local/lib/python3.7/http/client.py", line 1327, in _send_request
    self.endheaders(body, encode_chunked=encode_chunked)
  File "/usr/local/lib/python3.7/http/client.py", line 1276, in endheaders
    self._send_output(message_body, encode_chunked=encode_chunked)
  File "/usr/local/lib/python3.7/http/client.py", line 1036, in _send_output
    self.send(msg)
  File "/usr/local/lib/python3.7/http/client.py", line 976, in send
    self.connect()
  File "/home/airflow/.local/lib/python3.7/site-packages/urllib3/connection.py", line 205, in connect
    conn = self._new_conn()
  File "/home/airflow/.local/lib/python3.7/site-packages/urllib3/connection.py", line 187, in _new_conn
    self, "Failed to establish a new connection: %s" % e
urllib3.exceptions.NewConnectionError: <urllib3.connection.HTTPConnection object at 0xffff98c1ead0>: Failed to establish a new connection: [Errno 111] Connection refused
[2025-08-29T18:48:30.818+0000] {base.py:299} WARNING - POST http://elasticsearch:9200/logistics_project/doc [status:N/A request:0.007s]
Traceback (most recent call last):
  File "/home/airflow/.local/lib/python3.7/site-packages/urllib3/connection.py", line 175, in _new_conn
    (self._dns_host, self.port), self.timeout, **extra_kw
  File "/home/airflow/.local/lib/python3.7/site-packages/urllib3/util/connection.py", line 95, in create_connection
    raise err
  File "/home/airflow/.local/lib/python3.7/site-packages/urllib3/util/connection.py", line 85, in create_connection
    sock.connect(sa)
ConnectionRefusedError: [Errno 111] Connection refused

During handling of the above exception, another exception occurred:

Traceback (most recent call last):
  File "/home/airflow/.local/lib/python3.7/site-packages/elasticsearch/connection/http_urllib3.py", line 252, in perform_request
    method, url, body, retries=Retry(False), headers=request_headers, **kw
  File "/home/airflow/.local/lib/python3.7/site-packages/urllib3/connectionpool.py", line 788, in urlopen
    method, url, error=e, _pool=self, _stacktrace=sys.exc_info()[2]
  File "/home/airflow/.local/lib/python3.7/site-packages/urllib3/util/retry.py", line 525, in increment
    raise six.reraise(type(error), error, _stacktrace)
  File "/home/airflow/.local/lib/python3.7/site-packages/urllib3/packages/six.py", line 770, in reraise
    raise value
  File "/home/airflow/.local/lib/python3.7/site-packages/urllib3/connectionpool.py", line 710, in urlopen
    chunked=chunked,
  File "/home/airflow/.local/lib/python3.7/site-packages/urllib3/connectionpool.py", line 398, in _make_request
    conn.request(method, url, **httplib_request_kw)
  File "/home/airflow/.local/lib/python3.7/site-packages/urllib3/connection.py", line 239, in request
    super(HTTPConnection, self).request(method, url, body=body, headers=headers)
  File "/usr/local/lib/python3.7/http/client.py", line 1281, in request
    self._send_request(method, url, body, headers, encode_chunked)
  File "/usr/local/lib/python3.7/http/client.py", line 1327, in _send_request
    self.endheaders(body, encode_chunked=encode_chunked)
  File "/usr/local/lib/python3.7/http/client.py", line 1276, in endheaders
    self._send_output(message_body, encode_chunked=encode_chunked)
  File "/usr/local/lib/python3.7/http/client.py", line 1036, in _send_output
    self.send(msg)
  File "/usr/local/lib/python3.7/http/client.py", line 976, in send
    self.connect()
  File "/home/airflow/.local/lib/python3.7/site-packages/urllib3/connection.py", line 205, in connect
    conn = self._new_conn()
  File "/home/airflow/.local/lib/python3.7/site-packages/urllib3/connection.py", line 187, in _new_conn
    self, "Failed to establish a new connection: %s" % e
urllib3.exceptions.NewConnectionError: <urllib3.connection.HTTPConnection object at 0xffff98b58810>: Failed to establish a new connection: [Errno 111] Connection refused
[2025-08-29T18:48:30.850+0000] {base.py:299} WARNING - POST http://elasticsearch:9200/logistics_project/doc [status:N/A request:0.001s]
Traceback (most recent call last):
  File "/home/airflow/.local/lib/python3.7/site-packages/urllib3/connection.py", line 175, in _new_conn
    (self._dns_host, self.port), self.timeout, **extra_kw
  File "/home/airflow/.local/lib/python3.7/site-packages/urllib3/util/connection.py", line 95, in create_connection
    raise err
  File "/home/airflow/.local/lib/python3.7/site-packages/urllib3/util/connection.py", line 85, in create_connection
    sock.connect(sa)
ConnectionRefusedError: [Errno 111] Connection refused

During handling of the above exception, another exception occurred:

Traceback (most recent call last):
  File "/home/airflow/.local/lib/python3.7/site-packages/elasticsearch/connection/http_urllib3.py", line 252, in perform_request
    method, url, body, retries=Retry(False), headers=request_headers, **kw
  File "/home/airflow/.local/lib/python3.7/site-packages/urllib3/connectionpool.py", line 788, in urlopen
    method, url, error=e, _pool=self, _stacktrace=sys.exc_info()[2]
  File "/home/airflow/.local/lib/python3.7/site-packages/urllib3/util/retry.py", line 525, in increment
    raise six.reraise(type(error), error, _stacktrace)
  File "/home/airflow/.local/lib/python3.7/site-packages/urllib3/packages/six.py", line 770, in reraise
    raise value
  File "/home/airflow/.local/lib/python3.7/site-packages/urllib3/connectionpool.py", line 710, in urlopen
    chunked=chunked,
  File "/home/airflow/.local/lib/python3.7/site-packages/urllib3/connectionpool.py", line 398, in _make_request
    conn.request(method, url, **httplib_request_kw)
  File "/home/airflow/.local/lib/python3.7/site-packages/urllib3/connection.py", line 239, in request
    super(HTTPConnection, self).request(method, url, body=body, headers=headers)
  File "/usr/local/lib/python3.7/http/client.py", line 1281, in request
    self._send_request(method, url, body, headers, encode_chunked)
  File "/usr/local/lib/python3.7/http/client.py", line 1327, in _send_request
    self.endheaders(body, encode_chunked=encode_chunked)
  File "/usr/local/lib/python3.7/http/client.py", line 1276, in endheaders
    self._send_output(message_body, encode_chunked=encode_chunked)
  File "/usr/local/lib/python3.7/http/client.py", line 1036, in _send_output
    self.send(msg)
  File "/usr/local/lib/python3.7/http/client.py", line 976, in send
    self.connect()
  File "/home/airflow/.local/lib/python3.7/site-packages/urllib3/connection.py", line 205, in connect
    conn = self._new_conn()
  File "/home/airflow/.local/lib/python3.7/site-packages/urllib3/connection.py", line 187, in _new_conn
    self, "Failed to establish a new connection: %s" % e
urllib3.exceptions.NewConnectionError: <urllib3.connection.HTTPConnection object at 0xffff98ae0910>: Failed to establish a new connection: [Errno 111] Connection refused
[2025-08-29T18:48:30.884+0000] {taskinstance.py:1902} ERROR - Task failed with exception
Traceback (most recent call last):
  File "/home/airflow/.local/lib/python3.7/site-packages/urllib3/connection.py", line 175, in _new_conn
    (self._dns_host, self.port), self.timeout, **extra_kw
  File "/home/airflow/.local/lib/python3.7/site-packages/urllib3/util/connection.py", line 95, in create_connection
    raise err
  File "/home/airflow/.local/lib/python3.7/site-packages/urllib3/util/connection.py", line 85, in create_connection
    sock.connect(sa)
ConnectionRefusedError: [Errno 111] Connection refused

During handling of the above exception, another exception occurred:

Traceback (most recent call last):
  File "/home/airflow/.local/lib/python3.7/site-packages/elasticsearch/connection/http_urllib3.py", line 252, in perform_request
    method, url, body, retries=Retry(False), headers=request_headers, **kw
  File "/home/airflow/.local/lib/python3.7/site-packages/urllib3/connectionpool.py", line 788, in urlopen
    method, url, error=e, _pool=self, _stacktrace=sys.exc_info()[2]
  File "/home/airflow/.local/lib/python3.7/site-packages/urllib3/util/retry.py", line 525, in increment
    raise six.reraise(type(error), error, _stacktrace)
  File "/home/airflow/.local/lib/python3.7/site-packages/urllib3/packages/six.py", line 770, in reraise
    raise value
  File "/home/airflow/.local/lib/python3.7/site-packages/urllib3/connectionpool.py", line 710, in urlopen
    chunked=chunked,
  File "/home/airflow/.local/lib/python3.7/site-packages/urllib3/connectionpool.py", line 398, in _make_request
    conn.request(method, url, **httplib_request_kw)
  File "/home/airflow/.local/lib/python3.7/site-packages/urllib3/connection.py", line 239, in request
    super(HTTPConnection, self).request(method, url, body=body, headers=headers)
  File "/usr/local/lib/python3.7/http/client.py", line 1281, in request
    self._send_request(method, url, body, headers, encode_chunked)
  File "/usr/local/lib/python3.7/http/client.py", line 1327, in _send_request
    self.endheaders(body, encode_chunked=encode_chunked)
  File "/usr/local/lib/python3.7/http/client.py", line 1276, in endheaders
    self._send_output(message_body, encode_chunked=encode_chunked)
  File "/usr/local/lib/python3.7/http/client.py", line 1036, in _send_output
    self.send(msg)
  File "/usr/local/lib/python3.7/http/client.py", line 976, in send
    self.connect()
  File "/home/airflow/.local/lib/python3.7/site-packages/urllib3/connection.py", line 205, in connect
    conn = self._new_conn()
  File "/home/airflow/.local/lib/python3.7/site-packages/urllib3/connection.py", line 187, in _new_conn
    self, "Failed to establish a new connection: %s" % e
urllib3.exceptions.NewConnectionError: <urllib3.connection.HTTPConnection object at 0xffff98ae0910>: Failed to establish a new connection: [Errno 111] Connection refused

During handling of the above exception, another exception occurred:

Traceback (most recent call last):
  File "/home/airflow/.local/lib/python3.7/site-packages/airflow/decorators/base.py", line 179, in execute
    return_value = super().execute(context)
  File "/home/airflow/.local/lib/python3.7/site-packages/airflow/operators/python.py", line 171, in execute
    return_value = self.execute_callable()
  File "/home/airflow/.local/lib/python3.7/site-packages/airflow/operators/python.py", line 189, in execute_callable
    return self.python_callable(*self.op_args, **self.op_kwargs)
  File "/opt/airflow/dags/P2M3_muhammad_al_ghifari_DAG.py", line 174, in load
    res=es.index(index="logistics_project", doc_type="doc", body=row.to_json())
  File "/home/airflow/.local/lib/python3.7/site-packages/elasticsearch/client/utils.py", line 168, in _wrapped
    return func(*args, params=params, headers=headers, **kwargs)
  File "/home/airflow/.local/lib/python3.7/site-packages/elasticsearch/client/__init__.py", line 411, in index
    body=body,
  File "/home/airflow/.local/lib/python3.7/site-packages/elasticsearch/transport.py", line 413, in perform_request
    raise e
  File "/home/airflow/.local/lib/python3.7/site-packages/elasticsearch/transport.py", line 388, in perform_request
    timeout=timeout,
  File "/home/airflow/.local/lib/python3.7/site-packages/elasticsearch/connection/http_urllib3.py", line 266, in perform_request
    raise ConnectionError("N/A", str(e), e)
elasticsearch.exceptions.ConnectionError: ConnectionError(<urllib3.connection.HTTPConnection object at 0xffff98ae0910>: Failed to establish a new connection: [Errno 111] Connection refused) caused by: NewConnectionError(<urllib3.connection.HTTPConnection object at 0xffff98ae0910>: Failed to establish a new connection: [Errno 111] Connection refused)
[2025-08-29T18:48:31.700+0000] {taskinstance.py:1412} INFO - Marking task as FAILED. dag_id=etl_P2M3_muhammad_al_ghifari, task_id=load, execution_date=20250503T023000, start_date=20250829T184752, end_date=20250829T184831
[2025-08-29T18:48:32.376+0000] {local_task_job.py:227} WARNING - State of this instance has been externally set to failed. Terminating instance.
[2025-08-29T18:48:32.525+0000] {process_utils.py:129} INFO - Sending Signals.SIGTERM to group 280. PIDs of all processes in the group: [280]
[2025-08-29T18:48:32.545+0000] {process_utils.py:80} INFO - Sending the signal Signals.SIGTERM to group 280
[2025-08-29T18:48:32.571+0000] {taskinstance.py:1553} ERROR - Received SIGTERM. Terminating subprocesses.
[2025-08-29T18:48:32.600+0000] {standard_task_runner.py:97} ERROR - Failed to execute job 201 for task load (Task received SIGTERM signal; 280)
[2025-08-29T18:48:32.831+0000] {process_utils.py:75} INFO - Process psutil.Process(pid=280, status='terminated', exitcode=1, started='18:47:52') (280) terminated with exit code 1
