[2025-08-29T18:46:49.889+0000] {taskinstance.py:1171} INFO - Dependencies all met for <TaskInstance: etl_P2M3_muhammad_al_ghifari.load scheduled__2025-04-26T02:20:00+00:00 [queued]>
[2025-08-29T18:46:51.390+0000] {taskinstance.py:1171} INFO - Dependencies all met for <TaskInstance: etl_P2M3_muhammad_al_ghifari.load scheduled__2025-04-26T02:20:00+00:00 [queued]>
[2025-08-29T18:46:51.430+0000] {taskinstance.py:1368} INFO - 
--------------------------------------------------------------------------------
[2025-08-29T18:46:51.432+0000] {taskinstance.py:1369} INFO - Starting attempt 1 of 1
[2025-08-29T18:46:51.427+0000] {taskinstance.py:1370} INFO - 
--------------------------------------------------------------------------------
[2025-08-29T18:46:51.965+0000] {taskinstance.py:1389} INFO - Executing <Task(_PythonDecoratedOperator): load> on 2025-04-26 02:20:00+00:00
[2025-08-29T18:46:53.174+0000] {standard_task_runner.py:52} INFO - Started process 238 to run task
[2025-08-29T18:46:53.520+0000] {standard_task_runner.py:79} INFO - Running: ['***', 'tasks', 'run', 'etl_P2M3_muhammad_al_ghifari', 'load', 'scheduled__2025-04-26T02:20:00+00:00', '--job-id', '187', '--raw', '--subdir', 'DAGS_FOLDER/P2M3_muhammad_al_ghifari_DAG.py', '--cfg-path', '/tmp/tmp0o5op5ws', '--error-file', '/tmp/tmplwj3nwod']
[2025-08-29T18:46:53.605+0000] {standard_task_runner.py:80} INFO - Job 187: Subtask load
[2025-08-29T18:46:55.290+0000] {task_command.py:371} INFO - Running <TaskInstance: etl_P2M3_muhammad_al_ghifari.load scheduled__2025-04-26T02:20:00+00:00 [running]> on host b40c5a90b1e4
[2025-08-29T18:46:57.744+0000] {taskinstance.py:1583} INFO - Exporting the following env vars:
AIRFLOW_CTX_DAG_OWNER=Muhammad Al Ghifari
AIRFLOW_CTX_DAG_ID=etl_P2M3_muhammad_al_ghifari
AIRFLOW_CTX_TASK_ID=load
AIRFLOW_CTX_EXECUTION_DATE=2025-04-26T02:20:00+00:00
AIRFLOW_CTX_TRY_NUMBER=1
AIRFLOW_CTX_DAG_RUN_ID=scheduled__2025-04-26T02:20:00+00:00
[2025-08-29T18:46:58.317+0000] {base.py:271} INFO - HEAD http://elasticsearch:9200/ [status:200 request:0.279s]
[2025-08-29T18:46:58.343+0000] {logging_mixin.py:115} INFO - True
[2025-08-29T18:47:11.220+0000] {logging_mixin.py:115} WARNING - /home/***/.local/lib/python3.7/site-packages/elasticsearch/connection/base.py:208 ElasticsearchWarning: [types removal] Specifying types in document index requests is deprecated, use the typeless endpoints instead (/{index}/_doc/{id}, /{index}/_doc, or /{index}/_create/{id}).
[2025-08-29T18:47:11.228+0000] {base.py:271} INFO - POST http://elasticsearch:9200/logistics_project/doc [status:201 request:9.683s]
[2025-08-29T18:47:11.369+0000] {base.py:271} INFO - POST http://elasticsearch:9200/logistics_project/doc [status:201 request:0.073s]
[2025-08-29T18:47:11.451+0000] {base.py:271} INFO - POST http://elasticsearch:9200/logistics_project/doc [status:201 request:0.073s]
[2025-08-29T18:47:11.711+0000] {base.py:271} INFO - POST http://elasticsearch:9200/logistics_project/doc [status:201 request:0.250s]
[2025-08-29T18:47:11.843+0000] {base.py:271} INFO - POST http://elasticsearch:9200/logistics_project/doc [status:201 request:0.096s]
[2025-08-29T18:47:11.920+0000] {base.py:271} INFO - POST http://elasticsearch:9200/logistics_project/doc [status:201 request:0.068s]
[2025-08-29T18:47:11.962+0000] {base.py:271} INFO - POST http://elasticsearch:9200/logistics_project/doc [status:201 request:0.040s]
[2025-08-29T18:47:12.010+0000] {base.py:271} INFO - POST http://elasticsearch:9200/logistics_project/doc [status:201 request:0.040s]
[2025-08-29T18:47:12.099+0000] {base.py:271} INFO - POST http://elasticsearch:9200/logistics_project/doc [status:201 request:0.085s]
[2025-08-29T18:47:12.180+0000] {base.py:271} INFO - POST http://elasticsearch:9200/logistics_project/doc [status:201 request:0.075s]
[2025-08-29T18:47:12.264+0000] {base.py:271} INFO - POST http://elasticsearch:9200/logistics_project/doc [status:201 request:0.069s]
[2025-08-29T18:47:12.438+0000] {base.py:271} INFO - POST http://elasticsearch:9200/logistics_project/doc [status:201 request:0.154s]
[2025-08-29T18:47:12.656+0000] {base.py:271} INFO - POST http://elasticsearch:9200/logistics_project/doc [status:201 request:0.103s]
[2025-08-29T18:47:12.759+0000] {base.py:271} INFO - POST http://elasticsearch:9200/logistics_project/doc [status:201 request:0.089s]
[2025-08-29T18:47:13.547+0000] {base.py:271} INFO - POST http://elasticsearch:9200/logistics_project/doc [status:201 request:0.754s]
[2025-08-29T18:47:13.830+0000] {base.py:271} INFO - POST http://elasticsearch:9200/logistics_project/doc [status:201 request:0.243s]
[2025-08-29T18:47:14.154+0000] {base.py:271} INFO - POST http://elasticsearch:9200/logistics_project/doc [status:201 request:0.300s]
[2025-08-29T18:47:14.705+0000] {base.py:271} INFO - POST http://elasticsearch:9200/logistics_project/doc [status:201 request:0.351s]
[2025-08-29T18:47:16.513+0000] {base.py:271} INFO - POST http://elasticsearch:9200/logistics_project/doc [status:201 request:1.736s]
[2025-08-29T18:47:16.924+0000] {base.py:271} INFO - POST http://elasticsearch:9200/logistics_project/doc [status:201 request:0.313s]
[2025-08-29T18:47:16.975+0000] {base.py:271} INFO - POST http://elasticsearch:9200/logistics_project/doc [status:201 request:0.034s]
[2025-08-29T18:47:17.077+0000] {base.py:271} INFO - POST http://elasticsearch:9200/logistics_project/doc [status:201 request:0.080s]
[2025-08-29T18:47:17.905+0000] {base.py:271} INFO - POST http://elasticsearch:9200/logistics_project/doc [status:201 request:0.821s]
[2025-08-29T18:47:18.144+0000] {base.py:271} INFO - POST http://elasticsearch:9200/logistics_project/doc [status:201 request:0.104s]
[2025-08-29T18:47:18.268+0000] {base.py:271} INFO - POST http://elasticsearch:9200/logistics_project/doc [status:201 request:0.113s]
[2025-08-29T18:47:18.397+0000] {base.py:271} INFO - POST http://elasticsearch:9200/logistics_project/doc [status:201 request:0.115s]
[2025-08-29T18:47:18.539+0000] {base.py:271} INFO - POST http://elasticsearch:9200/logistics_project/doc [status:201 request:0.094s]
[2025-08-29T18:47:18.618+0000] {base.py:271} INFO - POST http://elasticsearch:9200/logistics_project/doc [status:201 request:0.055s]
[2025-08-29T18:47:18.683+0000] {base.py:271} INFO - POST http://elasticsearch:9200/logistics_project/doc [status:201 request:0.056s]
[2025-08-29T18:47:18.728+0000] {base.py:271} INFO - POST http://elasticsearch:9200/logistics_project/doc [status:201 request:0.035s]
[2025-08-29T18:47:18.773+0000] {base.py:271} INFO - POST http://elasticsearch:9200/logistics_project/doc [status:201 request:0.039s]
[2025-08-29T18:47:18.832+0000] {base.py:271} INFO - POST http://elasticsearch:9200/logistics_project/doc [status:201 request:0.047s]
[2025-08-29T18:47:19.071+0000] {base.py:271} INFO - POST http://elasticsearch:9200/logistics_project/doc [status:201 request:0.227s]
[2025-08-29T18:47:19.214+0000] {base.py:271} INFO - POST http://elasticsearch:9200/logistics_project/doc [status:201 request:0.121s]
[2025-08-29T18:47:19.292+0000] {base.py:271} INFO - POST http://elasticsearch:9200/logistics_project/doc [status:201 request:0.072s]
[2025-08-29T18:47:19.403+0000] {base.py:271} INFO - POST http://elasticsearch:9200/logistics_project/doc [status:201 request:0.102s]
[2025-08-29T18:47:19.599+0000] {base.py:271} INFO - POST http://elasticsearch:9200/logistics_project/doc [status:201 request:0.176s]
[2025-08-29T18:47:19.742+0000] {base.py:271} INFO - POST http://elasticsearch:9200/logistics_project/doc [status:201 request:0.055s]
[2025-08-29T18:47:19.794+0000] {base.py:271} INFO - POST http://elasticsearch:9200/logistics_project/doc [status:201 request:0.044s]
[2025-08-29T18:47:19.869+0000] {base.py:271} INFO - POST http://elasticsearch:9200/logistics_project/doc [status:201 request:0.071s]
[2025-08-29T18:47:19.918+0000] {base.py:271} INFO - POST http://elasticsearch:9200/logistics_project/doc [status:201 request:0.039s]
[2025-08-29T18:47:20.009+0000] {base.py:271} INFO - POST http://elasticsearch:9200/logistics_project/doc [status:201 request:0.080s]
[2025-08-29T18:47:20.075+0000] {base.py:271} INFO - POST http://elasticsearch:9200/logistics_project/doc [status:201 request:0.063s]
[2025-08-29T18:47:20.114+0000] {base.py:271} INFO - POST http://elasticsearch:9200/logistics_project/doc [status:201 request:0.031s]
[2025-08-29T18:47:20.242+0000] {base.py:271} INFO - POST http://elasticsearch:9200/logistics_project/doc [status:201 request:0.111s]
[2025-08-29T18:47:20.421+0000] {base.py:271} INFO - POST http://elasticsearch:9200/logistics_project/doc [status:201 request:0.148s]
[2025-08-29T18:47:20.476+0000] {base.py:271} INFO - POST http://elasticsearch:9200/logistics_project/doc [status:201 request:0.026s]
[2025-08-29T18:47:20.556+0000] {base.py:271} INFO - POST http://elasticsearch:9200/logistics_project/doc [status:201 request:0.074s]
[2025-08-29T18:47:20.610+0000] {base.py:271} INFO - POST http://elasticsearch:9200/logistics_project/doc [status:201 request:0.047s]
[2025-08-29T18:47:20.670+0000] {base.py:271} INFO - POST http://elasticsearch:9200/logistics_project/doc [status:201 request:0.056s]
[2025-08-29T18:47:20.828+0000] {base.py:271} INFO - POST http://elasticsearch:9200/logistics_project/doc [status:201 request:0.148s]
[2025-08-29T18:47:20.891+0000] {base.py:271} INFO - POST http://elasticsearch:9200/logistics_project/doc [status:201 request:0.044s]
[2025-08-29T18:47:20.941+0000] {base.py:271} INFO - POST http://elasticsearch:9200/logistics_project/doc [status:201 request:0.044s]
[2025-08-29T18:47:20.996+0000] {base.py:271} INFO - POST http://elasticsearch:9200/logistics_project/doc [status:201 request:0.046s]
[2025-08-29T18:47:21.035+0000] {base.py:271} INFO - POST http://elasticsearch:9200/logistics_project/doc [status:201 request:0.036s]
[2025-08-29T18:47:21.062+0000] {base.py:271} INFO - POST http://elasticsearch:9200/logistics_project/doc [status:201 request:0.023s]
[2025-08-29T18:47:21.092+0000] {base.py:271} INFO - POST http://elasticsearch:9200/logistics_project/doc [status:201 request:0.024s]
[2025-08-29T18:47:21.123+0000] {base.py:271} INFO - POST http://elasticsearch:9200/logistics_project/doc [status:201 request:0.030s]
[2025-08-29T18:47:21.154+0000] {base.py:271} INFO - POST http://elasticsearch:9200/logistics_project/doc [status:201 request:0.027s]
[2025-08-29T18:47:21.201+0000] {base.py:271} INFO - POST http://elasticsearch:9200/logistics_project/doc [status:201 request:0.045s]
[2025-08-29T18:47:21.228+0000] {base.py:271} INFO - POST http://elasticsearch:9200/logistics_project/doc [status:201 request:0.023s]
[2025-08-29T18:47:21.261+0000] {base.py:271} INFO - POST http://elasticsearch:9200/logistics_project/doc [status:201 request:0.026s]
[2025-08-29T18:47:21.348+0000] {base.py:271} INFO - POST http://elasticsearch:9200/logistics_project/doc [status:201 request:0.079s]
[2025-08-29T18:47:21.442+0000] {base.py:271} INFO - POST http://elasticsearch:9200/logistics_project/doc [status:201 request:0.062s]
[2025-08-29T18:47:21.541+0000] {base.py:271} INFO - POST http://elasticsearch:9200/logistics_project/doc [status:201 request:0.085s]
[2025-08-29T18:47:22.015+0000] {base.py:271} INFO - POST http://elasticsearch:9200/logistics_project/doc [status:201 request:0.467s]
[2025-08-29T18:47:22.085+0000] {base.py:271} INFO - POST http://elasticsearch:9200/logistics_project/doc [status:201 request:0.031s]
[2025-08-29T18:47:22.122+0000] {base.py:271} INFO - POST http://elasticsearch:9200/logistics_project/doc [status:201 request:0.032s]
[2025-08-29T18:47:22.152+0000] {base.py:271} INFO - POST http://elasticsearch:9200/logistics_project/doc [status:201 request:0.025s]
[2025-08-29T18:47:22.201+0000] {base.py:271} INFO - POST http://elasticsearch:9200/logistics_project/doc [status:201 request:0.047s]
[2025-08-29T18:47:22.248+0000] {base.py:271} INFO - POST http://elasticsearch:9200/logistics_project/doc [status:201 request:0.043s]
[2025-08-29T18:47:22.302+0000] {base.py:271} INFO - POST http://elasticsearch:9200/logistics_project/doc [status:201 request:0.052s]
[2025-08-29T18:47:22.345+0000] {base.py:271} INFO - POST http://elasticsearch:9200/logistics_project/doc [status:201 request:0.039s]
[2025-08-29T18:47:22.375+0000] {base.py:271} INFO - POST http://elasticsearch:9200/logistics_project/doc [status:201 request:0.023s]
[2025-08-29T18:47:22.396+0000] {base.py:271} INFO - POST http://elasticsearch:9200/logistics_project/doc [status:201 request:0.018s]
[2025-08-29T18:47:22.443+0000] {base.py:271} INFO - POST http://elasticsearch:9200/logistics_project/doc [status:201 request:0.045s]
[2025-08-29T18:47:22.471+0000] {base.py:271} INFO - POST http://elasticsearch:9200/logistics_project/doc [status:201 request:0.023s]
[2025-08-29T18:47:22.533+0000] {base.py:271} INFO - POST http://elasticsearch:9200/logistics_project/doc [status:201 request:0.054s]
[2025-08-29T18:47:22.768+0000] {base.py:271} INFO - POST http://elasticsearch:9200/logistics_project/doc [status:201 request:0.064s]
[2025-08-29T18:47:22.819+0000] {base.py:271} INFO - POST http://elasticsearch:9200/logistics_project/doc [status:201 request:0.037s]
[2025-08-29T18:47:22.874+0000] {base.py:271} INFO - POST http://elasticsearch:9200/logistics_project/doc [status:201 request:0.050s]
[2025-08-29T18:47:22.924+0000] {base.py:271} INFO - POST http://elasticsearch:9200/logistics_project/doc [status:201 request:0.044s]
[2025-08-29T18:47:23.440+0000] {base.py:271} INFO - POST http://elasticsearch:9200/logistics_project/doc [status:201 request:0.455s]
[2025-08-29T18:47:23.955+0000] {base.py:271} INFO - POST http://elasticsearch:9200/logistics_project/doc [status:201 request:0.286s]
[2025-08-29T18:47:24.223+0000] {base.py:271} INFO - POST http://elasticsearch:9200/logistics_project/doc [status:201 request:0.226s]
[2025-08-29T18:47:24.441+0000] {base.py:271} INFO - POST http://elasticsearch:9200/logistics_project/doc [status:201 request:0.094s]
[2025-08-29T18:47:24.533+0000] {base.py:271} INFO - POST http://elasticsearch:9200/logistics_project/doc [status:201 request:0.072s]
[2025-08-29T18:47:24.659+0000] {base.py:271} INFO - POST http://elasticsearch:9200/logistics_project/doc [status:201 request:0.120s]
[2025-08-29T18:47:24.733+0000] {base.py:271} INFO - POST http://elasticsearch:9200/logistics_project/doc [status:201 request:0.048s]
[2025-08-29T18:47:24.792+0000] {base.py:271} INFO - POST http://elasticsearch:9200/logistics_project/doc [status:201 request:0.054s]
[2025-08-29T18:47:24.867+0000] {base.py:271} INFO - POST http://elasticsearch:9200/logistics_project/doc [status:201 request:0.069s]
[2025-08-29T18:47:24.927+0000] {base.py:271} INFO - POST http://elasticsearch:9200/logistics_project/doc [status:201 request:0.050s]
[2025-08-29T18:47:25.009+0000] {base.py:271} INFO - POST http://elasticsearch:9200/logistics_project/doc [status:201 request:0.066s]
[2025-08-29T18:47:25.232+0000] {base.py:271} INFO - POST http://elasticsearch:9200/logistics_project/doc [status:201 request:0.218s]
[2025-08-29T18:47:25.392+0000] {base.py:271} INFO - POST http://elasticsearch:9200/logistics_project/doc [status:201 request:0.066s]
[2025-08-29T18:47:25.438+0000] {base.py:271} INFO - POST http://elasticsearch:9200/logistics_project/doc [status:201 request:0.037s]
[2025-08-29T18:47:25.518+0000] {base.py:271} INFO - POST http://elasticsearch:9200/logistics_project/doc [status:201 request:0.068s]
[2025-08-29T18:47:25.649+0000] {base.py:271} INFO - POST http://elasticsearch:9200/logistics_project/doc [status:201 request:0.108s]
[2025-08-29T18:47:25.770+0000] {base.py:271} INFO - POST http://elasticsearch:9200/logistics_project/doc [status:201 request:0.080s]
[2025-08-29T18:47:26.591+0000] {base.py:271} INFO - POST http://elasticsearch:9200/logistics_project/doc [status:201 request:0.481s]
[2025-08-29T18:47:27.192+0000] {base.py:271} INFO - POST http://elasticsearch:9200/logistics_project/doc [status:201 request:0.510s]
[2025-08-29T18:47:27.476+0000] {base.py:271} INFO - POST http://elasticsearch:9200/logistics_project/doc [status:201 request:0.197s]
[2025-08-29T18:47:27.595+0000] {base.py:271} INFO - POST http://elasticsearch:9200/logistics_project/doc [status:201 request:0.115s]
[2025-08-29T18:47:27.651+0000] {base.py:271} INFO - POST http://elasticsearch:9200/logistics_project/doc [status:201 request:0.046s]
[2025-08-29T18:47:27.721+0000] {base.py:271} INFO - POST http://elasticsearch:9200/logistics_project/doc [status:201 request:0.058s]
[2025-08-29T18:47:27.831+0000] {base.py:271} INFO - POST http://elasticsearch:9200/logistics_project/doc [status:201 request:0.104s]
[2025-08-29T18:47:27.998+0000] {base.py:271} INFO - POST http://elasticsearch:9200/logistics_project/doc [status:201 request:0.159s]
[2025-08-29T18:47:28.068+0000] {base.py:271} INFO - POST http://elasticsearch:9200/logistics_project/doc [status:201 request:0.061s]
[2025-08-29T18:47:28.114+0000] {base.py:271} INFO - POST http://elasticsearch:9200/logistics_project/doc [status:201 request:0.034s]
[2025-08-29T18:47:28.166+0000] {base.py:271} INFO - POST http://elasticsearch:9200/logistics_project/doc [status:201 request:0.041s]
[2025-08-29T18:47:28.214+0000] {base.py:271} INFO - POST http://elasticsearch:9200/logistics_project/doc [status:201 request:0.044s]
[2025-08-29T18:47:28.267+0000] {base.py:271} INFO - POST http://elasticsearch:9200/logistics_project/doc [status:201 request:0.050s]
[2025-08-29T18:47:28.343+0000] {base.py:271} INFO - POST http://elasticsearch:9200/logistics_project/doc [status:201 request:0.069s]
[2025-08-29T18:47:28.385+0000] {base.py:271} INFO - POST http://elasticsearch:9200/logistics_project/doc [status:201 request:0.034s]
[2025-08-29T18:47:28.431+0000] {base.py:271} INFO - POST http://elasticsearch:9200/logistics_project/doc [status:201 request:0.039s]
[2025-08-29T18:47:28.488+0000] {base.py:271} INFO - POST http://elasticsearch:9200/logistics_project/doc [status:201 request:0.032s]
[2025-08-29T18:47:28.563+0000] {base.py:271} INFO - POST http://elasticsearch:9200/logistics_project/doc [status:201 request:0.059s]
[2025-08-29T18:47:28.627+0000] {base.py:271} INFO - POST http://elasticsearch:9200/logistics_project/doc [status:201 request:0.055s]
[2025-08-29T18:47:28.756+0000] {base.py:271} INFO - POST http://elasticsearch:9200/logistics_project/doc [status:201 request:0.116s]
[2025-08-29T18:47:28.856+0000] {base.py:271} INFO - POST http://elasticsearch:9200/logistics_project/doc [status:201 request:0.091s]
[2025-08-29T18:47:28.982+0000] {base.py:271} INFO - POST http://elasticsearch:9200/logistics_project/doc [status:201 request:0.103s]
[2025-08-29T18:47:29.067+0000] {base.py:271} INFO - POST http://elasticsearch:9200/logistics_project/doc [status:201 request:0.063s]
[2025-08-29T18:47:29.143+0000] {base.py:271} INFO - POST http://elasticsearch:9200/logistics_project/doc [status:201 request:0.058s]
[2025-08-29T18:47:29.240+0000] {base.py:271} INFO - POST http://elasticsearch:9200/logistics_project/doc [status:201 request:0.086s]
[2025-08-29T18:47:29.378+0000] {base.py:271} INFO - POST http://elasticsearch:9200/logistics_project/doc [status:201 request:0.060s]
[2025-08-29T18:47:29.482+0000] {base.py:271} INFO - POST http://elasticsearch:9200/logistics_project/doc [status:201 request:0.095s]
[2025-08-29T18:47:29.564+0000] {base.py:271} INFO - POST http://elasticsearch:9200/logistics_project/doc [status:201 request:0.066s]
[2025-08-29T18:47:29.666+0000] {base.py:271} INFO - POST http://elasticsearch:9200/logistics_project/doc [status:201 request:0.090s]
[2025-08-29T18:47:29.756+0000] {base.py:271} INFO - POST http://elasticsearch:9200/logistics_project/doc [status:201 request:0.083s]
[2025-08-29T18:47:29.858+0000] {base.py:271} INFO - POST http://elasticsearch:9200/logistics_project/doc [status:201 request:0.059s]
[2025-08-29T18:47:29.906+0000] {base.py:271} INFO - POST http://elasticsearch:9200/logistics_project/doc [status:201 request:0.039s]
[2025-08-29T18:47:29.964+0000] {base.py:271} INFO - POST http://elasticsearch:9200/logistics_project/doc [status:201 request:0.048s]
[2025-08-29T18:47:30.026+0000] {base.py:271} INFO - POST http://elasticsearch:9200/logistics_project/doc [status:201 request:0.058s]
[2025-08-29T18:47:30.168+0000] {base.py:271} INFO - POST http://elasticsearch:9200/logistics_project/doc [status:201 request:0.117s]
[2025-08-29T18:47:30.356+0000] {base.py:271} INFO - POST http://elasticsearch:9200/logistics_project/doc [status:201 request:0.163s]
[2025-08-29T18:47:30.448+0000] {base.py:271} INFO - POST http://elasticsearch:9200/logistics_project/doc [status:201 request:0.064s]
[2025-08-29T18:47:30.535+0000] {base.py:271} INFO - POST http://elasticsearch:9200/logistics_project/doc [status:201 request:0.078s]
[2025-08-29T18:47:30.607+0000] {base.py:271} INFO - POST http://elasticsearch:9200/logistics_project/doc [status:201 request:0.050s]
[2025-08-29T18:47:30.647+0000] {base.py:271} INFO - POST http://elasticsearch:9200/logistics_project/doc [status:201 request:0.033s]
[2025-08-29T18:47:30.688+0000] {base.py:271} INFO - POST http://elasticsearch:9200/logistics_project/doc [status:201 request:0.034s]
[2025-08-29T18:47:30.748+0000] {base.py:271} INFO - POST http://elasticsearch:9200/logistics_project/doc [status:201 request:0.054s]
[2025-08-29T18:47:30.843+0000] {base.py:271} INFO - POST http://elasticsearch:9200/logistics_project/doc [status:201 request:0.093s]
[2025-08-29T18:47:30.931+0000] {base.py:271} INFO - POST http://elasticsearch:9200/logistics_project/doc [status:201 request:0.082s]
[2025-08-29T18:47:30.972+0000] {base.py:271} INFO - POST http://elasticsearch:9200/logistics_project/doc [status:201 request:0.028s]
[2025-08-29T18:47:31.016+0000] {base.py:271} INFO - POST http://elasticsearch:9200/logistics_project/doc [status:201 request:0.036s]
[2025-08-29T18:47:31.091+0000] {base.py:271} INFO - POST http://elasticsearch:9200/logistics_project/doc [status:201 request:0.060s]
[2025-08-29T18:47:31.132+0000] {base.py:271} INFO - POST http://elasticsearch:9200/logistics_project/doc [status:201 request:0.032s]
[2025-08-29T18:47:31.180+0000] {base.py:271} INFO - POST http://elasticsearch:9200/logistics_project/doc [status:201 request:0.045s]
[2025-08-29T18:47:31.251+0000] {base.py:271} INFO - POST http://elasticsearch:9200/logistics_project/doc [status:201 request:0.066s]
[2025-08-29T18:47:31.359+0000] {base.py:271} INFO - POST http://elasticsearch:9200/logistics_project/doc [status:201 request:0.105s]
[2025-08-29T18:47:31.428+0000] {base.py:271} INFO - POST http://elasticsearch:9200/logistics_project/doc [status:201 request:0.060s]
[2025-08-29T18:47:31.491+0000] {base.py:271} INFO - POST http://elasticsearch:9200/logistics_project/doc [status:201 request:0.050s]
[2025-08-29T18:47:31.732+0000] {base.py:271} INFO - POST http://elasticsearch:9200/logistics_project/doc [status:201 request:0.125s]
[2025-08-29T18:47:31.786+0000] {base.py:271} INFO - POST http://elasticsearch:9200/logistics_project/doc [status:201 request:0.049s]
[2025-08-29T18:47:31.882+0000] {base.py:271} INFO - POST http://elasticsearch:9200/logistics_project/doc [status:201 request:0.081s]
[2025-08-29T18:47:31.942+0000] {base.py:271} INFO - POST http://elasticsearch:9200/logistics_project/doc [status:201 request:0.048s]
[2025-08-29T18:47:32.036+0000] {base.py:271} INFO - POST http://elasticsearch:9200/logistics_project/doc [status:201 request:0.087s]
[2025-08-29T18:47:32.102+0000] {base.py:271} INFO - POST http://elasticsearch:9200/logistics_project/doc [status:201 request:0.045s]
[2025-08-29T18:47:32.147+0000] {base.py:271} INFO - POST http://elasticsearch:9200/logistics_project/doc [status:201 request:0.043s]
[2025-08-29T18:47:32.218+0000] {base.py:271} INFO - POST http://elasticsearch:9200/logistics_project/doc [status:201 request:0.068s]
[2025-08-29T18:47:32.245+0000] {base.py:271} INFO - POST http://elasticsearch:9200/logistics_project/doc [status:201 request:0.024s]
[2025-08-29T18:47:32.300+0000] {base.py:271} INFO - POST http://elasticsearch:9200/logistics_project/doc [status:201 request:0.053s]
[2025-08-29T18:47:32.354+0000] {base.py:271} INFO - POST http://elasticsearch:9200/logistics_project/doc [status:201 request:0.048s]
[2025-08-29T18:47:32.414+0000] {base.py:271} INFO - POST http://elasticsearch:9200/logistics_project/doc [status:201 request:0.049s]
[2025-08-29T18:47:32.508+0000] {base.py:271} INFO - POST http://elasticsearch:9200/logistics_project/doc [status:201 request:0.084s]
[2025-08-29T18:47:32.630+0000] {base.py:271} INFO - POST http://elasticsearch:9200/logistics_project/doc [status:201 request:0.109s]
[2025-08-29T18:47:32.670+0000] {base.py:271} INFO - POST http://elasticsearch:9200/logistics_project/doc [status:201 request:0.036s]
[2025-08-29T18:47:32.711+0000] {base.py:271} INFO - POST http://elasticsearch:9200/logistics_project/doc [status:201 request:0.037s]
[2025-08-29T18:47:32.741+0000] {base.py:271} INFO - POST http://elasticsearch:9200/logistics_project/doc [status:201 request:0.022s]
[2025-08-29T18:47:32.846+0000] {base.py:271} INFO - POST http://elasticsearch:9200/logistics_project/doc [status:201 request:0.099s]
[2025-08-29T18:47:33.053+0000] {base.py:271} INFO - POST http://elasticsearch:9200/logistics_project/doc [status:201 request:0.119s]
[2025-08-29T18:47:33.161+0000] {base.py:271} INFO - POST http://elasticsearch:9200/logistics_project/doc [status:201 request:0.091s]
[2025-08-29T18:47:33.621+0000] {base.py:271} INFO - POST http://elasticsearch:9200/logistics_project/doc [status:201 request:0.415s]
[2025-08-29T18:47:34.805+0000] {base.py:271} INFO - POST http://elasticsearch:9200/logistics_project/doc [status:201 request:0.771s]
[2025-08-29T18:47:35.234+0000] {base.py:271} INFO - POST http://elasticsearch:9200/logistics_project/doc [status:201 request:0.180s]
[2025-08-29T18:47:35.304+0000] {base.py:271} INFO - POST http://elasticsearch:9200/logistics_project/doc [status:201 request:0.045s]
[2025-08-29T18:47:35.376+0000] {base.py:271} INFO - POST http://elasticsearch:9200/logistics_project/doc [status:201 request:0.069s]
[2025-08-29T18:47:35.452+0000] {base.py:271} INFO - POST http://elasticsearch:9200/logistics_project/doc [status:201 request:0.071s]
[2025-08-29T18:47:35.510+0000] {base.py:271} INFO - POST http://elasticsearch:9200/logistics_project/doc [status:201 request:0.045s]
[2025-08-29T18:47:35.582+0000] {base.py:271} INFO - POST http://elasticsearch:9200/logistics_project/doc [status:201 request:0.069s]
[2025-08-29T18:47:35.634+0000] {base.py:271} INFO - POST http://elasticsearch:9200/logistics_project/doc [status:201 request:0.047s]
[2025-08-29T18:47:35.682+0000] {base.py:271} INFO - POST http://elasticsearch:9200/logistics_project/doc [status:201 request:0.043s]
[2025-08-29T18:47:35.744+0000] {base.py:271} INFO - POST http://elasticsearch:9200/logistics_project/doc [status:201 request:0.061s]
[2025-08-29T18:47:36.025+0000] {base.py:271} INFO - POST http://elasticsearch:9200/logistics_project/doc [status:201 request:0.231s]
[2025-08-29T18:47:36.382+0000] {base.py:271} INFO - POST http://elasticsearch:9200/logistics_project/doc [status:201 request:0.271s]
[2025-08-29T18:47:37.518+0000] {base.py:271} INFO - POST http://elasticsearch:9200/logistics_project/doc [status:201 request:0.953s]
[2025-08-29T18:47:37.790+0000] {base.py:271} INFO - POST http://elasticsearch:9200/logistics_project/doc [status:201 request:0.125s]
[2025-08-29T18:47:37.865+0000] {base.py:271} INFO - POST http://elasticsearch:9200/logistics_project/doc [status:201 request:0.064s]
[2025-08-29T18:47:38.020+0000] {base.py:271} INFO - POST http://elasticsearch:9200/logistics_project/doc [status:201 request:0.130s]
[2025-08-29T18:47:38.339+0000] {base.py:271} INFO - POST http://elasticsearch:9200/logistics_project/doc [status:201 request:0.266s]
[2025-08-29T18:47:38.455+0000] {base.py:271} INFO - POST http://elasticsearch:9200/logistics_project/doc [status:201 request:0.090s]
[2025-08-29T18:47:38.524+0000] {base.py:271} INFO - POST http://elasticsearch:9200/logistics_project/doc [status:201 request:0.061s]
[2025-08-29T18:47:38.571+0000] {base.py:271} INFO - POST http://elasticsearch:9200/logistics_project/doc [status:201 request:0.038s]
[2025-08-29T18:47:38.643+0000] {base.py:271} INFO - POST http://elasticsearch:9200/logistics_project/doc [status:201 request:0.069s]
[2025-08-29T18:47:38.705+0000] {base.py:271} INFO - POST http://elasticsearch:9200/logistics_project/doc [status:201 request:0.059s]
[2025-08-29T18:47:38.774+0000] {base.py:271} INFO - POST http://elasticsearch:9200/logistics_project/doc [status:201 request:0.068s]
[2025-08-29T18:47:38.838+0000] {base.py:271} INFO - POST http://elasticsearch:9200/logistics_project/doc [status:201 request:0.060s]
[2025-08-29T18:47:38.903+0000] {base.py:271} INFO - POST http://elasticsearch:9200/logistics_project/doc [status:201 request:0.060s]
[2025-08-29T18:47:38.990+0000] {base.py:271} INFO - POST http://elasticsearch:9200/logistics_project/doc [status:201 request:0.077s]
[2025-08-29T18:47:39.075+0000] {base.py:271} INFO - POST http://elasticsearch:9200/logistics_project/doc [status:201 request:0.056s]
[2025-08-29T18:47:40.157+0000] {base.py:271} INFO - POST http://elasticsearch:9200/logistics_project/doc [status:201 request:0.957s]
[2025-08-29T18:47:41.477+0000] {base.py:271} INFO - POST http://elasticsearch:9200/logistics_project/doc [status:201 request:0.658s]
[2025-08-29T18:47:42.281+0000] {base.py:271} INFO - POST http://elasticsearch:9200/logistics_project/doc [status:201 request:0.391s]
[2025-08-29T18:47:42.454+0000] {base.py:271} INFO - POST http://elasticsearch:9200/logistics_project/doc [status:201 request:0.051s]
[2025-08-29T18:47:42.492+0000] {base.py:271} INFO - POST http://elasticsearch:9200/logistics_project/doc [status:201 request:0.035s]
[2025-08-29T18:47:42.574+0000] {base.py:271} INFO - POST http://elasticsearch:9200/logistics_project/doc [status:201 request:0.059s]
[2025-08-29T18:47:42.627+0000] {base.py:271} INFO - POST http://elasticsearch:9200/logistics_project/doc [status:201 request:0.050s]
[2025-08-29T18:47:42.669+0000] {base.py:271} INFO - POST http://elasticsearch:9200/logistics_project/doc [status:201 request:0.040s]
[2025-08-29T18:47:42.717+0000] {base.py:271} INFO - POST http://elasticsearch:9200/logistics_project/doc [status:201 request:0.041s]
[2025-08-29T18:47:42.778+0000] {base.py:271} INFO - POST http://elasticsearch:9200/logistics_project/doc [status:201 request:0.054s]
[2025-08-29T18:47:42.808+0000] {base.py:271} INFO - POST http://elasticsearch:9200/logistics_project/doc [status:201 request:0.027s]
[2025-08-29T18:47:42.881+0000] {base.py:271} INFO - POST http://elasticsearch:9200/logistics_project/doc [status:201 request:0.027s]
[2025-08-29T18:47:42.958+0000] {base.py:271} INFO - POST http://elasticsearch:9200/logistics_project/doc [status:201 request:0.067s]
[2025-08-29T18:47:42.985+0000] {base.py:271} INFO - POST http://elasticsearch:9200/logistics_project/doc [status:201 request:0.023s]
[2025-08-29T18:47:43.028+0000] {base.py:271} INFO - POST http://elasticsearch:9200/logistics_project/doc [status:201 request:0.035s]
[2025-08-29T18:47:43.095+0000] {base.py:271} INFO - POST http://elasticsearch:9200/logistics_project/doc [status:201 request:0.064s]
[2025-08-29T18:47:43.139+0000] {base.py:271} INFO - POST http://elasticsearch:9200/logistics_project/doc [status:201 request:0.038s]
[2025-08-29T18:47:43.206+0000] {base.py:271} INFO - POST http://elasticsearch:9200/logistics_project/doc [status:201 request:0.062s]
[2025-08-29T18:47:43.289+0000] {base.py:271} INFO - POST http://elasticsearch:9200/logistics_project/doc [status:201 request:0.076s]
[2025-08-29T18:47:43.357+0000] {base.py:271} INFO - POST http://elasticsearch:9200/logistics_project/doc [status:201 request:0.056s]
[2025-08-29T18:47:43.425+0000] {base.py:271} INFO - POST http://elasticsearch:9200/logistics_project/doc [status:201 request:0.061s]
[2025-08-29T18:47:43.506+0000] {base.py:271} INFO - POST http://elasticsearch:9200/logistics_project/doc [status:201 request:0.058s]
[2025-08-29T18:47:43.541+0000] {base.py:271} INFO - POST http://elasticsearch:9200/logistics_project/doc [status:201 request:0.030s]
[2025-08-29T18:47:43.598+0000] {base.py:271} INFO - POST http://elasticsearch:9200/logistics_project/doc [status:201 request:0.046s]
[2025-08-29T18:47:43.657+0000] {base.py:271} INFO - POST http://elasticsearch:9200/logistics_project/doc [status:201 request:0.052s]
[2025-08-29T18:47:43.807+0000] {base.py:271} INFO - POST http://elasticsearch:9200/logistics_project/doc [status:201 request:0.142s]
[2025-08-29T18:47:43.938+0000] {base.py:271} INFO - POST http://elasticsearch:9200/logistics_project/doc [status:201 request:0.060s]
[2025-08-29T18:47:43.981+0000] {base.py:271} INFO - POST http://elasticsearch:9200/logistics_project/doc [status:201 request:0.034s]
[2025-08-29T18:47:44.057+0000] {base.py:271} INFO - POST http://elasticsearch:9200/logistics_project/doc [status:201 request:0.066s]
[2025-08-29T18:47:44.102+0000] {base.py:271} INFO - POST http://elasticsearch:9200/logistics_project/doc [status:201 request:0.039s]
[2025-08-29T18:47:44.151+0000] {base.py:271} INFO - POST http://elasticsearch:9200/logistics_project/doc [status:201 request:0.035s]
[2025-08-29T18:47:44.243+0000] {base.py:271} INFO - POST http://elasticsearch:9200/logistics_project/doc [status:201 request:0.066s]
[2025-08-29T18:47:44.378+0000] {base.py:271} INFO - POST http://elasticsearch:9200/logistics_project/doc [status:201 request:0.103s]
[2025-08-29T18:47:44.434+0000] {base.py:271} INFO - POST http://elasticsearch:9200/logistics_project/doc [status:201 request:0.038s]
[2025-08-29T18:47:44.492+0000] {base.py:271} INFO - POST http://elasticsearch:9200/logistics_project/doc [status:201 request:0.051s]
[2025-08-29T18:47:44.545+0000] {base.py:271} INFO - POST http://elasticsearch:9200/logistics_project/doc [status:201 request:0.047s]
[2025-08-29T18:47:44.629+0000] {base.py:271} INFO - POST http://elasticsearch:9200/logistics_project/doc [status:201 request:0.078s]
[2025-08-29T18:47:44.689+0000] {base.py:271} INFO - POST http://elasticsearch:9200/logistics_project/doc [status:201 request:0.052s]
[2025-08-29T18:47:44.744+0000] {base.py:271} INFO - POST http://elasticsearch:9200/logistics_project/doc [status:201 request:0.050s]
[2025-08-29T18:47:44.831+0000] {base.py:271} INFO - POST http://elasticsearch:9200/logistics_project/doc [status:201 request:0.083s]
[2025-08-29T18:47:44.892+0000] {base.py:271} INFO - POST http://elasticsearch:9200/logistics_project/doc [status:201 request:0.056s]
[2025-08-29T18:47:45.003+0000] {base.py:271} INFO - POST http://elasticsearch:9200/logistics_project/doc [status:201 request:0.107s]
[2025-08-29T18:47:45.080+0000] {base.py:271} INFO - POST http://elasticsearch:9200/logistics_project/doc [status:201 request:0.068s]
[2025-08-29T18:47:45.278+0000] {base.py:271} INFO - POST http://elasticsearch:9200/logistics_project/doc [status:201 request:0.068s]
[2025-08-29T18:47:45.352+0000] {base.py:271} INFO - POST http://elasticsearch:9200/logistics_project/doc [status:201 request:0.050s]
[2025-08-29T18:47:45.455+0000] {base.py:271} INFO - POST http://elasticsearch:9200/logistics_project/doc [status:201 request:0.088s]
[2025-08-29T18:47:46.840+0000] {base.py:271} INFO - POST http://elasticsearch:9200/logistics_project/doc [status:201 request:1.364s]
[2025-08-29T18:47:46.950+0000] {base.py:271} INFO - POST http://elasticsearch:9200/logistics_project/doc [status:201 request:0.075s]
[2025-08-29T18:47:47.032+0000] {base.py:271} INFO - POST http://elasticsearch:9200/logistics_project/doc [status:201 request:0.079s]
[2025-08-29T18:47:47.102+0000] {base.py:271} INFO - POST http://elasticsearch:9200/logistics_project/doc [status:201 request:0.062s]
[2025-08-29T18:47:47.163+0000] {base.py:271} INFO - POST http://elasticsearch:9200/logistics_project/doc [status:201 request:0.056s]
[2025-08-29T18:47:47.211+0000] {base.py:271} INFO - POST http://elasticsearch:9200/logistics_project/doc [status:201 request:0.046s]
[2025-08-29T18:47:47.259+0000] {base.py:271} INFO - POST http://elasticsearch:9200/logistics_project/doc [status:201 request:0.048s]
[2025-08-29T18:47:47.308+0000] {base.py:271} INFO - POST http://elasticsearch:9200/logistics_project/doc [status:201 request:0.048s]
[2025-08-29T18:47:47.372+0000] {base.py:271} INFO - POST http://elasticsearch:9200/logistics_project/doc [status:201 request:0.061s]
[2025-08-29T18:47:47.436+0000] {base.py:271} INFO - POST http://elasticsearch:9200/logistics_project/doc [status:201 request:0.056s]
[2025-08-29T18:47:47.516+0000] {base.py:271} INFO - POST http://elasticsearch:9200/logistics_project/doc [status:201 request:0.078s]
[2025-08-29T18:47:47.566+0000] {base.py:271} INFO - POST http://elasticsearch:9200/logistics_project/doc [status:201 request:0.044s]
[2025-08-29T18:47:47.612+0000] {base.py:271} INFO - POST http://elasticsearch:9200/logistics_project/doc [status:201 request:0.044s]
[2025-08-29T18:47:47.671+0000] {base.py:271} INFO - POST http://elasticsearch:9200/logistics_project/doc [status:201 request:0.057s]
[2025-08-29T18:47:47.763+0000] {base.py:271} INFO - POST http://elasticsearch:9200/logistics_project/doc [status:201 request:0.071s]
[2025-08-29T18:47:47.816+0000] {base.py:271} INFO - POST http://elasticsearch:9200/logistics_project/doc [status:201 request:0.049s]
[2025-08-29T18:47:47.887+0000] {base.py:271} INFO - POST http://elasticsearch:9200/logistics_project/doc [status:201 request:0.061s]
[2025-08-29T18:47:47.916+0000] {base.py:271} INFO - POST http://elasticsearch:9200/logistics_project/doc [status:201 request:0.024s]
[2025-08-29T18:47:47.952+0000] {base.py:271} INFO - POST http://elasticsearch:9200/logistics_project/doc [status:201 request:0.033s]
[2025-08-29T18:47:47.989+0000] {base.py:271} INFO - POST http://elasticsearch:9200/logistics_project/doc [status:201 request:0.034s]
[2025-08-29T18:47:48.042+0000] {base.py:271} INFO - POST http://elasticsearch:9200/logistics_project/doc [status:201 request:0.049s]
[2025-08-29T18:47:48.077+0000] {base.py:271} INFO - POST http://elasticsearch:9200/logistics_project/doc [status:201 request:0.030s]
[2025-08-29T18:47:48.136+0000] {base.py:271} INFO - POST http://elasticsearch:9200/logistics_project/doc [status:201 request:0.046s]
[2025-08-29T18:47:48.178+0000] {base.py:271} INFO - POST http://elasticsearch:9200/logistics_project/doc [status:201 request:0.029s]
[2025-08-29T18:47:48.213+0000] {base.py:271} INFO - POST http://elasticsearch:9200/logistics_project/doc [status:201 request:0.029s]
[2025-08-29T18:47:48.250+0000] {base.py:271} INFO - POST http://elasticsearch:9200/logistics_project/doc [status:201 request:0.030s]
[2025-08-29T18:47:48.279+0000] {base.py:271} INFO - POST http://elasticsearch:9200/logistics_project/doc [status:201 request:0.028s]
[2025-08-29T18:47:48.326+0000] {base.py:271} INFO - POST http://elasticsearch:9200/logistics_project/doc [status:201 request:0.042s]
[2025-08-29T18:47:48.363+0000] {base.py:271} INFO - POST http://elasticsearch:9200/logistics_project/doc [status:201 request:0.031s]
[2025-08-29T18:47:48.402+0000] {base.py:271} INFO - POST http://elasticsearch:9200/logistics_project/doc [status:201 request:0.036s]
[2025-08-29T18:47:48.441+0000] {base.py:271} INFO - POST http://elasticsearch:9200/logistics_project/doc [status:201 request:0.033s]
[2025-08-29T18:47:48.475+0000] {base.py:271} INFO - POST http://elasticsearch:9200/logistics_project/doc [status:201 request:0.026s]
[2025-08-29T18:47:48.510+0000] {base.py:271} INFO - POST http://elasticsearch:9200/logistics_project/doc [status:201 request:0.031s]
[2025-08-29T18:47:48.557+0000] {base.py:271} INFO - POST http://elasticsearch:9200/logistics_project/doc [status:201 request:0.038s]
[2025-08-29T18:47:48.622+0000] {base.py:271} INFO - POST http://elasticsearch:9200/logistics_project/doc [status:201 request:0.048s]
[2025-08-29T18:47:48.649+0000] {base.py:271} INFO - POST http://elasticsearch:9200/logistics_project/doc [status:201 request:0.023s]
[2025-08-29T18:47:48.678+0000] {base.py:271} INFO - POST http://elasticsearch:9200/logistics_project/doc [status:201 request:0.024s]
[2025-08-29T18:47:48.733+0000] {base.py:271} INFO - POST http://elasticsearch:9200/logistics_project/doc [status:201 request:0.051s]
[2025-08-29T18:47:48.780+0000] {base.py:271} INFO - POST http://elasticsearch:9200/logistics_project/doc [status:201 request:0.045s]
[2025-08-29T18:47:48.817+0000] {base.py:271} INFO - POST http://elasticsearch:9200/logistics_project/doc [status:201 request:0.034s]
[2025-08-29T18:47:48.848+0000] {base.py:271} INFO - POST http://elasticsearch:9200/logistics_project/doc [status:201 request:0.028s]
[2025-08-29T18:47:48.881+0000] {base.py:271} INFO - POST http://elasticsearch:9200/logistics_project/doc [status:201 request:0.027s]
[2025-08-29T18:47:48.907+0000] {base.py:271} INFO - POST http://elasticsearch:9200/logistics_project/doc [status:201 request:0.022s]
[2025-08-29T18:47:48.928+0000] {base.py:271} INFO - POST http://elasticsearch:9200/logistics_project/doc [status:201 request:0.018s]
[2025-08-29T18:47:48.959+0000] {base.py:271} INFO - POST http://elasticsearch:9200/logistics_project/doc [status:201 request:0.026s]
[2025-08-29T18:47:48.999+0000] {base.py:271} INFO - POST http://elasticsearch:9200/logistics_project/doc [status:201 request:0.036s]
[2025-08-29T18:47:49.045+0000] {base.py:271} INFO - POST http://elasticsearch:9200/logistics_project/doc [status:201 request:0.044s]
[2025-08-29T18:47:49.104+0000] {base.py:271} INFO - POST http://elasticsearch:9200/logistics_project/doc [status:201 request:0.053s]
[2025-08-29T18:47:49.194+0000] {base.py:271} INFO - POST http://elasticsearch:9200/logistics_project/doc [status:201 request:0.064s]
[2025-08-29T18:47:49.254+0000] {base.py:271} INFO - POST http://elasticsearch:9200/logistics_project/doc [status:201 request:0.054s]
[2025-08-29T18:47:49.303+0000] {base.py:271} INFO - POST http://elasticsearch:9200/logistics_project/doc [status:201 request:0.044s]
[2025-08-29T18:47:49.336+0000] {base.py:271} INFO - POST http://elasticsearch:9200/logistics_project/doc [status:201 request:0.022s]
[2025-08-29T18:47:49.366+0000] {base.py:271} INFO - POST http://elasticsearch:9200/logistics_project/doc [status:201 request:0.027s]
[2025-08-29T18:47:49.403+0000] {base.py:271} INFO - POST http://elasticsearch:9200/logistics_project/doc [status:201 request:0.033s]
[2025-08-29T18:47:49.436+0000] {base.py:271} INFO - POST http://elasticsearch:9200/logistics_project/doc [status:201 request:0.031s]
[2025-08-29T18:47:49.513+0000] {base.py:271} INFO - POST http://elasticsearch:9200/logistics_project/doc [status:201 request:0.071s]
[2025-08-29T18:47:49.567+0000] {base.py:271} INFO - POST http://elasticsearch:9200/logistics_project/doc [status:201 request:0.039s]
[2025-08-29T18:47:49.658+0000] {base.py:271} INFO - POST http://elasticsearch:9200/logistics_project/doc [status:201 request:0.085s]
[2025-08-29T18:47:49.720+0000] {base.py:271} INFO - POST http://elasticsearch:9200/logistics_project/doc [status:201 request:0.055s]
[2025-08-29T18:47:49.797+0000] {base.py:271} INFO - POST http://elasticsearch:9200/logistics_project/doc [status:201 request:0.062s]
[2025-08-29T18:47:49.830+0000] {base.py:271} INFO - POST http://elasticsearch:9200/logistics_project/doc [status:201 request:0.029s]
[2025-08-29T18:47:49.882+0000] {base.py:271} INFO - POST http://elasticsearch:9200/logistics_project/doc [status:201 request:0.047s]
[2025-08-29T18:47:49.922+0000] {base.py:271} INFO - POST http://elasticsearch:9200/logistics_project/doc [status:201 request:0.024s]
[2025-08-29T18:47:49.960+0000] {base.py:271} INFO - POST http://elasticsearch:9200/logistics_project/doc [status:201 request:0.036s]
[2025-08-29T18:47:50.015+0000] {base.py:271} INFO - POST http://elasticsearch:9200/logistics_project/doc [status:201 request:0.047s]
[2025-08-29T18:47:50.040+0000] {base.py:271} INFO - POST http://elasticsearch:9200/logistics_project/doc [status:201 request:0.020s]
[2025-08-29T18:47:50.079+0000] {base.py:271} INFO - POST http://elasticsearch:9200/logistics_project/doc [status:201 request:0.035s]
[2025-08-29T18:47:50.130+0000] {base.py:271} INFO - POST http://elasticsearch:9200/logistics_project/doc [status:201 request:0.046s]
[2025-08-29T18:47:50.395+0000] {base.py:271} INFO - POST http://elasticsearch:9200/logistics_project/doc [status:201 request:0.252s]
[2025-08-29T18:47:50.549+0000] {base.py:271} INFO - POST http://elasticsearch:9200/logistics_project/doc [status:201 request:0.034s]
[2025-08-29T18:47:50.602+0000] {base.py:271} INFO - POST http://elasticsearch:9200/logistics_project/doc [status:201 request:0.043s]
[2025-08-29T18:47:50.679+0000] {base.py:271} INFO - POST http://elasticsearch:9200/logistics_project/doc [status:201 request:0.064s]
[2025-08-29T18:47:50.723+0000] {base.py:271} INFO - POST http://elasticsearch:9200/logistics_project/doc [status:201 request:0.039s]
[2025-08-29T18:47:51.075+0000] {base.py:271} INFO - POST http://elasticsearch:9200/logistics_project/doc [status:201 request:0.345s]
[2025-08-29T18:47:51.287+0000] {base.py:271} INFO - POST http://elasticsearch:9200/logistics_project/doc [status:201 request:0.075s]
[2025-08-29T18:47:51.351+0000] {base.py:271} INFO - POST http://elasticsearch:9200/logistics_project/doc [status:201 request:0.058s]
[2025-08-29T18:47:51.480+0000] {base.py:271} INFO - POST http://elasticsearch:9200/logistics_project/doc [status:201 request:0.120s]
[2025-08-29T18:47:51.577+0000] {base.py:271} INFO - POST http://elasticsearch:9200/logistics_project/doc [status:201 request:0.050s]
[2025-08-29T18:47:51.647+0000] {base.py:271} INFO - POST http://elasticsearch:9200/logistics_project/doc [status:201 request:0.050s]
[2025-08-29T18:47:51.697+0000] {base.py:271} INFO - POST http://elasticsearch:9200/logistics_project/doc [status:201 request:0.046s]
[2025-08-29T18:47:51.744+0000] {base.py:271} INFO - POST http://elasticsearch:9200/logistics_project/doc [status:201 request:0.040s]
[2025-08-29T18:47:51.776+0000] {base.py:271} INFO - POST http://elasticsearch:9200/logistics_project/doc [status:201 request:0.028s]
[2025-08-29T18:47:51.825+0000] {base.py:271} INFO - POST http://elasticsearch:9200/logistics_project/doc [status:201 request:0.044s]
[2025-08-29T18:47:51.932+0000] {base.py:271} INFO - POST http://elasticsearch:9200/logistics_project/doc [status:201 request:0.077s]
[2025-08-29T18:47:52.002+0000] {base.py:271} INFO - POST http://elasticsearch:9200/logistics_project/doc [status:201 request:0.062s]
[2025-08-29T18:47:52.069+0000] {base.py:271} INFO - POST http://elasticsearch:9200/logistics_project/doc [status:201 request:0.052s]
[2025-08-29T18:47:52.307+0000] {base.py:271} INFO - POST http://elasticsearch:9200/logistics_project/doc [status:201 request:0.234s]
[2025-08-29T18:47:52.523+0000] {base.py:271} INFO - POST http://elasticsearch:9200/logistics_project/doc [status:201 request:0.144s]
[2025-08-29T18:47:52.622+0000] {base.py:271} INFO - POST http://elasticsearch:9200/logistics_project/doc [status:201 request:0.043s]
[2025-08-29T18:47:52.660+0000] {base.py:271} INFO - POST http://elasticsearch:9200/logistics_project/doc [status:201 request:0.033s]
[2025-08-29T18:47:52.706+0000] {base.py:271} INFO - POST http://elasticsearch:9200/logistics_project/doc [status:201 request:0.041s]
[2025-08-29T18:47:52.737+0000] {base.py:271} INFO - POST http://elasticsearch:9200/logistics_project/doc [status:201 request:0.029s]
[2025-08-29T18:47:52.792+0000] {base.py:271} INFO - POST http://elasticsearch:9200/logistics_project/doc [status:201 request:0.050s]
[2025-08-29T18:47:52.822+0000] {base.py:271} INFO - POST http://elasticsearch:9200/logistics_project/doc [status:201 request:0.026s]
[2025-08-29T18:47:52.883+0000] {base.py:271} INFO - POST http://elasticsearch:9200/logistics_project/doc [status:201 request:0.059s]
[2025-08-29T18:47:52.952+0000] {base.py:271} INFO - POST http://elasticsearch:9200/logistics_project/doc [status:201 request:0.059s]
[2025-08-29T18:47:53.010+0000] {base.py:271} INFO - POST http://elasticsearch:9200/logistics_project/doc [status:201 request:0.052s]
[2025-08-29T18:47:53.077+0000] {base.py:271} INFO - POST http://elasticsearch:9200/logistics_project/doc [status:201 request:0.059s]
[2025-08-29T18:47:53.151+0000] {base.py:271} INFO - POST http://elasticsearch:9200/logistics_project/doc [status:201 request:0.064s]
[2025-08-29T18:47:53.191+0000] {base.py:271} INFO - POST http://elasticsearch:9200/logistics_project/doc [status:201 request:0.034s]
[2025-08-29T18:47:53.314+0000] {base.py:271} INFO - POST http://elasticsearch:9200/logistics_project/doc [status:201 request:0.119s]
[2025-08-29T18:47:53.341+0000] {base.py:271} INFO - POST http://elasticsearch:9200/logistics_project/doc [status:201 request:0.020s]
[2025-08-29T18:47:53.400+0000] {base.py:271} INFO - POST http://elasticsearch:9200/logistics_project/doc [status:201 request:0.057s]
[2025-08-29T18:47:53.446+0000] {base.py:271} INFO - POST http://elasticsearch:9200/logistics_project/doc [status:201 request:0.037s]
[2025-08-29T18:47:53.472+0000] {base.py:271} INFO - POST http://elasticsearch:9200/logistics_project/doc [status:201 request:0.018s]
[2025-08-29T18:47:53.500+0000] {base.py:271} INFO - POST http://elasticsearch:9200/logistics_project/doc [status:201 request:0.026s]
[2025-08-29T18:47:53.535+0000] {base.py:271} INFO - POST http://elasticsearch:9200/logistics_project/doc [status:201 request:0.032s]
[2025-08-29T18:47:53.585+0000] {base.py:271} INFO - POST http://elasticsearch:9200/logistics_project/doc [status:201 request:0.046s]
[2025-08-29T18:47:53.621+0000] {base.py:271} INFO - POST http://elasticsearch:9200/logistics_project/doc [status:201 request:0.034s]
[2025-08-29T18:47:53.664+0000] {base.py:271} INFO - POST http://elasticsearch:9200/logistics_project/doc [status:201 request:0.039s]
[2025-08-29T18:47:53.714+0000] {base.py:271} INFO - POST http://elasticsearch:9200/logistics_project/doc [status:201 request:0.045s]
[2025-08-29T18:47:53.771+0000] {base.py:271} INFO - POST http://elasticsearch:9200/logistics_project/doc [status:201 request:0.053s]
[2025-08-29T18:47:53.816+0000] {base.py:271} INFO - POST http://elasticsearch:9200/logistics_project/doc [status:201 request:0.043s]
[2025-08-29T18:47:53.851+0000] {base.py:271} INFO - POST http://elasticsearch:9200/logistics_project/doc [status:201 request:0.032s]
[2025-08-29T18:47:53.906+0000] {base.py:271} INFO - POST http://elasticsearch:9200/logistics_project/doc [status:201 request:0.048s]
[2025-08-29T18:47:53.935+0000] {base.py:271} INFO - POST http://elasticsearch:9200/logistics_project/doc [status:201 request:0.025s]
[2025-08-29T18:47:53.966+0000] {base.py:271} INFO - POST http://elasticsearch:9200/logistics_project/doc [status:201 request:0.029s]
[2025-08-29T18:47:53.990+0000] {base.py:271} INFO - POST http://elasticsearch:9200/logistics_project/doc [status:201 request:0.019s]
[2025-08-29T18:47:54.032+0000] {base.py:271} INFO - POST http://elasticsearch:9200/logistics_project/doc [status:201 request:0.035s]
[2025-08-29T18:47:54.072+0000] {base.py:271} INFO - POST http://elasticsearch:9200/logistics_project/doc [status:201 request:0.038s]
[2025-08-29T18:47:54.105+0000] {base.py:271} INFO - POST http://elasticsearch:9200/logistics_project/doc [status:201 request:0.031s]
[2025-08-29T18:47:54.126+0000] {base.py:271} INFO - POST http://elasticsearch:9200/logistics_project/doc [status:201 request:0.019s]
[2025-08-29T18:47:54.148+0000] {base.py:271} INFO - POST http://elasticsearch:9200/logistics_project/doc [status:201 request:0.019s]
[2025-08-29T18:47:54.191+0000] {base.py:271} INFO - POST http://elasticsearch:9200/logistics_project/doc [status:201 request:0.037s]
[2025-08-29T18:47:54.236+0000] {base.py:271} INFO - POST http://elasticsearch:9200/logistics_project/doc [status:201 request:0.043s]
[2025-08-29T18:47:54.290+0000] {base.py:271} INFO - POST http://elasticsearch:9200/logistics_project/doc [status:201 request:0.048s]
[2025-08-29T18:47:54.343+0000] {base.py:271} INFO - POST http://elasticsearch:9200/logistics_project/doc [status:201 request:0.047s]
[2025-08-29T18:47:54.423+0000] {base.py:271} INFO - POST http://elasticsearch:9200/logistics_project/doc [status:201 request:0.044s]
[2025-08-29T18:47:54.464+0000] {base.py:271} INFO - POST http://elasticsearch:9200/logistics_project/doc [status:201 request:0.038s]
[2025-08-29T18:47:54.487+0000] {base.py:271} INFO - POST http://elasticsearch:9200/logistics_project/doc [status:201 request:0.022s]
[2025-08-29T18:47:54.548+0000] {base.py:271} INFO - POST http://elasticsearch:9200/logistics_project/doc [status:201 request:0.053s]
[2025-08-29T18:47:54.580+0000] {base.py:271} INFO - POST http://elasticsearch:9200/logistics_project/doc [status:201 request:0.027s]
[2025-08-29T18:47:54.607+0000] {base.py:271} INFO - POST http://elasticsearch:9200/logistics_project/doc [status:201 request:0.025s]
[2025-08-29T18:47:54.640+0000] {base.py:271} INFO - POST http://elasticsearch:9200/logistics_project/doc [status:201 request:0.028s]
[2025-08-29T18:47:54.677+0000] {base.py:271} INFO - POST http://elasticsearch:9200/logistics_project/doc [status:201 request:0.035s]
[2025-08-29T18:47:54.732+0000] {base.py:271} INFO - POST http://elasticsearch:9200/logistics_project/doc [status:201 request:0.051s]
[2025-08-29T18:47:54.820+0000] {base.py:271} INFO - POST http://elasticsearch:9200/logistics_project/doc [status:201 request:0.065s]
[2025-08-29T18:47:54.861+0000] {base.py:271} INFO - POST http://elasticsearch:9200/logistics_project/doc [status:201 request:0.026s]
[2025-08-29T18:47:54.927+0000] {base.py:271} INFO - POST http://elasticsearch:9200/logistics_project/doc [status:201 request:0.029s]
[2025-08-29T18:47:54.976+0000] {base.py:271} INFO - POST http://elasticsearch:9200/logistics_project/doc [status:201 request:0.044s]
[2025-08-29T18:47:55.029+0000] {base.py:271} INFO - POST http://elasticsearch:9200/logistics_project/doc [status:201 request:0.041s]
[2025-08-29T18:47:55.132+0000] {base.py:271} INFO - POST http://elasticsearch:9200/logistics_project/doc [status:201 request:0.087s]
[2025-08-29T18:47:55.187+0000] {base.py:271} INFO - POST http://elasticsearch:9200/logistics_project/doc [status:201 request:0.050s]
[2025-08-29T18:47:55.250+0000] {base.py:271} INFO - POST http://elasticsearch:9200/logistics_project/doc [status:201 request:0.061s]
[2025-08-29T18:47:55.304+0000] {base.py:271} INFO - POST http://elasticsearch:9200/logistics_project/doc [status:201 request:0.043s]
[2025-08-29T18:47:55.432+0000] {base.py:271} INFO - POST http://elasticsearch:9200/logistics_project/doc [status:201 request:0.121s]
[2025-08-29T18:47:55.486+0000] {base.py:271} INFO - POST http://elasticsearch:9200/logistics_project/doc [status:201 request:0.032s]
[2025-08-29T18:47:55.519+0000] {base.py:271} INFO - POST http://elasticsearch:9200/logistics_project/doc [status:201 request:0.031s]
[2025-08-29T18:47:55.614+0000] {base.py:271} INFO - POST http://elasticsearch:9200/logistics_project/doc [status:201 request:0.092s]
[2025-08-29T18:47:55.704+0000] {base.py:271} INFO - POST http://elasticsearch:9200/logistics_project/doc [status:201 request:0.088s]
[2025-08-29T18:47:55.757+0000] {base.py:271} INFO - POST http://elasticsearch:9200/logistics_project/doc [status:201 request:0.029s]
[2025-08-29T18:47:55.779+0000] {base.py:271} INFO - POST http://elasticsearch:9200/logistics_project/doc [status:201 request:0.020s]
[2025-08-29T18:47:55.797+0000] {base.py:271} INFO - POST http://elasticsearch:9200/logistics_project/doc [status:201 request:0.013s]
[2025-08-29T18:47:55.838+0000] {base.py:271} INFO - POST http://elasticsearch:9200/logistics_project/doc [status:201 request:0.038s]
[2025-08-29T18:47:55.858+0000] {base.py:271} INFO - POST http://elasticsearch:9200/logistics_project/doc [status:201 request:0.017s]
[2025-08-29T18:47:55.881+0000] {base.py:271} INFO - POST http://elasticsearch:9200/logistics_project/doc [status:201 request:0.020s]
[2025-08-29T18:47:55.905+0000] {base.py:271} INFO - POST http://elasticsearch:9200/logistics_project/doc [status:201 request:0.023s]
[2025-08-29T18:47:55.922+0000] {base.py:271} INFO - POST http://elasticsearch:9200/logistics_project/doc [status:201 request:0.014s]
[2025-08-29T18:47:55.942+0000] {base.py:271} INFO - POST http://elasticsearch:9200/logistics_project/doc [status:201 request:0.019s]
[2025-08-29T18:47:55.965+0000] {base.py:271} INFO - POST http://elasticsearch:9200/logistics_project/doc [status:201 request:0.021s]
[2025-08-29T18:47:55.989+0000] {base.py:271} INFO - POST http://elasticsearch:9200/logistics_project/doc [status:201 request:0.020s]
[2025-08-29T18:47:56.021+0000] {base.py:271} INFO - POST http://elasticsearch:9200/logistics_project/doc [status:201 request:0.029s]
[2025-08-29T18:47:56.064+0000] {base.py:271} INFO - POST http://elasticsearch:9200/logistics_project/doc [status:201 request:0.039s]
[2025-08-29T18:47:56.095+0000] {base.py:271} INFO - POST http://elasticsearch:9200/logistics_project/doc [status:201 request:0.024s]
[2025-08-29T18:47:56.121+0000] {base.py:271} INFO - POST http://elasticsearch:9200/logistics_project/doc [status:201 request:0.016s]
[2025-08-29T18:47:56.155+0000] {base.py:271} INFO - POST http://elasticsearch:9200/logistics_project/doc [status:201 request:0.028s]
[2025-08-29T18:47:56.230+0000] {base.py:271} INFO - POST http://elasticsearch:9200/logistics_project/doc [status:201 request:0.073s]
[2025-08-29T18:47:56.341+0000] {base.py:271} INFO - POST http://elasticsearch:9200/logistics_project/doc [status:201 request:0.100s]
[2025-08-29T18:47:56.399+0000] {base.py:271} INFO - POST http://elasticsearch:9200/logistics_project/doc [status:201 request:0.044s]
[2025-08-29T18:47:56.452+0000] {base.py:271} INFO - POST http://elasticsearch:9200/logistics_project/doc [status:201 request:0.048s]
[2025-08-29T18:47:56.518+0000] {base.py:271} INFO - POST http://elasticsearch:9200/logistics_project/doc [status:201 request:0.060s]
[2025-08-29T18:47:56.573+0000] {base.py:271} INFO - POST http://elasticsearch:9200/logistics_project/doc [status:201 request:0.047s]
[2025-08-29T18:47:56.670+0000] {base.py:271} INFO - POST http://elasticsearch:9200/logistics_project/doc [status:201 request:0.088s]
[2025-08-29T18:47:56.709+0000] {base.py:271} INFO - POST http://elasticsearch:9200/logistics_project/doc [status:201 request:0.036s]
[2025-08-29T18:47:56.778+0000] {base.py:271} INFO - POST http://elasticsearch:9200/logistics_project/doc [status:201 request:0.052s]
[2025-08-29T18:47:56.813+0000] {base.py:271} INFO - POST http://elasticsearch:9200/logistics_project/doc [status:201 request:0.029s]
[2025-08-29T18:47:56.850+0000] {base.py:271} INFO - POST http://elasticsearch:9200/logistics_project/doc [status:201 request:0.033s]
[2025-08-29T18:47:56.899+0000] {base.py:271} INFO - POST http://elasticsearch:9200/logistics_project/doc [status:201 request:0.046s]
[2025-08-29T18:47:56.922+0000] {base.py:271} INFO - POST http://elasticsearch:9200/logistics_project/doc [status:201 request:0.015s]
[2025-08-29T18:47:56.948+0000] {base.py:271} INFO - POST http://elasticsearch:9200/logistics_project/doc [status:201 request:0.024s]
[2025-08-29T18:47:56.976+0000] {base.py:271} INFO - POST http://elasticsearch:9200/logistics_project/doc [status:201 request:0.021s]
[2025-08-29T18:47:57.055+0000] {base.py:271} INFO - POST http://elasticsearch:9200/logistics_project/doc [status:201 request:0.075s]
[2025-08-29T18:47:57.119+0000] {base.py:271} INFO - POST http://elasticsearch:9200/logistics_project/doc [status:201 request:0.061s]
[2025-08-29T18:47:57.235+0000] {base.py:271} INFO - POST http://elasticsearch:9200/logistics_project/doc [status:201 request:0.069s]
[2025-08-29T18:47:57.295+0000] {base.py:271} INFO - POST http://elasticsearch:9200/logistics_project/doc [status:201 request:0.053s]
[2025-08-29T18:47:57.322+0000] {base.py:271} INFO - POST http://elasticsearch:9200/logistics_project/doc [status:201 request:0.022s]
[2025-08-29T18:47:57.372+0000] {base.py:271} INFO - POST http://elasticsearch:9200/logistics_project/doc [status:201 request:0.048s]
[2025-08-29T18:47:57.674+0000] {base.py:271} INFO - POST http://elasticsearch:9200/logistics_project/doc [status:201 request:0.253s]
[2025-08-29T18:47:57.749+0000] {base.py:271} INFO - POST http://elasticsearch:9200/logistics_project/doc [status:201 request:0.056s]
[2025-08-29T18:47:57.816+0000] {base.py:271} INFO - POST http://elasticsearch:9200/logistics_project/doc [status:201 request:0.059s]
[2025-08-29T18:47:57.917+0000] {base.py:271} INFO - POST http://elasticsearch:9200/logistics_project/doc [status:201 request:0.076s]
[2025-08-29T18:47:57.957+0000] {base.py:271} INFO - POST http://elasticsearch:9200/logistics_project/doc [status:201 request:0.019s]
[2025-08-29T18:47:57.977+0000] {base.py:271} INFO - POST http://elasticsearch:9200/logistics_project/doc [status:201 request:0.019s]
[2025-08-29T18:47:58.002+0000] {base.py:271} INFO - POST http://elasticsearch:9200/logistics_project/doc [status:201 request:0.023s]
[2025-08-29T18:47:58.029+0000] {base.py:271} INFO - POST http://elasticsearch:9200/logistics_project/doc [status:201 request:0.023s]
[2025-08-29T18:47:58.062+0000] {base.py:271} INFO - POST http://elasticsearch:9200/logistics_project/doc [status:201 request:0.033s]
[2025-08-29T18:47:58.104+0000] {base.py:271} INFO - POST http://elasticsearch:9200/logistics_project/doc [status:201 request:0.029s]
[2025-08-29T18:47:58.202+0000] {base.py:271} INFO - POST http://elasticsearch:9200/logistics_project/doc [status:201 request:0.083s]
[2025-08-29T18:47:58.302+0000] {base.py:271} INFO - POST http://elasticsearch:9200/logistics_project/doc [status:201 request:0.089s]
[2025-08-29T18:47:58.368+0000] {base.py:271} INFO - POST http://elasticsearch:9200/logistics_project/doc [status:201 request:0.047s]
[2025-08-29T18:47:58.439+0000] {base.py:271} INFO - POST http://elasticsearch:9200/logistics_project/doc [status:201 request:0.068s]
[2025-08-29T18:47:58.497+0000] {base.py:271} INFO - POST http://elasticsearch:9200/logistics_project/doc [status:201 request:0.054s]
[2025-08-29T18:47:58.545+0000] {base.py:271} INFO - POST http://elasticsearch:9200/logistics_project/doc [status:201 request:0.041s]
[2025-08-29T18:47:58.607+0000] {base.py:271} INFO - POST http://elasticsearch:9200/logistics_project/doc [status:201 request:0.050s]
[2025-08-29T18:47:58.648+0000] {base.py:271} INFO - POST http://elasticsearch:9200/logistics_project/doc [status:201 request:0.033s]
[2025-08-29T18:47:58.702+0000] {base.py:271} INFO - POST http://elasticsearch:9200/logistics_project/doc [status:201 request:0.032s]
[2025-08-29T18:47:58.749+0000] {base.py:271} INFO - POST http://elasticsearch:9200/logistics_project/doc [status:201 request:0.047s]
[2025-08-29T18:47:58.800+0000] {base.py:271} INFO - POST http://elasticsearch:9200/logistics_project/doc [status:201 request:0.044s]
[2025-08-29T18:47:58.823+0000] {base.py:271} INFO - POST http://elasticsearch:9200/logistics_project/doc [status:201 request:0.021s]
[2025-08-29T18:47:58.857+0000] {base.py:271} INFO - POST http://elasticsearch:9200/logistics_project/doc [status:201 request:0.030s]
[2025-08-29T18:47:58.901+0000] {base.py:271} INFO - POST http://elasticsearch:9200/logistics_project/doc [status:201 request:0.042s]
[2025-08-29T18:47:58.940+0000] {base.py:271} INFO - POST http://elasticsearch:9200/logistics_project/doc [status:201 request:0.033s]
[2025-08-29T18:47:58.992+0000] {base.py:271} INFO - POST http://elasticsearch:9200/logistics_project/doc [status:201 request:0.050s]
[2025-08-29T18:47:59.041+0000] {base.py:271} INFO - POST http://elasticsearch:9200/logistics_project/doc [status:201 request:0.035s]
[2025-08-29T18:47:59.072+0000] {base.py:271} INFO - POST http://elasticsearch:9200/logistics_project/doc [status:201 request:0.027s]
[2025-08-29T18:47:59.098+0000] {base.py:271} INFO - POST http://elasticsearch:9200/logistics_project/doc [status:201 request:0.021s]
[2025-08-29T18:47:59.116+0000] {base.py:271} INFO - POST http://elasticsearch:9200/logistics_project/doc [status:201 request:0.015s]
[2025-08-29T18:47:59.131+0000] {base.py:271} INFO - POST http://elasticsearch:9200/logistics_project/doc [status:201 request:0.014s]
[2025-08-29T18:47:59.151+0000] {base.py:271} INFO - POST http://elasticsearch:9200/logistics_project/doc [status:201 request:0.017s]
[2025-08-29T18:47:59.247+0000] {base.py:271} INFO - POST http://elasticsearch:9200/logistics_project/doc [status:201 request:0.094s]
[2025-08-29T18:47:59.305+0000] {base.py:271} INFO - POST http://elasticsearch:9200/logistics_project/doc [status:201 request:0.046s]
[2025-08-29T18:47:59.361+0000] {base.py:271} INFO - POST http://elasticsearch:9200/logistics_project/doc [status:201 request:0.045s]
[2025-08-29T18:47:59.418+0000] {base.py:271} INFO - POST http://elasticsearch:9200/logistics_project/doc [status:201 request:0.043s]
[2025-08-29T18:47:59.478+0000] {base.py:271} INFO - POST http://elasticsearch:9200/logistics_project/doc [status:201 request:0.052s]
[2025-08-29T18:47:59.557+0000] {base.py:271} INFO - POST http://elasticsearch:9200/logistics_project/doc [status:201 request:0.073s]
[2025-08-29T18:47:59.750+0000] {base.py:271} INFO - POST http://elasticsearch:9200/logistics_project/doc [status:201 request:0.142s]
[2025-08-29T18:47:59.847+0000] {base.py:271} INFO - POST http://elasticsearch:9200/logistics_project/doc [status:201 request:0.088s]
[2025-08-29T18:47:59.944+0000] {base.py:271} INFO - POST http://elasticsearch:9200/logistics_project/doc [status:201 request:0.070s]
[2025-08-29T18:47:59.991+0000] {base.py:271} INFO - POST http://elasticsearch:9200/logistics_project/doc [status:201 request:0.044s]
[2025-08-29T18:48:00.029+0000] {base.py:271} INFO - POST http://elasticsearch:9200/logistics_project/doc [status:201 request:0.031s]
[2025-08-29T18:48:00.137+0000] {base.py:271} INFO - POST http://elasticsearch:9200/logistics_project/doc [status:201 request:0.103s]
[2025-08-29T18:48:00.201+0000] {base.py:271} INFO - POST http://elasticsearch:9200/logistics_project/doc [status:201 request:0.056s]
[2025-08-29T18:48:00.252+0000] {base.py:271} INFO - POST http://elasticsearch:9200/logistics_project/doc [status:201 request:0.046s]
[2025-08-29T18:48:00.300+0000] {base.py:271} INFO - POST http://elasticsearch:9200/logistics_project/doc [status:201 request:0.039s]
[2025-08-29T18:48:00.357+0000] {base.py:271} INFO - POST http://elasticsearch:9200/logistics_project/doc [status:201 request:0.051s]
[2025-08-29T18:48:00.412+0000] {base.py:271} INFO - POST http://elasticsearch:9200/logistics_project/doc [status:201 request:0.050s]
[2025-08-29T18:48:00.446+0000] {base.py:271} INFO - POST http://elasticsearch:9200/logistics_project/doc [status:201 request:0.028s]
[2025-08-29T18:48:00.644+0000] {base.py:271} INFO - POST http://elasticsearch:9200/logistics_project/doc [status:201 request:0.191s]
[2025-08-29T18:48:00.798+0000] {base.py:271} INFO - POST http://elasticsearch:9200/logistics_project/doc [status:201 request:0.076s]
[2025-08-29T18:48:00.878+0000] {base.py:271} INFO - POST http://elasticsearch:9200/logistics_project/doc [status:201 request:0.049s]
[2025-08-29T18:48:00.948+0000] {base.py:271} INFO - POST http://elasticsearch:9200/logistics_project/doc [status:201 request:0.066s]
[2025-08-29T18:48:01.014+0000] {base.py:271} INFO - POST http://elasticsearch:9200/logistics_project/doc [status:201 request:0.065s]
[2025-08-29T18:48:01.061+0000] {base.py:271} INFO - POST http://elasticsearch:9200/logistics_project/doc [status:201 request:0.040s]
[2025-08-29T18:48:01.117+0000] {base.py:271} INFO - POST http://elasticsearch:9200/logistics_project/doc [status:201 request:0.042s]
[2025-08-29T18:48:01.143+0000] {base.py:271} INFO - POST http://elasticsearch:9200/logistics_project/doc [status:201 request:0.024s]
[2025-08-29T18:48:01.178+0000] {base.py:271} INFO - POST http://elasticsearch:9200/logistics_project/doc [status:201 request:0.032s]
[2025-08-29T18:48:01.270+0000] {base.py:271} INFO - POST http://elasticsearch:9200/logistics_project/doc [status:201 request:0.077s]
[2025-08-29T18:48:01.369+0000] {base.py:271} INFO - POST http://elasticsearch:9200/logistics_project/doc [status:201 request:0.091s]
[2025-08-29T18:48:01.388+0000] {base.py:271} INFO - POST http://elasticsearch:9200/logistics_project/doc [status:201 request:0.011s]
[2025-08-29T18:48:01.398+0000] {base.py:271} INFO - POST http://elasticsearch:9200/logistics_project/doc [status:201 request:0.009s]
[2025-08-29T18:48:01.415+0000] {base.py:271} INFO - POST http://elasticsearch:9200/logistics_project/doc [status:201 request:0.016s]
[2025-08-29T18:48:01.447+0000] {base.py:271} INFO - POST http://elasticsearch:9200/logistics_project/doc [status:201 request:0.031s]
[2025-08-29T18:48:01.502+0000] {base.py:271} INFO - POST http://elasticsearch:9200/logistics_project/doc [status:201 request:0.049s]
[2025-08-29T18:48:01.552+0000] {base.py:271} INFO - POST http://elasticsearch:9200/logistics_project/doc [status:201 request:0.042s]
[2025-08-29T18:48:01.577+0000] {base.py:271} INFO - POST http://elasticsearch:9200/logistics_project/doc [status:201 request:0.016s]
[2025-08-29T18:48:01.595+0000] {base.py:271} INFO - POST http://elasticsearch:9200/logistics_project/doc [status:201 request:0.016s]
[2025-08-29T18:48:01.624+0000] {base.py:271} INFO - POST http://elasticsearch:9200/logistics_project/doc [status:201 request:0.028s]
[2025-08-29T18:48:01.683+0000] {base.py:271} INFO - POST http://elasticsearch:9200/logistics_project/doc [status:201 request:0.039s]
[2025-08-29T18:48:01.769+0000] {base.py:271} INFO - POST http://elasticsearch:9200/logistics_project/doc [status:201 request:0.078s]
[2025-08-29T18:48:01.817+0000] {base.py:271} INFO - POST http://elasticsearch:9200/logistics_project/doc [status:201 request:0.036s]
[2025-08-29T18:48:01.884+0000] {base.py:271} INFO - POST http://elasticsearch:9200/logistics_project/doc [status:201 request:0.059s]
[2025-08-29T18:48:02.052+0000] {base.py:271} INFO - POST http://elasticsearch:9200/logistics_project/doc [status:201 request:0.154s]
[2025-08-29T18:48:02.146+0000] {base.py:271} INFO - POST http://elasticsearch:9200/logistics_project/doc [status:201 request:0.075s]
[2025-08-29T18:48:02.184+0000] {base.py:271} INFO - POST http://elasticsearch:9200/logistics_project/doc [status:201 request:0.035s]
[2025-08-29T18:48:02.235+0000] {base.py:271} INFO - POST http://elasticsearch:9200/logistics_project/doc [status:201 request:0.043s]
[2025-08-29T18:48:02.276+0000] {base.py:271} INFO - POST http://elasticsearch:9200/logistics_project/doc [status:201 request:0.033s]
[2025-08-29T18:48:02.327+0000] {base.py:271} INFO - POST http://elasticsearch:9200/logistics_project/doc [status:201 request:0.034s]
[2025-08-29T18:48:02.542+0000] {base.py:271} INFO - POST http://elasticsearch:9200/logistics_project/doc [status:201 request:0.092s]
[2025-08-29T18:48:02.649+0000] {base.py:271} INFO - POST http://elasticsearch:9200/logistics_project/doc [status:201 request:0.094s]
[2025-08-29T18:48:02.694+0000] {base.py:271} INFO - POST http://elasticsearch:9200/logistics_project/doc [status:201 request:0.035s]
[2025-08-29T18:48:02.808+0000] {base.py:271} INFO - POST http://elasticsearch:9200/logistics_project/doc [status:201 request:0.099s]
[2025-08-29T18:48:02.929+0000] {base.py:271} INFO - POST http://elasticsearch:9200/logistics_project/doc [status:201 request:0.115s]
[2025-08-29T18:48:02.959+0000] {base.py:271} INFO - POST http://elasticsearch:9200/logistics_project/doc [status:201 request:0.020s]
[2025-08-29T18:48:02.993+0000] {base.py:271} INFO - POST http://elasticsearch:9200/logistics_project/doc [status:201 request:0.031s]
[2025-08-29T18:48:03.073+0000] {base.py:271} INFO - POST http://elasticsearch:9200/logistics_project/doc [status:201 request:0.057s]
[2025-08-29T18:48:03.105+0000] {base.py:271} INFO - POST http://elasticsearch:9200/logistics_project/doc [status:201 request:0.024s]
[2025-08-29T18:48:03.137+0000] {base.py:271} INFO - POST http://elasticsearch:9200/logistics_project/doc [status:201 request:0.025s]
[2025-08-29T18:48:03.177+0000] {base.py:271} INFO - POST http://elasticsearch:9200/logistics_project/doc [status:201 request:0.036s]
[2025-08-29T18:48:03.236+0000] {base.py:271} INFO - POST http://elasticsearch:9200/logistics_project/doc [status:201 request:0.059s]
[2025-08-29T18:48:03.295+0000] {base.py:271} INFO - POST http://elasticsearch:9200/logistics_project/doc [status:201 request:0.050s]
[2025-08-29T18:48:03.337+0000] {base.py:271} INFO - POST http://elasticsearch:9200/logistics_project/doc [status:201 request:0.039s]
[2025-08-29T18:48:03.368+0000] {base.py:271} INFO - POST http://elasticsearch:9200/logistics_project/doc [status:201 request:0.023s]
[2025-08-29T18:48:03.438+0000] {base.py:271} INFO - POST http://elasticsearch:9200/logistics_project/doc [status:201 request:0.048s]
[2025-08-29T18:48:03.469+0000] {base.py:271} INFO - POST http://elasticsearch:9200/logistics_project/doc [status:201 request:0.028s]
[2025-08-29T18:48:03.498+0000] {base.py:271} INFO - POST http://elasticsearch:9200/logistics_project/doc [status:201 request:0.026s]
[2025-08-29T18:48:03.517+0000] {base.py:271} INFO - POST http://elasticsearch:9200/logistics_project/doc [status:201 request:0.015s]
[2025-08-29T18:48:03.547+0000] {base.py:271} INFO - POST http://elasticsearch:9200/logistics_project/doc [status:201 request:0.028s]
[2025-08-29T18:48:03.583+0000] {base.py:271} INFO - POST http://elasticsearch:9200/logistics_project/doc [status:201 request:0.029s]
[2025-08-29T18:48:03.655+0000] {base.py:271} INFO - POST http://elasticsearch:9200/logistics_project/doc [status:201 request:0.066s]
[2025-08-29T18:48:03.724+0000] {base.py:271} INFO - POST http://elasticsearch:9200/logistics_project/doc [status:201 request:0.065s]
[2025-08-29T18:48:03.802+0000] {base.py:271} INFO - POST http://elasticsearch:9200/logistics_project/doc [status:201 request:0.060s]
[2025-08-29T18:48:03.859+0000] {base.py:271} INFO - POST http://elasticsearch:9200/logistics_project/doc [status:201 request:0.053s]
[2025-08-29T18:48:03.912+0000] {base.py:271} INFO - POST http://elasticsearch:9200/logistics_project/doc [status:201 request:0.046s]
[2025-08-29T18:48:04.014+0000] {base.py:271} INFO - POST http://elasticsearch:9200/logistics_project/doc [status:201 request:0.094s]
[2025-08-29T18:48:04.075+0000] {base.py:271} INFO - POST http://elasticsearch:9200/logistics_project/doc [status:201 request:0.053s]
[2025-08-29T18:48:04.119+0000] {base.py:271} INFO - POST http://elasticsearch:9200/logistics_project/doc [status:201 request:0.041s]
[2025-08-29T18:48:04.201+0000] {base.py:271} INFO - POST http://elasticsearch:9200/logistics_project/doc [status:201 request:0.079s]
[2025-08-29T18:48:04.271+0000] {base.py:271} INFO - POST http://elasticsearch:9200/logistics_project/doc [status:201 request:0.062s]
[2025-08-29T18:48:04.370+0000] {base.py:271} INFO - POST http://elasticsearch:9200/logistics_project/doc [status:201 request:0.058s]
[2025-08-29T18:48:04.442+0000] {base.py:271} INFO - POST http://elasticsearch:9200/logistics_project/doc [status:201 request:0.060s]
[2025-08-29T18:48:04.509+0000] {base.py:271} INFO - POST http://elasticsearch:9200/logistics_project/doc [status:201 request:0.057s]
[2025-08-29T18:48:04.545+0000] {base.py:271} INFO - POST http://elasticsearch:9200/logistics_project/doc [status:201 request:0.032s]
[2025-08-29T18:48:04.584+0000] {base.py:271} INFO - POST http://elasticsearch:9200/logistics_project/doc [status:201 request:0.032s]
[2025-08-29T18:48:04.643+0000] {base.py:271} INFO - POST http://elasticsearch:9200/logistics_project/doc [status:201 request:0.052s]
[2025-08-29T18:48:04.698+0000] {base.py:271} INFO - POST http://elasticsearch:9200/logistics_project/doc [status:201 request:0.041s]
[2025-08-29T18:48:04.785+0000] {base.py:271} INFO - POST http://elasticsearch:9200/logistics_project/doc [status:201 request:0.081s]
[2025-08-29T18:48:04.828+0000] {base.py:271} INFO - POST http://elasticsearch:9200/logistics_project/doc [status:201 request:0.037s]
[2025-08-29T18:48:04.916+0000] {base.py:271} INFO - POST http://elasticsearch:9200/logistics_project/doc [status:201 request:0.082s]
[2025-08-29T18:48:05.002+0000] {base.py:271} INFO - POST http://elasticsearch:9200/logistics_project/doc [status:201 request:0.078s]
[2025-08-29T18:48:05.122+0000] {base.py:271} INFO - POST http://elasticsearch:9200/logistics_project/doc [status:201 request:0.103s]
[2025-08-29T18:48:05.172+0000] {base.py:271} INFO - POST http://elasticsearch:9200/logistics_project/doc [status:201 request:0.042s]
[2025-08-29T18:48:05.215+0000] {base.py:271} INFO - POST http://elasticsearch:9200/logistics_project/doc [status:201 request:0.038s]
[2025-08-29T18:48:05.259+0000] {base.py:271} INFO - POST http://elasticsearch:9200/logistics_project/doc [status:201 request:0.035s]
[2025-08-29T18:48:05.286+0000] {base.py:271} INFO - POST http://elasticsearch:9200/logistics_project/doc [status:201 request:0.026s]
[2025-08-29T18:48:05.317+0000] {base.py:271} INFO - POST http://elasticsearch:9200/logistics_project/doc [status:201 request:0.027s]
[2025-08-29T18:48:05.345+0000] {base.py:271} INFO - POST http://elasticsearch:9200/logistics_project/doc [status:201 request:0.024s]
[2025-08-29T18:48:05.433+0000] {base.py:271} INFO - POST http://elasticsearch:9200/logistics_project/doc [status:201 request:0.081s]
[2025-08-29T18:48:05.669+0000] {base.py:271} INFO - POST http://elasticsearch:9200/logistics_project/doc [status:201 request:0.220s]
[2025-08-29T18:48:05.719+0000] {base.py:271} INFO - POST http://elasticsearch:9200/logistics_project/doc [status:201 request:0.023s]
[2025-08-29T18:48:05.760+0000] {base.py:271} INFO - POST http://elasticsearch:9200/logistics_project/doc [status:201 request:0.040s]
[2025-08-29T18:48:05.797+0000] {base.py:271} INFO - POST http://elasticsearch:9200/logistics_project/doc [status:201 request:0.012s]
[2025-08-29T18:48:05.838+0000] {base.py:271} INFO - POST http://elasticsearch:9200/logistics_project/doc [status:201 request:0.040s]
[2025-08-29T18:48:05.882+0000] {base.py:271} INFO - POST http://elasticsearch:9200/logistics_project/doc [status:201 request:0.043s]
[2025-08-29T18:48:05.929+0000] {base.py:271} INFO - POST http://elasticsearch:9200/logistics_project/doc [status:201 request:0.041s]
[2025-08-29T18:48:05.989+0000] {base.py:271} INFO - POST http://elasticsearch:9200/logistics_project/doc [status:201 request:0.053s]
[2025-08-29T18:48:06.045+0000] {base.py:271} INFO - POST http://elasticsearch:9200/logistics_project/doc [status:201 request:0.040s]
[2025-08-29T18:48:06.168+0000] {base.py:271} INFO - POST http://elasticsearch:9200/logistics_project/doc [status:201 request:0.104s]
[2025-08-29T18:48:06.253+0000] {base.py:271} INFO - POST http://elasticsearch:9200/logistics_project/doc [status:201 request:0.045s]
[2025-08-29T18:48:06.296+0000] {base.py:271} INFO - POST http://elasticsearch:9200/logistics_project/doc [status:201 request:0.041s]
[2025-08-29T18:48:06.333+0000] {base.py:271} INFO - POST http://elasticsearch:9200/logistics_project/doc [status:201 request:0.031s]
[2025-08-29T18:48:06.375+0000] {base.py:271} INFO - POST http://elasticsearch:9200/logistics_project/doc [status:201 request:0.039s]
[2025-08-29T18:48:06.419+0000] {base.py:271} INFO - POST http://elasticsearch:9200/logistics_project/doc [status:201 request:0.040s]
[2025-08-29T18:48:06.488+0000] {base.py:271} INFO - POST http://elasticsearch:9200/logistics_project/doc [status:201 request:0.063s]
[2025-08-29T18:48:06.560+0000] {base.py:271} INFO - POST http://elasticsearch:9200/logistics_project/doc [status:201 request:0.062s]
[2025-08-29T18:48:06.628+0000] {base.py:271} INFO - POST http://elasticsearch:9200/logistics_project/doc [status:201 request:0.063s]
[2025-08-29T18:48:06.662+0000] {base.py:271} INFO - POST http://elasticsearch:9200/logistics_project/doc [status:201 request:0.030s]
[2025-08-29T18:48:06.699+0000] {base.py:271} INFO - POST http://elasticsearch:9200/logistics_project/doc [status:201 request:0.031s]
[2025-08-29T18:48:06.726+0000] {base.py:271} INFO - POST http://elasticsearch:9200/logistics_project/doc [status:201 request:0.024s]
[2025-08-29T18:48:06.770+0000] {base.py:271} INFO - POST http://elasticsearch:9200/logistics_project/doc [status:201 request:0.040s]
[2025-08-29T18:48:06.869+0000] {base.py:271} INFO - POST http://elasticsearch:9200/logistics_project/doc [status:201 request:0.056s]
[2025-08-29T18:48:06.928+0000] {base.py:271} INFO - POST http://elasticsearch:9200/logistics_project/doc [status:201 request:0.027s]
[2025-08-29T18:48:06.965+0000] {base.py:271} INFO - POST http://elasticsearch:9200/logistics_project/doc [status:201 request:0.035s]
[2025-08-29T18:48:07.036+0000] {base.py:271} INFO - POST http://elasticsearch:9200/logistics_project/doc [status:201 request:0.055s]
[2025-08-29T18:48:07.114+0000] {base.py:271} INFO - POST http://elasticsearch:9200/logistics_project/doc [status:201 request:0.065s]
[2025-08-29T18:48:07.168+0000] {base.py:271} INFO - POST http://elasticsearch:9200/logistics_project/doc [status:201 request:0.043s]
[2025-08-29T18:48:07.212+0000] {base.py:271} INFO - POST http://elasticsearch:9200/logistics_project/doc [status:201 request:0.037s]
[2025-08-29T18:48:07.270+0000] {base.py:271} INFO - POST http://elasticsearch:9200/logistics_project/doc [status:201 request:0.053s]
[2025-08-29T18:48:07.311+0000] {base.py:271} INFO - POST http://elasticsearch:9200/logistics_project/doc [status:201 request:0.039s]
[2025-08-29T18:48:07.335+0000] {base.py:271} INFO - POST http://elasticsearch:9200/logistics_project/doc [status:201 request:0.021s]
[2025-08-29T18:48:07.372+0000] {base.py:271} INFO - POST http://elasticsearch:9200/logistics_project/doc [status:201 request:0.034s]
[2025-08-29T18:48:07.434+0000] {base.py:271} INFO - POST http://elasticsearch:9200/logistics_project/doc [status:201 request:0.057s]
[2025-08-29T18:48:07.497+0000] {base.py:271} INFO - POST http://elasticsearch:9200/logistics_project/doc [status:201 request:0.058s]
[2025-08-29T18:48:07.587+0000] {base.py:271} INFO - POST http://elasticsearch:9200/logistics_project/doc [status:201 request:0.057s]
[2025-08-29T18:48:07.648+0000] {base.py:271} INFO - POST http://elasticsearch:9200/logistics_project/doc [status:201 request:0.043s]
[2025-08-29T18:48:07.733+0000] {base.py:271} INFO - POST http://elasticsearch:9200/logistics_project/doc [status:201 request:0.076s]
[2025-08-29T18:48:07.761+0000] {base.py:271} INFO - POST http://elasticsearch:9200/logistics_project/doc [status:201 request:0.024s]
[2025-08-29T18:48:07.835+0000] {base.py:271} INFO - POST http://elasticsearch:9200/logistics_project/doc [status:201 request:0.072s]
[2025-08-29T18:48:07.875+0000] {base.py:271} INFO - POST http://elasticsearch:9200/logistics_project/doc [status:201 request:0.027s]
[2025-08-29T18:48:07.967+0000] {base.py:271} INFO - POST http://elasticsearch:9200/logistics_project/doc [status:201 request:0.080s]
[2025-08-29T18:48:08.100+0000] {base.py:271} INFO - POST http://elasticsearch:9200/logistics_project/doc [status:201 request:0.051s]
[2025-08-29T18:48:08.194+0000] {base.py:271} INFO - POST http://elasticsearch:9200/logistics_project/doc [status:201 request:0.057s]
[2025-08-29T18:48:08.295+0000] {base.py:271} INFO - POST http://elasticsearch:9200/logistics_project/doc [status:201 request:0.072s]
[2025-08-29T18:48:08.346+0000] {base.py:271} INFO - POST http://elasticsearch:9200/logistics_project/doc [status:201 request:0.044s]
[2025-08-29T18:48:08.388+0000] {base.py:271} INFO - POST http://elasticsearch:9200/logistics_project/doc [status:201 request:0.039s]
[2025-08-29T18:48:08.440+0000] {base.py:271} INFO - POST http://elasticsearch:9200/logistics_project/doc [status:201 request:0.045s]
[2025-08-29T18:48:08.459+0000] {base.py:271} INFO - POST http://elasticsearch:9200/logistics_project/doc [status:201 request:0.016s]
[2025-08-29T18:48:08.496+0000] {base.py:271} INFO - POST http://elasticsearch:9200/logistics_project/doc [status:201 request:0.029s]
[2025-08-29T18:48:08.523+0000] {base.py:271} INFO - POST http://elasticsearch:9200/logistics_project/doc [status:201 request:0.021s]
[2025-08-29T18:48:08.549+0000] {base.py:271} INFO - POST http://elasticsearch:9200/logistics_project/doc [status:201 request:0.018s]
[2025-08-29T18:48:08.771+0000] {base.py:271} INFO - POST http://elasticsearch:9200/logistics_project/doc [status:201 request:0.176s]
[2025-08-29T18:48:08.860+0000] {base.py:271} INFO - POST http://elasticsearch:9200/logistics_project/doc [status:201 request:0.069s]
[2025-08-29T18:48:08.973+0000] {base.py:271} INFO - POST http://elasticsearch:9200/logistics_project/doc [status:201 request:0.100s]
[2025-08-29T18:48:09.061+0000] {base.py:271} INFO - POST http://elasticsearch:9200/logistics_project/doc [status:201 request:0.068s]
[2025-08-29T18:48:09.143+0000] {base.py:271} INFO - POST http://elasticsearch:9200/logistics_project/doc [status:201 request:0.075s]
[2025-08-29T18:48:09.239+0000] {base.py:271} INFO - POST http://elasticsearch:9200/logistics_project/doc [status:201 request:0.085s]
[2025-08-29T18:48:09.340+0000] {base.py:271} INFO - POST http://elasticsearch:9200/logistics_project/doc [status:201 request:0.086s]
[2025-08-29T18:48:09.493+0000] {base.py:271} INFO - POST http://elasticsearch:9200/logistics_project/doc [status:201 request:0.077s]
[2025-08-29T18:48:09.520+0000] {base.py:271} INFO - POST http://elasticsearch:9200/logistics_project/doc [status:201 request:0.019s]
[2025-08-29T18:48:09.627+0000] {base.py:271} INFO - POST http://elasticsearch:9200/logistics_project/doc [status:201 request:0.096s]
[2025-08-29T18:48:09.682+0000] {base.py:271} INFO - POST http://elasticsearch:9200/logistics_project/doc [status:201 request:0.030s]
[2025-08-29T18:48:09.762+0000] {base.py:271} INFO - POST http://elasticsearch:9200/logistics_project/doc [status:201 request:0.075s]
[2025-08-29T18:48:09.817+0000] {base.py:271} INFO - POST http://elasticsearch:9200/logistics_project/doc [status:201 request:0.046s]
[2025-08-29T18:48:09.928+0000] {base.py:271} INFO - POST http://elasticsearch:9200/logistics_project/doc [status:201 request:0.104s]
[2025-08-29T18:48:10.301+0000] {base.py:271} INFO - POST http://elasticsearch:9200/logistics_project/doc [status:201 request:0.062s]
[2025-08-29T18:48:10.376+0000] {base.py:271} INFO - POST http://elasticsearch:9200/logistics_project/doc [status:201 request:0.042s]
[2025-08-29T18:48:10.408+0000] {base.py:271} INFO - POST http://elasticsearch:9200/logistics_project/doc [status:201 request:0.029s]
[2025-08-29T18:48:10.487+0000] {base.py:271} INFO - POST http://elasticsearch:9200/logistics_project/doc [status:201 request:0.069s]
[2025-08-29T18:48:10.541+0000] {base.py:271} INFO - POST http://elasticsearch:9200/logistics_project/doc [status:201 request:0.050s]
[2025-08-29T18:48:10.622+0000] {base.py:271} INFO - POST http://elasticsearch:9200/logistics_project/doc [status:201 request:0.076s]
[2025-08-29T18:48:10.672+0000] {base.py:271} INFO - POST http://elasticsearch:9200/logistics_project/doc [status:201 request:0.039s]
[2025-08-29T18:48:10.701+0000] {base.py:271} INFO - POST http://elasticsearch:9200/logistics_project/doc [status:201 request:0.022s]
[2025-08-29T18:48:10.789+0000] {base.py:271} INFO - POST http://elasticsearch:9200/logistics_project/doc [status:201 request:0.083s]
[2025-08-29T18:48:10.900+0000] {base.py:271} INFO - POST http://elasticsearch:9200/logistics_project/doc [status:201 request:0.054s]
[2025-08-29T18:48:11.009+0000] {base.py:271} INFO - POST http://elasticsearch:9200/logistics_project/doc [status:201 request:0.052s]
[2025-08-29T18:48:11.074+0000] {base.py:271} INFO - POST http://elasticsearch:9200/logistics_project/doc [status:201 request:0.059s]
[2025-08-29T18:48:11.121+0000] {base.py:271} INFO - POST http://elasticsearch:9200/logistics_project/doc [status:201 request:0.044s]
[2025-08-29T18:48:11.301+0000] {base.py:271} INFO - POST http://elasticsearch:9200/logistics_project/doc [status:201 request:0.163s]
[2025-08-29T18:48:11.456+0000] {base.py:271} INFO - POST http://elasticsearch:9200/logistics_project/doc [status:201 request:0.101s]
[2025-08-29T18:48:11.493+0000] {base.py:271} INFO - POST http://elasticsearch:9200/logistics_project/doc [status:201 request:0.020s]
[2025-08-29T18:48:11.547+0000] {base.py:271} INFO - POST http://elasticsearch:9200/logistics_project/doc [status:201 request:0.049s]
[2025-08-29T18:48:11.582+0000] {base.py:271} INFO - POST http://elasticsearch:9200/logistics_project/doc [status:201 request:0.030s]
[2025-08-29T18:48:11.607+0000] {base.py:271} INFO - POST http://elasticsearch:9200/logistics_project/doc [status:201 request:0.021s]
[2025-08-29T18:48:11.694+0000] {base.py:271} INFO - POST http://elasticsearch:9200/logistics_project/doc [status:201 request:0.075s]
[2025-08-29T18:48:11.741+0000] {base.py:271} INFO - POST http://elasticsearch:9200/logistics_project/doc [status:201 request:0.045s]
[2025-08-29T18:48:11.787+0000] {base.py:271} INFO - POST http://elasticsearch:9200/logistics_project/doc [status:201 request:0.044s]
[2025-08-29T18:48:11.836+0000] {base.py:271} INFO - POST http://elasticsearch:9200/logistics_project/doc [status:201 request:0.035s]
[2025-08-29T18:48:11.919+0000] {base.py:271} INFO - POST http://elasticsearch:9200/logistics_project/doc [status:201 request:0.077s]
[2025-08-29T18:48:11.980+0000] {base.py:271} INFO - POST http://elasticsearch:9200/logistics_project/doc [status:201 request:0.046s]
[2025-08-29T18:48:12.011+0000] {base.py:271} INFO - POST http://elasticsearch:9200/logistics_project/doc [status:201 request:0.026s]
[2025-08-29T18:48:12.044+0000] {base.py:271} INFO - POST http://elasticsearch:9200/logistics_project/doc [status:201 request:0.030s]
[2025-08-29T18:48:12.072+0000] {base.py:271} INFO - POST http://elasticsearch:9200/logistics_project/doc [status:201 request:0.027s]
[2025-08-29T18:48:12.126+0000] {base.py:271} INFO - POST http://elasticsearch:9200/logistics_project/doc [status:201 request:0.048s]
[2025-08-29T18:48:12.191+0000] {base.py:271} INFO - POST http://elasticsearch:9200/logistics_project/doc [status:201 request:0.048s]
[2025-08-29T18:48:12.248+0000] {base.py:271} INFO - POST http://elasticsearch:9200/logistics_project/doc [status:201 request:0.050s]
[2025-08-29T18:48:12.291+0000] {base.py:271} INFO - POST http://elasticsearch:9200/logistics_project/doc [status:201 request:0.040s]
[2025-08-29T18:48:12.341+0000] {base.py:271} INFO - POST http://elasticsearch:9200/logistics_project/doc [status:201 request:0.044s]
[2025-08-29T18:48:12.535+0000] {base.py:271} INFO - POST http://elasticsearch:9200/logistics_project/doc [status:201 request:0.178s]
[2025-08-29T18:48:12.621+0000] {base.py:271} INFO - POST http://elasticsearch:9200/logistics_project/doc [status:201 request:0.077s]
[2025-08-29T18:48:12.707+0000] {base.py:271} INFO - POST http://elasticsearch:9200/logistics_project/doc [status:201 request:0.077s]
[2025-08-29T18:48:12.867+0000] {base.py:271} INFO - POST http://elasticsearch:9200/logistics_project/doc [status:201 request:0.023s]
[2025-08-29T18:48:12.900+0000] {base.py:271} INFO - POST http://elasticsearch:9200/logistics_project/doc [status:201 request:0.026s]
[2025-08-29T18:48:12.921+0000] {base.py:271} INFO - POST http://elasticsearch:9200/logistics_project/doc [status:201 request:0.015s]
[2025-08-29T18:48:13.000+0000] {base.py:271} INFO - POST http://elasticsearch:9200/logistics_project/doc [status:201 request:0.072s]
[2025-08-29T18:48:13.022+0000] {base.py:271} INFO - POST http://elasticsearch:9200/logistics_project/doc [status:201 request:0.021s]
[2025-08-29T18:48:13.102+0000] {base.py:271} INFO - POST http://elasticsearch:9200/logistics_project/doc [status:201 request:0.065s]
[2025-08-29T18:48:13.173+0000] {base.py:271} INFO - POST http://elasticsearch:9200/logistics_project/doc [status:201 request:0.059s]
[2025-08-29T18:48:13.301+0000] {base.py:271} INFO - POST http://elasticsearch:9200/logistics_project/doc [status:201 request:0.115s]
[2025-08-29T18:48:13.336+0000] {base.py:271} INFO - POST http://elasticsearch:9200/logistics_project/doc [status:201 request:0.033s]
[2025-08-29T18:48:13.453+0000] {base.py:271} INFO - POST http://elasticsearch:9200/logistics_project/doc [status:201 request:0.108s]
[2025-08-29T18:48:13.514+0000] {base.py:271} INFO - POST http://elasticsearch:9200/logistics_project/doc [status:201 request:0.046s]
[2025-08-29T18:48:13.561+0000] {base.py:271} INFO - POST http://elasticsearch:9200/logistics_project/doc [status:201 request:0.030s]
[2025-08-29T18:48:13.697+0000] {base.py:271} INFO - POST http://elasticsearch:9200/logistics_project/doc [status:201 request:0.099s]
[2025-08-29T18:48:13.736+0000] {base.py:271} INFO - POST http://elasticsearch:9200/logistics_project/doc [status:201 request:0.032s]
[2025-08-29T18:48:13.797+0000] {base.py:271} INFO - POST http://elasticsearch:9200/logistics_project/doc [status:201 request:0.055s]
[2025-08-29T18:48:13.820+0000] {base.py:271} INFO - POST http://elasticsearch:9200/logistics_project/doc [status:201 request:0.015s]
[2025-08-29T18:48:13.877+0000] {base.py:271} INFO - POST http://elasticsearch:9200/logistics_project/doc [status:201 request:0.054s]
[2025-08-29T18:48:13.941+0000] {base.py:271} INFO - POST http://elasticsearch:9200/logistics_project/doc [status:201 request:0.047s]
[2025-08-29T18:48:14.003+0000] {base.py:271} INFO - POST http://elasticsearch:9200/logistics_project/doc [status:201 request:0.058s]
[2025-08-29T18:48:14.103+0000] {base.py:271} INFO - POST http://elasticsearch:9200/logistics_project/doc [status:201 request:0.091s]
[2025-08-29T18:48:14.155+0000] {base.py:271} INFO - POST http://elasticsearch:9200/logistics_project/doc [status:201 request:0.042s]
[2025-08-29T18:48:14.192+0000] {base.py:271} INFO - POST http://elasticsearch:9200/logistics_project/doc [status:201 request:0.033s]
[2025-08-29T18:48:14.238+0000] {base.py:271} INFO - POST http://elasticsearch:9200/logistics_project/doc [status:201 request:0.039s]
[2025-08-29T18:48:14.300+0000] {base.py:271} INFO - POST http://elasticsearch:9200/logistics_project/doc [status:201 request:0.059s]
[2025-08-29T18:48:14.469+0000] {base.py:271} INFO - POST http://elasticsearch:9200/logistics_project/doc [status:201 request:0.106s]
[2025-08-29T18:48:14.519+0000] {base.py:271} INFO - POST http://elasticsearch:9200/logistics_project/doc [status:201 request:0.043s]
[2025-08-29T18:48:14.555+0000] {base.py:271} INFO - POST http://elasticsearch:9200/logistics_project/doc [status:201 request:0.033s]
[2025-08-29T18:48:14.649+0000] {base.py:271} INFO - POST http://elasticsearch:9200/logistics_project/doc [status:201 request:0.089s]
[2025-08-29T18:48:14.712+0000] {base.py:271} INFO - POST http://elasticsearch:9200/logistics_project/doc [status:201 request:0.052s]
[2025-08-29T18:48:14.740+0000] {base.py:271} INFO - POST http://elasticsearch:9200/logistics_project/doc [status:201 request:0.026s]
[2025-08-29T18:48:14.772+0000] {base.py:271} INFO - POST http://elasticsearch:9200/logistics_project/doc [status:201 request:0.027s]
[2025-08-29T18:48:14.863+0000] {base.py:271} INFO - POST http://elasticsearch:9200/logistics_project/doc [status:201 request:0.083s]
[2025-08-29T18:48:14.891+0000] {base.py:271} INFO - POST http://elasticsearch:9200/logistics_project/doc [status:201 request:0.022s]
[2025-08-29T18:48:14.932+0000] {base.py:271} INFO - POST http://elasticsearch:9200/logistics_project/doc [status:201 request:0.038s]
[2025-08-29T18:48:14.963+0000] {base.py:271} INFO - POST http://elasticsearch:9200/logistics_project/doc [status:201 request:0.023s]
[2025-08-29T18:48:15.041+0000] {base.py:271} INFO - POST http://elasticsearch:9200/logistics_project/doc [status:201 request:0.056s]
[2025-08-29T18:48:15.079+0000] {base.py:271} INFO - POST http://elasticsearch:9200/logistics_project/doc [status:201 request:0.034s]
[2025-08-29T18:48:15.139+0000] {base.py:271} INFO - POST http://elasticsearch:9200/logistics_project/doc [status:201 request:0.053s]
[2025-08-29T18:48:15.175+0000] {base.py:271} INFO - POST http://elasticsearch:9200/logistics_project/doc [status:201 request:0.033s]
[2025-08-29T18:48:15.242+0000] {base.py:271} INFO - POST http://elasticsearch:9200/logistics_project/doc [status:201 request:0.064s]
[2025-08-29T18:48:15.307+0000] {base.py:271} INFO - POST http://elasticsearch:9200/logistics_project/doc [status:201 request:0.053s]
[2025-08-29T18:48:15.338+0000] {base.py:271} INFO - POST http://elasticsearch:9200/logistics_project/doc [status:201 request:0.027s]
[2025-08-29T18:48:15.363+0000] {base.py:271} INFO - POST http://elasticsearch:9200/logistics_project/doc [status:201 request:0.020s]
[2025-08-29T18:48:15.389+0000] {base.py:271} INFO - POST http://elasticsearch:9200/logistics_project/doc [status:201 request:0.020s]
[2025-08-29T18:48:15.418+0000] {base.py:271} INFO - POST http://elasticsearch:9200/logistics_project/doc [status:201 request:0.024s]
[2025-08-29T18:48:15.477+0000] {base.py:271} INFO - POST http://elasticsearch:9200/logistics_project/doc [status:201 request:0.053s]
[2025-08-29T18:48:15.514+0000] {base.py:271} INFO - POST http://elasticsearch:9200/logistics_project/doc [status:201 request:0.029s]
[2025-08-29T18:48:15.539+0000] {base.py:271} INFO - POST http://elasticsearch:9200/logistics_project/doc [status:201 request:0.021s]
[2025-08-29T18:48:15.592+0000] {base.py:271} INFO - POST http://elasticsearch:9200/logistics_project/doc [status:201 request:0.049s]
[2025-08-29T18:48:15.635+0000] {base.py:271} INFO - POST http://elasticsearch:9200/logistics_project/doc [status:201 request:0.041s]
[2025-08-29T18:48:15.676+0000] {base.py:271} INFO - POST http://elasticsearch:9200/logistics_project/doc [status:201 request:0.039s]
[2025-08-29T18:48:15.707+0000] {base.py:271} INFO - POST http://elasticsearch:9200/logistics_project/doc [status:201 request:0.027s]
[2025-08-29T18:48:15.740+0000] {base.py:271} INFO - POST http://elasticsearch:9200/logistics_project/doc [status:201 request:0.027s]
[2025-08-29T18:48:15.777+0000] {base.py:271} INFO - POST http://elasticsearch:9200/logistics_project/doc [status:201 request:0.032s]
[2025-08-29T18:48:15.807+0000] {base.py:271} INFO - POST http://elasticsearch:9200/logistics_project/doc [status:201 request:0.027s]
[2025-08-29T18:48:15.847+0000] {base.py:271} INFO - POST http://elasticsearch:9200/logistics_project/doc [status:201 request:0.033s]
[2025-08-29T18:48:15.870+0000] {base.py:271} INFO - POST http://elasticsearch:9200/logistics_project/doc [status:201 request:0.018s]
[2025-08-29T18:48:15.884+0000] {base.py:271} INFO - POST http://elasticsearch:9200/logistics_project/doc [status:201 request:0.011s]
[2025-08-29T18:48:15.907+0000] {base.py:271} INFO - POST http://elasticsearch:9200/logistics_project/doc [status:201 request:0.019s]
[2025-08-29T18:48:15.928+0000] {base.py:271} INFO - POST http://elasticsearch:9200/logistics_project/doc [status:201 request:0.015s]
[2025-08-29T18:48:15.955+0000] {base.py:271} INFO - POST http://elasticsearch:9200/logistics_project/doc [status:201 request:0.024s]
[2025-08-29T18:48:15.990+0000] {base.py:271} INFO - POST http://elasticsearch:9200/logistics_project/doc [status:201 request:0.026s]
[2025-08-29T18:48:16.089+0000] {base.py:271} INFO - POST http://elasticsearch:9200/logistics_project/doc [status:201 request:0.091s]
[2025-08-29T18:48:16.146+0000] {base.py:271} INFO - POST http://elasticsearch:9200/logistics_project/doc [status:201 request:0.049s]
[2025-08-29T18:48:16.230+0000] {base.py:271} INFO - POST http://elasticsearch:9200/logistics_project/doc [status:201 request:0.065s]
[2025-08-29T18:48:16.313+0000] {base.py:271} INFO - POST http://elasticsearch:9200/logistics_project/doc [status:201 request:0.057s]
[2025-08-29T18:48:16.383+0000] {base.py:271} INFO - POST http://elasticsearch:9200/logistics_project/doc [status:201 request:0.036s]
[2025-08-29T18:48:16.415+0000] {base.py:271} INFO - POST http://elasticsearch:9200/logistics_project/doc [status:201 request:0.029s]
[2025-08-29T18:48:16.480+0000] {base.py:271} INFO - POST http://elasticsearch:9200/logistics_project/doc [status:201 request:0.048s]
[2025-08-29T18:48:16.550+0000] {base.py:271} INFO - POST http://elasticsearch:9200/logistics_project/doc [status:201 request:0.055s]
[2025-08-29T18:48:16.590+0000] {base.py:271} INFO - POST http://elasticsearch:9200/logistics_project/doc [status:201 request:0.032s]
[2025-08-29T18:48:16.626+0000] {base.py:271} INFO - POST http://elasticsearch:9200/logistics_project/doc [status:201 request:0.031s]
[2025-08-29T18:48:16.661+0000] {base.py:271} INFO - POST http://elasticsearch:9200/logistics_project/doc [status:201 request:0.030s]
[2025-08-29T18:48:16.690+0000] {base.py:271} INFO - POST http://elasticsearch:9200/logistics_project/doc [status:201 request:0.020s]
[2025-08-29T18:48:16.720+0000] {base.py:271} INFO - POST http://elasticsearch:9200/logistics_project/doc [status:201 request:0.027s]
[2025-08-29T18:48:16.803+0000] {base.py:271} INFO - POST http://elasticsearch:9200/logistics_project/doc [status:201 request:0.070s]
[2025-08-29T18:48:16.830+0000] {base.py:271} INFO - POST http://elasticsearch:9200/logistics_project/doc [status:201 request:0.021s]
[2025-08-29T18:48:16.856+0000] {base.py:271} INFO - POST http://elasticsearch:9200/logistics_project/doc [status:201 request:0.020s]
[2025-08-29T18:48:16.903+0000] {base.py:271} INFO - POST http://elasticsearch:9200/logistics_project/doc [status:201 request:0.043s]
[2025-08-29T18:48:16.946+0000] {base.py:271} INFO - POST http://elasticsearch:9200/logistics_project/doc [status:201 request:0.035s]
[2025-08-29T18:48:16.976+0000] {base.py:271} INFO - POST http://elasticsearch:9200/logistics_project/doc [status:201 request:0.028s]
[2025-08-29T18:48:17.015+0000] {base.py:271} INFO - POST http://elasticsearch:9200/logistics_project/doc [status:201 request:0.031s]
[2025-08-29T18:48:17.055+0000] {base.py:271} INFO - POST http://elasticsearch:9200/logistics_project/doc [status:201 request:0.038s]
[2025-08-29T18:48:17.125+0000] {base.py:271} INFO - POST http://elasticsearch:9200/logistics_project/doc [status:201 request:0.054s]
[2025-08-29T18:48:17.158+0000] {base.py:271} INFO - POST http://elasticsearch:9200/logistics_project/doc [status:201 request:0.026s]
[2025-08-29T18:48:17.225+0000] {base.py:271} INFO - POST http://elasticsearch:9200/logistics_project/doc [status:201 request:0.047s]
[2025-08-29T18:48:17.260+0000] {base.py:271} INFO - POST http://elasticsearch:9200/logistics_project/doc [status:201 request:0.033s]
[2025-08-29T18:48:17.292+0000] {base.py:271} INFO - POST http://elasticsearch:9200/logistics_project/doc [status:201 request:0.029s]
[2025-08-29T18:48:18.222+0000] {base.py:271} INFO - POST http://elasticsearch:9200/logistics_project/doc [status:201 request:0.911s]
[2025-08-29T18:48:18.534+0000] {base.py:271} INFO - POST http://elasticsearch:9200/logistics_project/doc [status:201 request:0.161s]
[2025-08-29T18:48:18.646+0000] {base.py:271} INFO - POST http://elasticsearch:9200/logistics_project/doc [status:201 request:0.083s]
[2025-08-29T18:48:18.893+0000] {base.py:271} INFO - POST http://elasticsearch:9200/logistics_project/doc [status:201 request:0.056s]
[2025-08-29T18:48:19.015+0000] {base.py:271} INFO - POST http://elasticsearch:9200/logistics_project/doc [status:201 request:0.113s]
[2025-08-29T18:48:19.137+0000] {base.py:271} INFO - POST http://elasticsearch:9200/logistics_project/doc [status:201 request:0.092s]
[2025-08-29T18:48:19.360+0000] {base.py:271} INFO - POST http://elasticsearch:9200/logistics_project/doc [status:201 request:0.153s]
[2025-08-29T18:48:20.041+0000] {base.py:271} INFO - POST http://elasticsearch:9200/logistics_project/doc [status:201 request:0.512s]
[2025-08-29T18:48:20.475+0000] {base.py:271} INFO - POST http://elasticsearch:9200/logistics_project/doc [status:201 request:0.204s]
[2025-08-29T18:48:20.867+0000] {base.py:271} INFO - POST http://elasticsearch:9200/logistics_project/doc [status:201 request:0.304s]
[2025-08-29T18:48:21.704+0000] {base.py:271} INFO - POST http://elasticsearch:9200/logistics_project/doc [status:201 request:0.530s]
[2025-08-29T18:48:22.435+0000] {base.py:271} INFO - POST http://elasticsearch:9200/logistics_project/doc [status:201 request:0.318s]
[2025-08-29T18:48:23.684+0000] {base.py:271} INFO - POST http://elasticsearch:9200/logistics_project/doc [status:201 request:0.656s]
[2025-08-29T18:48:24.083+0000] {base.py:271} INFO - POST http://elasticsearch:9200/logistics_project/doc [status:201 request:0.186s]
[2025-08-29T18:48:24.144+0000] {base.py:271} INFO - POST http://elasticsearch:9200/logistics_project/doc [status:201 request:0.038s]
[2025-08-29T18:48:24.258+0000] {base.py:271} INFO - POST http://elasticsearch:9200/logistics_project/doc [status:201 request:0.100s]
[2025-08-29T18:48:24.468+0000] {base.py:271} INFO - POST http://elasticsearch:9200/logistics_project/doc [status:201 request:0.091s]
[2025-08-29T18:48:24.539+0000] {base.py:271} INFO - POST http://elasticsearch:9200/logistics_project/doc [status:201 request:0.059s]
[2025-08-29T18:48:24.622+0000] {base.py:271} INFO - POST http://elasticsearch:9200/logistics_project/doc [status:201 request:0.078s]
[2025-08-29T18:48:24.773+0000] {base.py:271} INFO - POST http://elasticsearch:9200/logistics_project/doc [status:201 request:0.121s]
[2025-08-29T18:48:24.881+0000] {base.py:271} INFO - POST http://elasticsearch:9200/logistics_project/doc [status:201 request:0.095s]
[2025-08-29T18:48:25.072+0000] {base.py:271} INFO - POST http://elasticsearch:9200/logistics_project/doc [status:201 request:0.166s]
[2025-08-29T18:48:25.313+0000] {base.py:271} INFO - POST http://elasticsearch:9200/logistics_project/doc [status:201 request:0.236s]
[2025-08-29T18:48:25.508+0000] {base.py:271} INFO - POST http://elasticsearch:9200/logistics_project/doc [status:201 request:0.089s]
[2025-08-29T18:48:25.592+0000] {base.py:271} INFO - POST http://elasticsearch:9200/logistics_project/doc [status:201 request:0.038s]
[2025-08-29T18:48:25.926+0000] {base.py:271} INFO - POST http://elasticsearch:9200/logistics_project/doc [status:201 request:0.291s]
[2025-08-29T18:48:26.086+0000] {base.py:271} INFO - POST http://elasticsearch:9200/logistics_project/doc [status:201 request:0.088s]
[2025-08-29T18:48:26.176+0000] {base.py:271} INFO - POST http://elasticsearch:9200/logistics_project/doc [status:201 request:0.076s]
[2025-08-29T18:48:26.314+0000] {base.py:271} INFO - POST http://elasticsearch:9200/logistics_project/doc [status:201 request:0.071s]
[2025-08-29T18:48:26.434+0000] {base.py:271} INFO - POST http://elasticsearch:9200/logistics_project/doc [status:201 request:0.072s]
[2025-08-29T18:48:26.517+0000] {base.py:271} INFO - POST http://elasticsearch:9200/logistics_project/doc [status:201 request:0.070s]
[2025-08-29T18:48:26.581+0000] {base.py:271} INFO - POST http://elasticsearch:9200/logistics_project/doc [status:201 request:0.054s]
[2025-08-29T18:48:26.644+0000] {base.py:271} INFO - POST http://elasticsearch:9200/logistics_project/doc [status:201 request:0.047s]
[2025-08-29T18:48:26.772+0000] {base.py:271} INFO - POST http://elasticsearch:9200/logistics_project/doc [status:201 request:0.106s]
[2025-08-29T18:48:26.852+0000] {base.py:271} INFO - POST http://elasticsearch:9200/logistics_project/doc [status:201 request:0.048s]
[2025-08-29T18:48:27.063+0000] {base.py:271} INFO - POST http://elasticsearch:9200/logistics_project/doc [status:201 request:0.195s]
[2025-08-29T18:48:27.168+0000] {base.py:271} INFO - POST http://elasticsearch:9200/logistics_project/doc [status:201 request:0.082s]
[2025-08-29T18:48:27.722+0000] {base.py:271} INFO - POST http://elasticsearch:9200/logistics_project/doc [status:201 request:0.536s]
[2025-08-29T18:48:28.869+0000] {base.py:271} INFO - POST http://elasticsearch:9200/logistics_project/doc [status:201 request:0.572s]
[2025-08-29T18:48:30.653+0000] {base.py:299} WARNING - POST http://elasticsearch:9200/logistics_project/doc [status:N/A request:0.984s]
Traceback (most recent call last):
  File "/home/airflow/.local/lib/python3.7/site-packages/urllib3/connectionpool.py", line 710, in urlopen
    chunked=chunked,
  File "/home/airflow/.local/lib/python3.7/site-packages/urllib3/connectionpool.py", line 449, in _make_request
    six.raise_from(e, None)
  File "<string>", line 3, in raise_from
  File "/home/airflow/.local/lib/python3.7/site-packages/urllib3/connectionpool.py", line 444, in _make_request
    httplib_response = conn.getresponse()
  File "/usr/local/lib/python3.7/http/client.py", line 1373, in getresponse
    response.begin()
  File "/usr/local/lib/python3.7/http/client.py", line 319, in begin
    version, status, reason = self._read_status()
  File "/usr/local/lib/python3.7/http/client.py", line 280, in _read_status
    line = str(self.fp.readline(_MAXLINE + 1), "iso-8859-1")
  File "/usr/local/lib/python3.7/socket.py", line 589, in readinto
    return self._sock.recv_into(b)
ConnectionResetError: [Errno 104] Connection reset by peer

During handling of the above exception, another exception occurred:

Traceback (most recent call last):
  File "/home/airflow/.local/lib/python3.7/site-packages/elasticsearch/connection/http_urllib3.py", line 252, in perform_request
    method, url, body, retries=Retry(False), headers=request_headers, **kw
  File "/home/airflow/.local/lib/python3.7/site-packages/urllib3/connectionpool.py", line 788, in urlopen
    method, url, error=e, _pool=self, _stacktrace=sys.exc_info()[2]
  File "/home/airflow/.local/lib/python3.7/site-packages/urllib3/util/retry.py", line 525, in increment
    raise six.reraise(type(error), error, _stacktrace)
  File "/home/airflow/.local/lib/python3.7/site-packages/urllib3/packages/six.py", line 769, in reraise
    raise value.with_traceback(tb)
  File "/home/airflow/.local/lib/python3.7/site-packages/urllib3/connectionpool.py", line 710, in urlopen
    chunked=chunked,
  File "/home/airflow/.local/lib/python3.7/site-packages/urllib3/connectionpool.py", line 449, in _make_request
    six.raise_from(e, None)
  File "<string>", line 3, in raise_from
  File "/home/airflow/.local/lib/python3.7/site-packages/urllib3/connectionpool.py", line 444, in _make_request
    httplib_response = conn.getresponse()
  File "/usr/local/lib/python3.7/http/client.py", line 1373, in getresponse
    response.begin()
  File "/usr/local/lib/python3.7/http/client.py", line 319, in begin
    version, status, reason = self._read_status()
  File "/usr/local/lib/python3.7/http/client.py", line 280, in _read_status
    line = str(self.fp.readline(_MAXLINE + 1), "iso-8859-1")
  File "/usr/local/lib/python3.7/socket.py", line 589, in readinto
    return self._sock.recv_into(b)
urllib3.exceptions.ProtocolError: ('Connection aborted.', ConnectionResetError(104, 'Connection reset by peer'))
[2025-08-29T18:48:31.346+0000] {base.py:299} WARNING - POST http://elasticsearch:9200/logistics_project/doc [status:N/A request:0.240s]
Traceback (most recent call last):
  File "/home/airflow/.local/lib/python3.7/site-packages/urllib3/connection.py", line 175, in _new_conn
    (self._dns_host, self.port), self.timeout, **extra_kw
  File "/home/airflow/.local/lib/python3.7/site-packages/urllib3/util/connection.py", line 95, in create_connection
    raise err
  File "/home/airflow/.local/lib/python3.7/site-packages/urllib3/util/connection.py", line 85, in create_connection
    sock.connect(sa)
ConnectionRefusedError: [Errno 111] Connection refused

During handling of the above exception, another exception occurred:

Traceback (most recent call last):
  File "/home/airflow/.local/lib/python3.7/site-packages/elasticsearch/connection/http_urllib3.py", line 252, in perform_request
    method, url, body, retries=Retry(False), headers=request_headers, **kw
  File "/home/airflow/.local/lib/python3.7/site-packages/urllib3/connectionpool.py", line 788, in urlopen
    method, url, error=e, _pool=self, _stacktrace=sys.exc_info()[2]
  File "/home/airflow/.local/lib/python3.7/site-packages/urllib3/util/retry.py", line 525, in increment
    raise six.reraise(type(error), error, _stacktrace)
  File "/home/airflow/.local/lib/python3.7/site-packages/urllib3/packages/six.py", line 770, in reraise
    raise value
  File "/home/airflow/.local/lib/python3.7/site-packages/urllib3/connectionpool.py", line 710, in urlopen
    chunked=chunked,
  File "/home/airflow/.local/lib/python3.7/site-packages/urllib3/connectionpool.py", line 398, in _make_request
    conn.request(method, url, **httplib_request_kw)
  File "/home/airflow/.local/lib/python3.7/site-packages/urllib3/connection.py", line 239, in request
    super(HTTPConnection, self).request(method, url, body=body, headers=headers)
  File "/usr/local/lib/python3.7/http/client.py", line 1281, in request
    self._send_request(method, url, body, headers, encode_chunked)
  File "/usr/local/lib/python3.7/http/client.py", line 1327, in _send_request
    self.endheaders(body, encode_chunked=encode_chunked)
  File "/usr/local/lib/python3.7/http/client.py", line 1276, in endheaders
    self._send_output(message_body, encode_chunked=encode_chunked)
  File "/usr/local/lib/python3.7/http/client.py", line 1036, in _send_output
    self.send(msg)
  File "/usr/local/lib/python3.7/http/client.py", line 976, in send
    self.connect()
  File "/home/airflow/.local/lib/python3.7/site-packages/urllib3/connection.py", line 205, in connect
    conn = self._new_conn()
  File "/home/airflow/.local/lib/python3.7/site-packages/urllib3/connection.py", line 187, in _new_conn
    self, "Failed to establish a new connection: %s" % e
urllib3.exceptions.NewConnectionError: <urllib3.connection.HTTPConnection object at 0xffff98c23510>: Failed to establish a new connection: [Errno 111] Connection refused
[2025-08-29T18:48:31.389+0000] {base.py:299} WARNING - POST http://elasticsearch:9200/logistics_project/doc [status:N/A request:0.010s]
Traceback (most recent call last):
  File "/home/airflow/.local/lib/python3.7/site-packages/urllib3/connection.py", line 175, in _new_conn
    (self._dns_host, self.port), self.timeout, **extra_kw
  File "/home/airflow/.local/lib/python3.7/site-packages/urllib3/util/connection.py", line 95, in create_connection
    raise err
  File "/home/airflow/.local/lib/python3.7/site-packages/urllib3/util/connection.py", line 85, in create_connection
    sock.connect(sa)
ConnectionRefusedError: [Errno 111] Connection refused

During handling of the above exception, another exception occurred:

Traceback (most recent call last):
  File "/home/airflow/.local/lib/python3.7/site-packages/elasticsearch/connection/http_urllib3.py", line 252, in perform_request
    method, url, body, retries=Retry(False), headers=request_headers, **kw
  File "/home/airflow/.local/lib/python3.7/site-packages/urllib3/connectionpool.py", line 788, in urlopen
    method, url, error=e, _pool=self, _stacktrace=sys.exc_info()[2]
  File "/home/airflow/.local/lib/python3.7/site-packages/urllib3/util/retry.py", line 525, in increment
    raise six.reraise(type(error), error, _stacktrace)
  File "/home/airflow/.local/lib/python3.7/site-packages/urllib3/packages/six.py", line 770, in reraise
    raise value
  File "/home/airflow/.local/lib/python3.7/site-packages/urllib3/connectionpool.py", line 710, in urlopen
    chunked=chunked,
  File "/home/airflow/.local/lib/python3.7/site-packages/urllib3/connectionpool.py", line 398, in _make_request
    conn.request(method, url, **httplib_request_kw)
  File "/home/airflow/.local/lib/python3.7/site-packages/urllib3/connection.py", line 239, in request
    super(HTTPConnection, self).request(method, url, body=body, headers=headers)
  File "/usr/local/lib/python3.7/http/client.py", line 1281, in request
    self._send_request(method, url, body, headers, encode_chunked)
  File "/usr/local/lib/python3.7/http/client.py", line 1327, in _send_request
    self.endheaders(body, encode_chunked=encode_chunked)
  File "/usr/local/lib/python3.7/http/client.py", line 1276, in endheaders
    self._send_output(message_body, encode_chunked=encode_chunked)
  File "/usr/local/lib/python3.7/http/client.py", line 1036, in _send_output
    self.send(msg)
  File "/usr/local/lib/python3.7/http/client.py", line 976, in send
    self.connect()
  File "/home/airflow/.local/lib/python3.7/site-packages/urllib3/connection.py", line 205, in connect
    conn = self._new_conn()
  File "/home/airflow/.local/lib/python3.7/site-packages/urllib3/connection.py", line 187, in _new_conn
    self, "Failed to establish a new connection: %s" % e
urllib3.exceptions.NewConnectionError: <urllib3.connection.HTTPConnection object at 0xffff98b54810>: Failed to establish a new connection: [Errno 111] Connection refused
[2025-08-29T18:48:31.449+0000] {base.py:299} WARNING - POST http://elasticsearch:9200/logistics_project/doc [status:N/A request:0.044s]
Traceback (most recent call last):
  File "/home/airflow/.local/lib/python3.7/site-packages/urllib3/connection.py", line 175, in _new_conn
    (self._dns_host, self.port), self.timeout, **extra_kw
  File "/home/airflow/.local/lib/python3.7/site-packages/urllib3/util/connection.py", line 95, in create_connection
    raise err
  File "/home/airflow/.local/lib/python3.7/site-packages/urllib3/util/connection.py", line 85, in create_connection
    sock.connect(sa)
ConnectionRefusedError: [Errno 111] Connection refused

During handling of the above exception, another exception occurred:

Traceback (most recent call last):
  File "/home/airflow/.local/lib/python3.7/site-packages/elasticsearch/connection/http_urllib3.py", line 252, in perform_request
    method, url, body, retries=Retry(False), headers=request_headers, **kw
  File "/home/airflow/.local/lib/python3.7/site-packages/urllib3/connectionpool.py", line 788, in urlopen
    method, url, error=e, _pool=self, _stacktrace=sys.exc_info()[2]
  File "/home/airflow/.local/lib/python3.7/site-packages/urllib3/util/retry.py", line 525, in increment
    raise six.reraise(type(error), error, _stacktrace)
  File "/home/airflow/.local/lib/python3.7/site-packages/urllib3/packages/six.py", line 770, in reraise
    raise value
  File "/home/airflow/.local/lib/python3.7/site-packages/urllib3/connectionpool.py", line 710, in urlopen
    chunked=chunked,
  File "/home/airflow/.local/lib/python3.7/site-packages/urllib3/connectionpool.py", line 398, in _make_request
    conn.request(method, url, **httplib_request_kw)
  File "/home/airflow/.local/lib/python3.7/site-packages/urllib3/connection.py", line 239, in request
    super(HTTPConnection, self).request(method, url, body=body, headers=headers)
  File "/usr/local/lib/python3.7/http/client.py", line 1281, in request
    self._send_request(method, url, body, headers, encode_chunked)
  File "/usr/local/lib/python3.7/http/client.py", line 1327, in _send_request
    self.endheaders(body, encode_chunked=encode_chunked)
  File "/usr/local/lib/python3.7/http/client.py", line 1276, in endheaders
    self._send_output(message_body, encode_chunked=encode_chunked)
  File "/usr/local/lib/python3.7/http/client.py", line 1036, in _send_output
    self.send(msg)
  File "/usr/local/lib/python3.7/http/client.py", line 976, in send
    self.connect()
  File "/home/airflow/.local/lib/python3.7/site-packages/urllib3/connection.py", line 205, in connect
    conn = self._new_conn()
  File "/home/airflow/.local/lib/python3.7/site-packages/urllib3/connection.py", line 187, in _new_conn
    self, "Failed to establish a new connection: %s" % e
urllib3.exceptions.NewConnectionError: <urllib3.connection.HTTPConnection object at 0xffff98a7ecd0>: Failed to establish a new connection: [Errno 111] Connection refused
[2025-08-29T18:48:31.577+0000] {taskinstance.py:1902} ERROR - Task failed with exception
Traceback (most recent call last):
  File "/home/airflow/.local/lib/python3.7/site-packages/urllib3/connection.py", line 175, in _new_conn
    (self._dns_host, self.port), self.timeout, **extra_kw
  File "/home/airflow/.local/lib/python3.7/site-packages/urllib3/util/connection.py", line 95, in create_connection
    raise err
  File "/home/airflow/.local/lib/python3.7/site-packages/urllib3/util/connection.py", line 85, in create_connection
    sock.connect(sa)
ConnectionRefusedError: [Errno 111] Connection refused

During handling of the above exception, another exception occurred:

Traceback (most recent call last):
  File "/home/airflow/.local/lib/python3.7/site-packages/elasticsearch/connection/http_urllib3.py", line 252, in perform_request
    method, url, body, retries=Retry(False), headers=request_headers, **kw
  File "/home/airflow/.local/lib/python3.7/site-packages/urllib3/connectionpool.py", line 788, in urlopen
    method, url, error=e, _pool=self, _stacktrace=sys.exc_info()[2]
  File "/home/airflow/.local/lib/python3.7/site-packages/urllib3/util/retry.py", line 525, in increment
    raise six.reraise(type(error), error, _stacktrace)
  File "/home/airflow/.local/lib/python3.7/site-packages/urllib3/packages/six.py", line 770, in reraise
    raise value
  File "/home/airflow/.local/lib/python3.7/site-packages/urllib3/connectionpool.py", line 710, in urlopen
    chunked=chunked,
  File "/home/airflow/.local/lib/python3.7/site-packages/urllib3/connectionpool.py", line 398, in _make_request
    conn.request(method, url, **httplib_request_kw)
  File "/home/airflow/.local/lib/python3.7/site-packages/urllib3/connection.py", line 239, in request
    super(HTTPConnection, self).request(method, url, body=body, headers=headers)
  File "/usr/local/lib/python3.7/http/client.py", line 1281, in request
    self._send_request(method, url, body, headers, encode_chunked)
  File "/usr/local/lib/python3.7/http/client.py", line 1327, in _send_request
    self.endheaders(body, encode_chunked=encode_chunked)
  File "/usr/local/lib/python3.7/http/client.py", line 1276, in endheaders
    self._send_output(message_body, encode_chunked=encode_chunked)
  File "/usr/local/lib/python3.7/http/client.py", line 1036, in _send_output
    self.send(msg)
  File "/usr/local/lib/python3.7/http/client.py", line 976, in send
    self.connect()
  File "/home/airflow/.local/lib/python3.7/site-packages/urllib3/connection.py", line 205, in connect
    conn = self._new_conn()
  File "/home/airflow/.local/lib/python3.7/site-packages/urllib3/connection.py", line 187, in _new_conn
    self, "Failed to establish a new connection: %s" % e
urllib3.exceptions.NewConnectionError: <urllib3.connection.HTTPConnection object at 0xffff98a7ecd0>: Failed to establish a new connection: [Errno 111] Connection refused

During handling of the above exception, another exception occurred:

Traceback (most recent call last):
  File "/home/airflow/.local/lib/python3.7/site-packages/airflow/decorators/base.py", line 179, in execute
    return_value = super().execute(context)
  File "/home/airflow/.local/lib/python3.7/site-packages/airflow/operators/python.py", line 171, in execute
    return_value = self.execute_callable()
  File "/home/airflow/.local/lib/python3.7/site-packages/airflow/operators/python.py", line 189, in execute_callable
    return self.python_callable(*self.op_args, **self.op_kwargs)
  File "/opt/airflow/dags/P2M3_muhammad_al_ghifari_DAG.py", line 174, in load
    res=es.index(index="logistics_project", doc_type="doc", body=row.to_json())
  File "/home/airflow/.local/lib/python3.7/site-packages/elasticsearch/client/utils.py", line 168, in _wrapped
    return func(*args, params=params, headers=headers, **kwargs)
  File "/home/airflow/.local/lib/python3.7/site-packages/elasticsearch/client/__init__.py", line 411, in index
    body=body,
  File "/home/airflow/.local/lib/python3.7/site-packages/elasticsearch/transport.py", line 413, in perform_request
    raise e
  File "/home/airflow/.local/lib/python3.7/site-packages/elasticsearch/transport.py", line 388, in perform_request
    timeout=timeout,
  File "/home/airflow/.local/lib/python3.7/site-packages/elasticsearch/connection/http_urllib3.py", line 266, in perform_request
    raise ConnectionError("N/A", str(e), e)
elasticsearch.exceptions.ConnectionError: ConnectionError(<urllib3.connection.HTTPConnection object at 0xffff98a7ecd0>: Failed to establish a new connection: [Errno 111] Connection refused) caused by: NewConnectionError(<urllib3.connection.HTTPConnection object at 0xffff98a7ecd0>: Failed to establish a new connection: [Errno 111] Connection refused)
[2025-08-29T18:48:32.737+0000] {taskinstance.py:1412} INFO - Marking task as FAILED. dag_id=etl_P2M3_muhammad_al_ghifari, task_id=load, execution_date=20250426T022000, start_date=20250829T184650, end_date=20250829T184832
[2025-08-29T18:48:35.247+0000] {standard_task_runner.py:97} ERROR - Failed to execute job 187 for task load (ConnectionError(<urllib3.connection.HTTPConnection object at 0xffff98a7ecd0>: Failed to establish a new connection: [Errno 111] Connection refused) caused by: NewConnectionError(<urllib3.connection.HTTPConnection object at 0xffff98a7ecd0>: Failed to establish a new connection: [Errno 111] Connection refused); 238)
[2025-08-29T18:48:37.844+0000] {local_task_job.py:156} INFO - Task exited with return code 1
[2025-08-29T18:48:39.454+0000] {local_task_job.py:279} INFO - 0 downstream tasks scheduled from follow-on schedule check
